{"ts":m: 44, s: 31, ml: 172,"t":"info","m":"Started"}
{"ts":m: 44, s: 31, ml: 181,"t":"info","m":"Start Time"}
{"ts":m: 46, s: 2, ml: 60,"t":"info","m":"Pet: 0.1172485"}
{"ts":m: 46, s: 4, ml: 473,"t":"info","m":"Pet: 0.1676636"}
{"ts":m: 46, s: 6, ml: 757,"t":"info","m":"Pet: 0.1506958"}
{"ts":m: 46, s: 10, ml: 941,"t":"info","m":"Pet: 1.966797"}
{"ts":m: 46, s: 16, ml: 526,"t":"info","m":"Pet: 5.000732"}
{"ts":m: 47, s: 13, ml: 827,"t":"info","m":"CHOICE 2: Guard Stairs (Lock)"}
{"ts":m: 47, s: 14, ml: 460,"t":"info","m":"CHOICE 2: Guard Stairs (Lock)"}
{"ts":m: 47, s: 15, ml: 228,"t":"info","m":"CHOICE 2: Guard Stairs (Lock)"}
{"ts":m: 47, s: 15, ml: 810,"t":"info","m":"CHOICE 2: Guard Stairs (Lock)"}
{"ts":m: 47, s: 17, ml: 812,"t":"info","m":"End Act 0"}
{"ts":m: 47, s: 18, ml: 12,"t":"info","m":"CHOICE 2: Guard Stairs (Lock)"}
{"ts":m: 47, s: 18, ml: 611,"t":"info","m":"CHOICE 2: Guard Stairs (Lock)"}
{"ts":m: 47, s: 19, ml: 645,"t":"info","m":"CHOICE 2: Guard Stairs (Lock)"}
{"ts":m: 47, s: 59, ml: 464,"t":"info","m":"Hold Time - Drown: 0.4006348"}
{"ts":m: 48, s: 5, ml: 731,"t":"info","m":"Hold Time - Drown: 5"}
{"ts":m: 48, s: 5, ml: 731,"t":"info","m":"End Act 1"}
{"ts":m: 48, s: 5, ml: 731,"t":"info","m":"CHOICE 1: Drown"}
{"ts":m: 48, s: 5, ml: 731,"t":"info","m":"End Act 1"}
{"ts":m: 48, s: 5, ml: 731,"t":"info","m":"CHOICE 1: Drown"}
{"ts":m: 49, s: 4, ml: 185,"t":"info","m":"*[Un]lock"}
{"ts":m: 49, s: 21, ml: 820,"t":"info","m":"CHOICE 2: Unlock"}
{"ts":m: 49, s: 56, ml: 88,"t":"info","m":"CHOICE 3: Prisoner Stairs"}
{"ts":m: 50, s: 0, ml: 216,"t":"info","m":"End Time"}
{"ts":m: 50, s: 23, ml: 789,"t":"info","m":"Stopped"}
