{"ts":m: 26, s: 52, ml: 27,"t":"info","m":"Started"}
{"ts":m: 26, s: 52, ml: 36,"t":"info","m":"Start Time"}
{"ts":m: 27, s: 18, ml: 125,"t":"info","m":"Pet: 0"}
{"ts":m: 27, s: 22, ml: 956,"t":"info","m":"Pet: 0.4324341"}
{"ts":m: 27, s: 23, ml: 807,"t":"info","m":"Pet: 0.1991577"}
{"ts":m: 27, s: 24, ml: 573,"t":"info","m":"Pet: 0.232605"}
{"ts":m: 27, s: 26, ml: 690,"t":"info","m":"Pet: 0.3504639"}
{"ts":m: 29, s: 32, ml: 63,"t":"info","m":"Pet: 5.000916"}
{"ts":m: 30, s: 36, ml: 267,"t":"info","m":"CHOICE 2: Guard Stairs (Lock)"}
{"ts":m: 30, s: 37, ml: 133,"t":"info","m":"CHOICE 2: Guard Stairs (Lock)"}
{"ts":m: 30, s: 39, ml: 136,"t":"info","m":"End Act 0"}
{"ts":m: 31, s: 33, ml: 454,"t":"info","m":"Hold Time - Drown: 0.282959"}
{"ts":m: 31, s: 36, ml: 736,"t":"info","m":"Hold Time - Drown: 0.1831055"}
{"ts":m: 32, s: 3, ml: 53,"t":"info","m":"Hold Time - Drown: 0.2661133"}
{"ts":m: 32, s: 4, ml: 821,"t":"info","m":"Hold Time - Drown: 0.2502441"}
{"ts":m: 32, s: 27, ml: 889,"t":"info","m":"Hold Time - Drown: 0.08441162"}
{"ts":m: 32, s: 28, ml: 138,"t":"info","m":"Hold Time - Drown: 0.117981"}
{"ts":m: 32, s: 28, ml: 437,"t":"info","m":"Hold Time - Drown: 0.1332397"}
{"ts":m: 32, s: 29, ml: 72,"t":"info","m":"Hold Time - Drown: 0.03314209"}
{"ts":m: 33, s: 13, ml: 24,"t":"info","m":"Hold Time - Drown: 0.5001831"}
{"ts":m: 33, s: 14, ml: 773,"t":"info","m":"Hold Time - Drown: 0.8167725"}
{"ts":m: 33, s: 29, ml: 91,"t":"info","m":"Hold Time - Drown: 5"}
{"ts":m: 33, s: 29, ml: 91,"t":"info","m":"End Act 1"}
{"ts":m: 33, s: 29, ml: 91,"t":"info","m":"CHOICE 1: Drown"}
{"ts":m: 33, s: 29, ml: 91,"t":"info","m":"End Act 1"}
{"ts":m: 33, s: 29, ml: 91,"t":"info","m":"CHOICE 1: Drown"}
{"ts":m: 34, s: 17, ml: 610,"t":"info","m":"*[Un]lock"}
{"ts":m: 34, s: 31, ml: 596,"t":"info","m":"CHOICE 2: Unlock"}
{"ts":m: 34, s: 56, ml: 412,"t":"info","m":"CHOICE 3: Prisoner Stairs"}
{"ts":m: 34, s: 57, ml: 245,"t":"info","m":"CHOICE 3: Prisoner Stairs"}
{"ts":m: 35, s: 1, ml: 365,"t":"info","m":"End Time"}
{"ts":m: 42, s: 47, ml: 236,"t":"info","m":"Stopped"}
