{"ts":m: 1, s: 27, ml: 710,"t":"info","m":"Started"}
{"ts":m: 1, s: 27, ml: 724,"t":"info","m":"Start Time"}
{"ts":m: 1, s: 57, ml: 594,"t":"info","m":"Pet: 0.2997131"}
{"ts":m: 2, s: 4, ml: 509,"t":"info","m":"Pet: 0.1501007"}
{"ts":m: 2, s: 6, ml: 927,"t":"info","m":"Pet: 0.16745"}
{"ts":m: 2, s: 12, ml: 459,"t":"info","m":"Pet: 0.549942"}
{"ts":m: 2, s: 15, ml: 210,"t":"info","m":"Pet: 2.333832"}
{"ts":m: 2, s: 15, ml: 726,"t":"info","m":"Pet: 0.4504852"}
{"ts":m: 2, s: 17, ml: 343,"t":"info","m":"Pet: 0.9998474"}
{"ts":m: 2, s: 43, ml: 445,"t":"info","m":"Pet: 0.1669769"}
{"ts":m: 2, s: 44, ml: 848,"t":"info","m":"Pet: 0.1694641"}
{"ts":m: 2, s: 47, ml: 711,"t":"info","m":"Pet: 0.9664612"}
{"ts":m: 2, s: 49, ml: 145,"t":"info","m":"Pet: 0.1175079"}
{"ts":m: 2, s: 51, ml: 544,"t":"info","m":"Pet: 0.582962"}
{"ts":m: 2, s: 54, ml: 361,"t":"info","m":"Pet: 0.3827209"}
{"ts":m: 3, s: 22, ml: 579,"t":"info","m":"Pet: 0"}
{"ts":m: 3, s: 27, ml: 696,"t":"info","m":"Pet: 5.015976"}
{"ts":m: 4, s: 33, ml: 984,"t":"info","m":"CHOICE 2: Guard Stairs (Lock)"}
{"ts":m: 4, s: 36, ml: 0,"t":"info","m":"End Act 0"}
{"ts":m: 4, s: 37, ml: 766,"t":"info","m":"CHOICE 2: Guard Stairs (Lock)"}
{"ts":m: 6, s: 19, ml: 806,"t":"info","m":"Hold Time - Drown: 5"}
{"ts":m: 6, s: 19, ml: 806,"t":"info","m":"End Act 1"}
{"ts":m: 6, s: 19, ml: 806,"t":"info","m":"CHOICE 1: Drown"}
{"ts":m: 6, s: 19, ml: 806,"t":"info","m":"End Act 1"}
{"ts":m: 6, s: 19, ml: 806,"t":"info","m":"CHOICE 1: Drown"}
{"ts":m: 6, s: 57, ml: 358,"t":"info","m":"*[Un]lock"}
{"ts":m: 7, s: 7, ml: 691,"t":"info","m":"CHOICE 2: Unlock"}
{"ts":m: 7, s: 20, ml: 76,"t":"info","m":"CHOICE 3: Bed"}
{"ts":m: 7, s: 22, ml: 138,"t":"info","m":"End Time"}
{"ts":m: 12, s: 35, ml: 721,"t":"info","m":"Stopped"}
