{"ts":m: 23, s: 39, ml: 791,"t":"info","m":"Started"}
{"ts":m: 23, s: 39, ml: 810,"t":"info","m":"Start Time"}
{"ts":m: 24, s: 14, ml: 373,"t":"info","m":"Pet: 0"}
{"ts":m: 24, s: 15, ml: 772,"t":"info","m":"Pet: 0.2000656"}
{"ts":m: 24, s: 18, ml: 237,"t":"info","m":"Pet: 0.233078"}
{"ts":m: 24, s: 20, ml: 786,"t":"info","m":"Pet: 0.2492447"}
{"ts":m: 24, s: 21, ml: 403,"t":"info","m":"Pet: 0.1501083"}
{"ts":m: 24, s: 21, ml: 937,"t":"info","m":"Pet: 0.2166367"}
{"ts":m: 24, s: 22, ml: 419,"t":"info","m":"Pet: 0.1156235"}
{"ts":m: 24, s: 22, ml: 637,"t":"info","m":"Pet: 0.1167831"}
{"ts":m: 24, s: 22, ml: 787,"t":"info","m":"Pet: 0.05020905"}
{"ts":m: 24, s: 23, ml: 137,"t":"info","m":"Pet: 0.3001938"}
{"ts":m: 24, s: 23, ml: 303,"t":"info","m":"Pet: 0.09986877"}
{"ts":m: 24, s: 23, ml: 469,"t":"info","m":"Pet: 0.08257294"}
{"ts":m: 24, s: 23, ml: 686,"t":"info","m":"Pet: 0.09967041"}
{"ts":m: 24, s: 23, ml: 903,"t":"info","m":"Pet: 0.1008987"}
{"ts":m: 24, s: 24, ml: 104,"t":"info","m":"Pet: 0.06858826"}
{"ts":m: 24, s: 31, ml: 338,"t":"info","m":"Pet: 5.000526"}
{"ts":m: 25, s: 23, ml: 624,"t":"info","m":"CHOICE 2: Guard Stairs (Lock)"}
{"ts":m: 25, s: 25, ml: 626,"t":"info","m":"End Act 0"}
{"ts":m: 26, s: 34, ml: 662,"t":"info","m":"Hold Time - Drown: 3.699799"}
{"ts":m: 26, s: 43, ml: 678,"t":"info","m":"Hold Time - Drown: 5"}
{"ts":m: 26, s: 43, ml: 679,"t":"info","m":"End Act 1"}
{"ts":m: 26, s: 43, ml: 679,"t":"info","m":"CHOICE 1: Drown"}
{"ts":m: 26, s: 43, ml: 679,"t":"info","m":"End Act 1"}
{"ts":m: 26, s: 43, ml: 679,"t":"info","m":"CHOICE 1: Drown"}
{"ts":m: 27, s: 23, ml: 181,"t":"info","m":"*[Un]lock"}
{"ts":m: 27, s: 39, ml: 965,"t":"info","m":"CHOICE 2: Unlock"}
{"ts":m: 28, s: 12, ml: 835,"t":"info","m":"CHOICE 3: Prisoner Stairs"}
{"ts":m: 28, s: 15, ml: 484,"t":"info","m":"CHOICE 3: Prisoner Stairs"}
{"ts":m: 28, s: 15, ml: 801,"t":"info","m":"CHOICE 3: Prisoner Stairs"}
{"ts":m: 28, s: 16, ml: 933,"t":"info","m":"End Time"}
{"ts":m: 33, s: 14, ml: 238,"t":"info","m":"Stopped"}
