{"ts":m: 43, s: 55, ml: 432,"t":"info","m":"Started"}
{"ts":m: 43, s: 55, ml: 440,"t":"info","m":"Start Time"}
{"ts":m: 44, s: 21, ml: 131,"t":"info","m":"Pet: 0.116684"}
{"ts":m: 44, s: 21, ml: 363,"t":"info","m":"Pet: 0.0832901"}
{"ts":m: 44, s: 21, ml: 829,"t":"info","m":"Pet: 0.1000748"}
{"ts":m: 44, s: 24, ml: 597,"t":"info","m":"Pet: 2.666733"}
{"ts":m: 44, s: 24, ml: 779,"t":"info","m":"Pet: 0.08339691"}
{"ts":m: 44, s: 29, ml: 846,"t":"info","m":"Pet: 5.000122"}
{"ts":m: 47, s: 53, ml: 84,"t":"info","m":"CHOICE 2: Guard Stairs (Lock)"}
{"ts":m: 47, s: 54, ml: 16,"t":"info","m":"CHOICE 2: Guard Stairs (Lock)"}
{"ts":m: 47, s: 56, ml: 17,"t":"info","m":"End Act 0"}
{"ts":m: 47, s: 56, ml: 150,"t":"info","m":"CHOICE 2: Guard Stairs (Lock)"}
{"ts":m: 47, s: 58, ml: 150,"t":"info","m":"End Act 0"}
{"ts":m: 48, s: 38, ml: 418,"t":"info","m":"Hold Time - Drown: 0.5333862"}
{"ts":m: 48, s: 46, ml: 301,"t":"info","m":"Hold Time - Drown: 5"}
{"ts":m: 48, s: 46, ml: 301,"t":"info","m":"End Act 1"}
{"ts":m: 48, s: 46, ml: 301,"t":"info","m":"CHOICE 1: Drown"}
{"ts":m: 48, s: 46, ml: 301,"t":"info","m":"End Act 1"}
{"ts":m: 48, s: 46, ml: 301,"t":"info","m":"CHOICE 1: Drown"}
{"ts":m: 49, s: 25, ml: 419,"t":"info","m":"*[Un]lock"}
{"ts":m: 50, s: 21, ml: 303,"t":"info","m":"*Lock"}
{"ts":m: 50, s: 22, ml: 270,"t":"info","m":"*[Un]lock"}
{"ts":m: 50, s: 24, ml: 3,"t":"info","m":"*Lock"}
{"ts":m: 50, s: 42, ml: 303,"t":"info","m":"CHOICE 2: Guard Stairs (Lock)"}
{"ts":m: 50, s: 46, ml: 453,"t":"info","m":"End Time"}
{"ts":m: 50, s: 53, ml: 428,"t":"info","m":"Stopped"}
