{"ts":m: 11, s: 40, ml: 656,"t":"info","m":"Started"}
{"ts":m: 11, s: 40, ml: 673,"t":"info","m":"Start Time"}
{"ts":m: 13, s: 59, ml: 701,"t":"info","m":"CHOICE 2: Guard Stairs (Lock)"}
{"ts":m: 14, s: 0, ml: 735,"t":"info","m":"End Act 0"}
{"ts":m: 16, s: 5, ml: 54,"t":"info","m":"End Act 1"}
{"ts":m: 16, s: 5, ml: 54,"t":"info","m":"CHOICE 1: Drown"}
{"ts":m: 16, s: 5, ml: 54,"t":"info","m":"End Act 1"}
{"ts":m: 16, s: 5, ml: 54,"t":"info","m":"CHOICE 1: Drown"}
{"ts":m: 16, s: 10, ml: 234,"t":"info","m":"End Time"}
{"ts":m: 16, s: 41, ml: 638,"t":"info","m":"*[Un]lock"}
{"ts":m: 16, s: 50, ml: 487,"t":"info","m":"*Lock"}
{"ts":m: 16, s: 55, ml: 720,"t":"info","m":"*[Un]lock"}
{"ts":m: 17, s: 1, ml: 121,"t":"info","m":"CHOICE 2: Unlock"}
{"ts":m: 17, s: 13, ml: 221,"t":"info","m":"CHOICE 3: Bed"}
{"ts":m: 18, s: 21, ml: 972,"t":"info","m":"CHOICE: Ditch"}
{"ts":m: 18, s: 21, ml: 988,"t":"info","m":"CHOICE: Ditch"}
{"ts":m: 18, s: 22, ml: 5,"t":"info","m":"CHOICE: Ditch"}
{"ts":m: 18, s: 22, ml: 22,"t":"info","m":"CHOICE: Ditch"}
{"ts":m: 18, s: 22, ml: 38,"t":"info","m":"CHOICE: Ditch"}
{"ts":m: 18, s: 22, ml: 55,"t":"info","m":"CHOICE: Ditch"}
{"ts":m: 18, s: 22, ml: 72,"t":"info","m":"CHOICE: Ditch"}
{"ts":m: 18, s: 22, ml: 88,"t":"info","m":"CHOICE: Ditch"}
{"ts":m: 18, s: 22, ml: 105,"t":"info","m":"CHOICE: Ditch"}
{"ts":m: 18, s: 22, ml: 122,"t":"info","m":"CHOICE: Ditch"}
{"ts":m: 18, s: 22, ml: 138,"t":"info","m":"CHOICE: Ditch"}
{"ts":m: 18, s: 22, ml: 155,"t":"info","m":"CHOICE: Ditch"}
{"ts":m: 18, s: 22, ml: 172,"t":"info","m":"CHOICE: Ditch"}
{"ts":m: 18, s: 22, ml: 188,"t":"info","m":"CHOICE: Ditch"}
{"ts":m: 18, s: 22, ml: 205,"t":"info","m":"CHOICE: Ditch"}
{"ts":m: 18, s: 22, ml: 222,"t":"info","m":"CHOICE: Ditch"}
{"ts":m: 18, s: 22, ml: 238,"t":"info","m":"CHOICE: Ditch"}
{"ts":m: 18, s: 22, ml: 255,"t":"info","m":"CHOICE: Ditch"}
{"ts":m: 18, s: 22, ml: 271,"t":"info","m":"CHOICE: Ditch"}
{"ts":m: 18, s: 22, ml: 288,"t":"info","m":"CHOICE: Ditch"}
{"ts":m: 18, s: 22, ml: 305,"t":"info","m":"CHOICE: Ditch"}
{"ts":m: 18, s: 22, ml: 322,"t":"info","m":"CHOICE: Ditch"}
{"ts":m: 18, s: 22, ml: 338,"t":"info","m":"CHOICE: Ditch"}
{"ts":m: 18, s: 22, ml: 355,"t":"info","m":"CHOICE: Ditch"}
{"ts":m: 18, s: 22, ml: 372,"t":"info","m":"CHOICE: Ditch"}
{"ts":m: 18, s: 22, ml: 388,"t":"info","m":"CHOICE: Ditch"}
{"ts":m: 18, s: 22, ml: 405,"t":"info","m":"CHOICE: Ditch"}
{"ts":m: 18, s: 22, ml: 422,"t":"info","m":"CHOICE: Ditch"}
{"ts":m: 18, s: 22, ml: 438,"t":"info","m":"CHOICE: Ditch"}
{"ts":m: 18, s: 22, ml: 455,"t":"info","m":"CHOICE: Ditch"}
{"ts":m: 18, s: 22, ml: 471,"t":"info","m":"CHOICE: Ditch"}
{"ts":m: 18, s: 22, ml: 488,"t":"info","m":"CHOICE: Ditch"}
{"ts":m: 18, s: 22, ml: 505,"t":"info","m":"CHOICE: Ditch"}
{"ts":m: 18, s: 22, ml: 522,"t":"info","m":"CHOICE: Ditch"}
{"ts":m: 18, s: 22, ml: 538,"t":"info","m":"CHOICE: Ditch"}
{"ts":m: 18, s: 22, ml: 555,"t":"info","m":"CHOICE: Ditch"}
{"ts":m: 18, s: 22, ml: 572,"t":"info","m":"CHOICE: Ditch"}
{"ts":m: 18, s: 22, ml: 589,"t":"info","m":"CHOICE: Ditch"}
{"ts":m: 18, s: 22, ml: 605,"t":"info","m":"CHOICE: Ditch"}
{"ts":m: 18, s: 22, ml: 622,"t":"info","m":"CHOICE: Ditch"}
{"ts":m: 18, s: 22, ml: 638,"t":"info","m":"CHOICE: Ditch"}
{"ts":m: 18, s: 22, ml: 655,"t":"info","m":"CHOICE: Ditch"}
{"ts":m: 18, s: 22, ml: 672,"t":"info","m":"CHOICE: Ditch"}
{"ts":m: 18, s: 22, ml: 688,"t":"info","m":"CHOICE: Ditch"}
{"ts":m: 18, s: 22, ml: 705,"t":"info","m":"CHOICE: Ditch"}
{"ts":m: 18, s: 22, ml: 722,"t":"info","m":"CHOICE: Ditch"}
{"ts":m: 18, s: 22, ml: 738,"t":"info","m":"CHOICE: Ditch"}
{"ts":m: 18, s: 22, ml: 755,"t":"info","m":"CHOICE: Ditch"}
{"ts":m: 18, s: 22, ml: 772,"t":"info","m":"CHOICE: Ditch"}
{"ts":m: 18, s: 22, ml: 788,"t":"info","m":"CHOICE: Ditch"}
{"ts":m: 18, s: 22, ml: 805,"t":"info","m":"CHOICE: Ditch"}
{"ts":m: 18, s: 22, ml: 822,"t":"info","m":"CHOICE: Ditch"}
{"ts":m: 18, s: 22, ml: 838,"t":"info","m":"CHOICE: Ditch"}
{"ts":m: 18, s: 22, ml: 855,"t":"info","m":"CHOICE: Ditch"}
{"ts":m: 18, s: 22, ml: 872,"t":"info","m":"CHOICE: Ditch"}
{"ts":m: 18, s: 22, ml: 888,"t":"info","m":"CHOICE: Ditch"}
{"ts":m: 18, s: 22, ml: 905,"t":"info","m":"CHOICE: Ditch"}
{"ts":m: 18, s: 22, ml: 922,"t":"info","m":"CHOICE: Ditch"}
{"ts":m: 18, s: 22, ml: 938,"t":"info","m":"CHOICE: Ditch"}
{"ts":m: 18, s: 22, ml: 955,"t":"info","m":"CHOICE: Ditch"}
{"ts":m: 18, s: 22, ml: 972,"t":"info","m":"CHOICE: Ditch"}
{"ts":m: 18, s: 22, ml: 988,"t":"info","m":"CHOICE: Ditch"}
{"ts":m: 18, s: 23, ml: 5,"t":"info","m":"CHOICE: Ditch"}
{"ts":m: 18, s: 23, ml: 21,"t":"info","m":"CHOICE: Ditch"}
{"ts":m: 18, s: 23, ml: 38,"t":"info","m":"CHOICE: Ditch"}
{"ts":m: 18, s: 23, ml: 55,"t":"info","m":"CHOICE: Ditch"}
{"ts":m: 18, s: 23, ml: 71,"t":"info","m":"CHOICE: Ditch"}
{"ts":m: 18, s: 23, ml: 88,"t":"info","m":"CHOICE: Ditch"}
{"ts":m: 18, s: 23, ml: 105,"t":"info","m":"CHOICE: Ditch"}
{"ts":m: 18, s: 23, ml: 121,"t":"info","m":"CHOICE: Ditch"}
{"ts":m: 18, s: 23, ml: 138,"t":"info","m":"CHOICE: Ditch"}
{"ts":m: 18, s: 23, ml: 155,"t":"info","m":"CHOICE: Ditch"}
{"ts":m: 18, s: 23, ml: 172,"t":"info","m":"CHOICE: Ditch"}
{"ts":m: 18, s: 23, ml: 188,"t":"info","m":"CHOICE: Ditch"}
{"ts":m: 18, s: 23, ml: 205,"t":"info","m":"CHOICE: Ditch"}
{"ts":m: 18, s: 23, ml: 222,"t":"info","m":"CHOICE: Ditch"}
{"ts":m: 18, s: 23, ml: 238,"t":"info","m":"CHOICE: Ditch"}
{"ts":m: 18, s: 23, ml: 255,"t":"info","m":"CHOICE: Ditch"}
{"ts":m: 18, s: 23, ml: 272,"t":"info","m":"CHOICE: Ditch"}
{"ts":m: 18, s: 23, ml: 288,"t":"info","m":"CHOICE: Ditch"}
{"ts":m: 18, s: 23, ml: 305,"t":"info","m":"CHOICE: Ditch"}
{"ts":m: 18, s: 23, ml: 322,"t":"info","m":"CHOICE: Ditch"}
{"ts":m: 18, s: 23, ml: 338,"t":"info","m":"CHOICE: Ditch"}
{"ts":m: 18, s: 23, ml: 355,"t":"info","m":"CHOICE: Ditch"}
{"ts":m: 18, s: 23, ml: 372,"t":"info","m":"CHOICE: Ditch"}
{"ts":m: 18, s: 23, ml: 388,"t":"info","m":"CHOICE: Ditch"}
{"ts":m: 18, s: 23, ml: 405,"t":"info","m":"CHOICE: Ditch"}
{"ts":m: 18, s: 23, ml: 422,"t":"info","m":"CHOICE: Ditch"}
{"ts":m: 18, s: 23, ml: 438,"t":"info","m":"CHOICE: Ditch"}
{"ts":m: 18, s: 23, ml: 455,"t":"info","m":"CHOICE: Ditch"}
{"ts":m: 18, s: 23, ml: 472,"t":"info","m":"CHOICE: Ditch"}
{"ts":m: 18, s: 23, ml: 488,"t":"info","m":"CHOICE: Ditch"}
{"ts":m: 18, s: 23, ml: 505,"t":"info","m":"CHOICE: Ditch"}
{"ts":m: 18, s: 23, ml: 522,"t":"info","m":"CHOICE: Ditch"}
{"ts":m: 18, s: 23, ml: 538,"t":"info","m":"CHOICE: Ditch"}
{"ts":m: 18, s: 23, ml: 555,"t":"info","m":"CHOICE: Ditch"}
{"ts":m: 18, s: 23, ml: 572,"t":"info","m":"CHOICE: Ditch"}
{"ts":m: 18, s: 23, ml: 588,"t":"info","m":"CHOICE: Ditch"}
{"ts":m: 18, s: 23, ml: 605,"t":"info","m":"CHOICE: Ditch"}
{"ts":m: 18, s: 23, ml: 622,"t":"info","m":"CHOICE: Ditch"}
{"ts":m: 18, s: 23, ml: 638,"t":"info","m":"CHOICE: Ditch"}
{"ts":m: 18, s: 23, ml: 655,"t":"info","m":"CHOICE: Ditch"}
{"ts":m: 18, s: 23, ml: 672,"t":"info","m":"CHOICE: Ditch"}
{"ts":m: 18, s: 23, ml: 688,"t":"info","m":"CHOICE: Ditch"}
{"ts":m: 18, s: 23, ml: 705,"t":"info","m":"CHOICE: Ditch"}
{"ts":m: 18, s: 23, ml: 722,"t":"info","m":"CHOICE: Ditch"}
{"ts":m: 18, s: 23, ml: 738,"t":"info","m":"CHOICE: Ditch"}
{"ts":m: 18, s: 23, ml: 755,"t":"info","m":"CHOICE: Ditch"}
{"ts":m: 18, s: 23, ml: 772,"t":"info","m":"CHOICE: Ditch"}
{"ts":m: 18, s: 23, ml: 788,"t":"info","m":"CHOICE: Ditch"}
{"ts":m: 18, s: 23, ml: 805,"t":"info","m":"CHOICE: Ditch"}
{"ts":m: 18, s: 23, ml: 822,"t":"info","m":"CHOICE: Ditch"}
{"ts":m: 18, s: 23, ml: 838,"t":"info","m":"CHOICE: Ditch"}
{"ts":m: 18, s: 23, ml: 855,"t":"info","m":"CHOICE: Ditch"}
{"ts":m: 18, s: 23, ml: 872,"t":"info","m":"CHOICE: Ditch"}
{"ts":m: 18, s: 23, ml: 888,"t":"info","m":"CHOICE: Ditch"}
{"ts":m: 18, s: 23, ml: 905,"t":"info","m":"CHOICE: Ditch"}
{"ts":m: 18, s: 23, ml: 922,"t":"info","m":"CHOICE: Ditch"}
{"ts":m: 18, s: 23, ml: 938,"t":"info","m":"CHOICE: Ditch"}
{"ts":m: 18, s: 23, ml: 955,"t":"info","m":"CHOICE: Ditch"}
{"ts":m: 18, s: 23, ml: 972,"t":"info","m":"CHOICE: Ditch"}
{"ts":m: 18, s: 23, ml: 988,"t":"info","m":"CHOICE: Ditch"}
{"ts":m: 19, s: 32, ml: 740,"t":"info","m":"CHOICE: Killed At Ditch"}
{"ts":m: 19, s: 53, ml: 115,"t":"info","m":"End Time"}
{"ts":m: 20, s: 37, ml: 92,"t":"info","m":"CHOICE 2: Guard Stairs (Lock)"}
{"ts":m: 22, s: 51, ml: 309,"t":"info","m":"CHOICE: Guard Sleep"}
{"ts":m: 24, s: 0, ml: 27,"t":"info","m":"CHOICE: Ditch"}
{"ts":m: 24, s: 0, ml: 44,"t":"info","m":"CHOICE: Ditch"}
{"ts":m: 24, s: 0, ml: 60,"t":"info","m":"CHOICE: Ditch"}
{"ts":m: 24, s: 0, ml: 77,"t":"info","m":"CHOICE: Ditch"}
{"ts":m: 24, s: 0, ml: 94,"t":"info","m":"CHOICE: Ditch"}
{"ts":m: 24, s: 0, ml: 110,"t":"info","m":"CHOICE: Ditch"}
{"ts":m: 24, s: 0, ml: 127,"t":"info","m":"CHOICE: Ditch"}
{"ts":m: 24, s: 0, ml: 144,"t":"info","m":"CHOICE: Ditch"}
{"ts":m: 24, s: 0, ml: 160,"t":"info","m":"CHOICE: Ditch"}
{"ts":m: 24, s: 0, ml: 177,"t":"info","m":"CHOICE: Ditch"}
{"ts":m: 24, s: 0, ml: 194,"t":"info","m":"CHOICE: Ditch"}
{"ts":m: 24, s: 0, ml: 210,"t":"info","m":"CHOICE: Ditch"}
{"ts":m: 24, s: 0, ml: 227,"t":"info","m":"CHOICE: Ditch"}
{"ts":m: 24, s: 0, ml: 244,"t":"info","m":"CHOICE: Ditch"}
{"ts":m: 24, s: 0, ml: 260,"t":"info","m":"CHOICE: Ditch"}
{"ts":m: 24, s: 0, ml: 277,"t":"info","m":"CHOICE: Ditch"}
{"ts":m: 24, s: 0, ml: 294,"t":"info","m":"CHOICE: Ditch"}
{"ts":m: 24, s: 0, ml: 310,"t":"info","m":"CHOICE: Ditch"}
{"ts":m: 24, s: 0, ml: 327,"t":"info","m":"CHOICE: Ditch"}
{"ts":m: 24, s: 0, ml: 344,"t":"info","m":"CHOICE: Ditch"}
{"ts":m: 24, s: 0, ml: 360,"t":"info","m":"CHOICE: Ditch"}
{"ts":m: 24, s: 0, ml: 377,"t":"info","m":"CHOICE: Ditch"}
{"ts":m: 24, s: 0, ml: 394,"t":"info","m":"CHOICE: Ditch"}
{"ts":m: 24, s: 0, ml: 410,"t":"info","m":"CHOICE: Ditch"}
{"ts":m: 24, s: 0, ml: 427,"t":"info","m":"CHOICE: Ditch"}
{"ts":m: 24, s: 0, ml: 444,"t":"info","m":"CHOICE: Ditch"}
{"ts":m: 24, s: 0, ml: 460,"t":"info","m":"CHOICE: Ditch"}
{"ts":m: 24, s: 0, ml: 477,"t":"info","m":"CHOICE: Ditch"}
{"ts":m: 24, s: 0, ml: 494,"t":"info","m":"CHOICE: Ditch"}
{"ts":m: 24, s: 0, ml: 510,"t":"info","m":"CHOICE: Ditch"}
{"ts":m: 24, s: 0, ml: 527,"t":"info","m":"CHOICE: Ditch"}
{"ts":m: 24, s: 0, ml: 544,"t":"info","m":"CHOICE: Ditch"}
{"ts":m: 24, s: 0, ml: 560,"t":"info","m":"CHOICE: Ditch"}
{"ts":m: 24, s: 0, ml: 577,"t":"info","m":"CHOICE: Ditch"}
{"ts":m: 24, s: 0, ml: 594,"t":"info","m":"CHOICE: Ditch"}
{"ts":m: 24, s: 0, ml: 610,"t":"info","m":"CHOICE: Ditch"}
{"ts":m: 24, s: 0, ml: 627,"t":"info","m":"CHOICE: Ditch"}
{"ts":m: 24, s: 0, ml: 644,"t":"info","m":"CHOICE: Ditch"}
{"ts":m: 24, s: 0, ml: 660,"t":"info","m":"CHOICE: Ditch"}
{"ts":m: 24, s: 0, ml: 677,"t":"info","m":"CHOICE: Ditch"}
{"ts":m: 24, s: 0, ml: 694,"t":"info","m":"CHOICE: Ditch"}
{"ts":m: 24, s: 0, ml: 710,"t":"info","m":"CHOICE: Ditch"}
{"ts":m: 24, s: 0, ml: 727,"t":"info","m":"CHOICE: Ditch"}
{"ts":m: 24, s: 0, ml: 744,"t":"info","m":"CHOICE: Ditch"}
{"ts":m: 24, s: 0, ml: 760,"t":"info","m":"CHOICE: Ditch"}
{"ts":m: 24, s: 0, ml: 777,"t":"info","m":"CHOICE: Ditch"}
{"ts":m: 24, s: 0, ml: 794,"t":"info","m":"CHOICE: Ditch"}
{"ts":m: 24, s: 0, ml: 810,"t":"info","m":"CHOICE: Ditch"}
{"ts":m: 24, s: 0, ml: 827,"t":"info","m":"CHOICE: Ditch"}
{"ts":m: 24, s: 0, ml: 844,"t":"info","m":"CHOICE: Ditch"}
{"ts":m: 24, s: 0, ml: 860,"t":"info","m":"CHOICE: Ditch"}
{"ts":m: 24, s: 0, ml: 877,"t":"info","m":"CHOICE: Ditch"}
{"ts":m: 24, s: 0, ml: 894,"t":"info","m":"CHOICE: Ditch"}
{"ts":m: 24, s: 0, ml: 910,"t":"info","m":"CHOICE: Ditch"}
{"ts":m: 24, s: 0, ml: 927,"t":"info","m":"CHOICE: Ditch"}
{"ts":m: 24, s: 0, ml: 944,"t":"info","m":"CHOICE: Ditch"}
{"ts":m: 24, s: 0, ml: 960,"t":"info","m":"CHOICE: Ditch"}
{"ts":m: 24, s: 0, ml: 977,"t":"info","m":"CHOICE: Ditch"}
{"ts":m: 24, s: 0, ml: 994,"t":"info","m":"CHOICE: Ditch"}
{"ts":m: 24, s: 1, ml: 10,"t":"info","m":"CHOICE: Ditch"}
{"ts":m: 24, s: 1, ml: 27,"t":"info","m":"CHOICE: Ditch"}
{"ts":m: 24, s: 1, ml: 44,"t":"info","m":"CHOICE: Ditch"}
{"ts":m: 24, s: 1, ml: 60,"t":"info","m":"CHOICE: Ditch"}
{"ts":m: 24, s: 1, ml: 77,"t":"info","m":"CHOICE: Ditch"}
{"ts":m: 24, s: 1, ml: 94,"t":"info","m":"CHOICE: Ditch"}
{"ts":m: 24, s: 1, ml: 110,"t":"info","m":"CHOICE: Ditch"}
{"ts":m: 24, s: 1, ml: 127,"t":"info","m":"CHOICE: Ditch"}
{"ts":m: 24, s: 1, ml: 144,"t":"info","m":"CHOICE: Ditch"}
{"ts":m: 24, s: 1, ml: 160,"t":"info","m":"CHOICE: Ditch"}
{"ts":m: 24, s: 1, ml: 177,"t":"info","m":"CHOICE: Ditch"}
{"ts":m: 24, s: 1, ml: 194,"t":"info","m":"CHOICE: Ditch"}
{"ts":m: 24, s: 1, ml: 210,"t":"info","m":"CHOICE: Ditch"}
{"ts":m: 24, s: 1, ml: 244,"t":"info","m":"CHOICE: Ditch"}
{"ts":m: 24, s: 1, ml: 260,"t":"info","m":"CHOICE: Ditch"}
{"ts":m: 24, s: 1, ml: 277,"t":"info","m":"CHOICE: Ditch"}
{"ts":m: 24, s: 1, ml: 294,"t":"info","m":"CHOICE: Ditch"}
{"ts":m: 24, s: 1, ml: 310,"t":"info","m":"CHOICE: Ditch"}
{"ts":m: 24, s: 1, ml: 327,"t":"info","m":"CHOICE: Ditch"}
{"ts":m: 24, s: 1, ml: 344,"t":"info","m":"CHOICE: Ditch"}
{"ts":m: 24, s: 1, ml: 361,"t":"info","m":"CHOICE: Ditch"}
{"ts":m: 24, s: 1, ml: 377,"t":"info","m":"CHOICE: Ditch"}
{"ts":m: 24, s: 1, ml: 394,"t":"info","m":"CHOICE: Ditch"}
{"ts":m: 24, s: 1, ml: 411,"t":"info","m":"CHOICE: Ditch"}
{"ts":m: 24, s: 1, ml: 427,"t":"info","m":"CHOICE: Ditch"}
{"ts":m: 24, s: 1, ml: 445,"t":"info","m":"CHOICE: Ditch"}
{"ts":m: 24, s: 1, ml: 460,"t":"info","m":"CHOICE: Ditch"}
{"ts":m: 24, s: 1, ml: 477,"t":"info","m":"CHOICE: Ditch"}
{"ts":m: 24, s: 1, ml: 494,"t":"info","m":"CHOICE: Ditch"}
{"ts":m: 24, s: 1, ml: 510,"t":"info","m":"CHOICE: Ditch"}
{"ts":m: 24, s: 1, ml: 527,"t":"info","m":"CHOICE: Ditch"}
{"ts":m: 24, s: 1, ml: 544,"t":"info","m":"CHOICE: Ditch"}
{"ts":m: 24, s: 1, ml: 560,"t":"info","m":"CHOICE: Ditch"}
{"ts":m: 24, s: 1, ml: 577,"t":"info","m":"CHOICE: Ditch"}
{"ts":m: 24, s: 1, ml: 594,"t":"info","m":"CHOICE: Ditch"}
{"ts":m: 24, s: 1, ml: 610,"t":"info","m":"CHOICE: Ditch"}
{"ts":m: 24, s: 1, ml: 627,"t":"info","m":"CHOICE: Ditch"}
{"ts":m: 24, s: 1, ml: 644,"t":"info","m":"CHOICE: Ditch"}
{"ts":m: 24, s: 1, ml: 660,"t":"info","m":"CHOICE: Ditch"}
{"ts":m: 24, s: 1, ml: 677,"t":"info","m":"CHOICE: Ditch"}
{"ts":m: 24, s: 1, ml: 694,"t":"info","m":"CHOICE: Ditch"}
{"ts":m: 24, s: 1, ml: 710,"t":"info","m":"CHOICE: Ditch"}
{"ts":m: 24, s: 1, ml: 727,"t":"info","m":"CHOICE: Ditch"}
{"ts":m: 24, s: 1, ml: 744,"t":"info","m":"CHOICE: Ditch"}
{"ts":m: 24, s: 1, ml: 760,"t":"info","m":"CHOICE: Ditch"}
{"ts":m: 24, s: 1, ml: 777,"t":"info","m":"CHOICE: Ditch"}
{"ts":m: 24, s: 1, ml: 794,"t":"info","m":"CHOICE: Ditch"}
{"ts":m: 24, s: 1, ml: 810,"t":"info","m":"CHOICE: Ditch"}
{"ts":m: 24, s: 1, ml: 827,"t":"info","m":"CHOICE: Ditch"}
{"ts":m: 24, s: 1, ml: 844,"t":"info","m":"CHOICE: Ditch"}
{"ts":m: 24, s: 1, ml: 861,"t":"info","m":"CHOICE: Ditch"}
{"ts":m: 24, s: 1, ml: 877,"t":"info","m":"CHOICE: Ditch"}
{"ts":m: 24, s: 1, ml: 894,"t":"info","m":"CHOICE: Ditch"}
{"ts":m: 24, s: 1, ml: 910,"t":"info","m":"CHOICE: Ditch"}
{"ts":m: 24, s: 1, ml: 927,"t":"info","m":"CHOICE: Ditch"}
{"ts":m: 24, s: 1, ml: 944,"t":"info","m":"CHOICE: Ditch"}
{"ts":m: 24, s: 1, ml: 960,"t":"info","m":"CHOICE: Ditch"}
{"ts":m: 24, s: 1, ml: 977,"t":"info","m":"CHOICE: Ditch"}
{"ts":m: 24, s: 1, ml: 994,"t":"info","m":"CHOICE: Ditch"}
{"ts":m: 24, s: 2, ml: 10,"t":"info","m":"CHOICE: Ditch"}
{"ts":m: 24, s: 2, ml: 27,"t":"info","m":"CHOICE: Ditch"}
{"ts":m: 24, s: 2, ml: 44,"t":"info","m":"CHOICE: Ditch"}
{"ts":m: 24, s: 41, ml: 395,"t":"info","m":"CHOICE: Leave Ditch"}
{"ts":m: 26, s: 38, ml: 714,"t":"info","m":"CHOICE: Run Alone"}
{"ts":m: 32, s: 9, ml: 854,"t":"info","m":"Stopped"}
