{"ts":m: 1, s: 35, ml: 278,"t":"info","m":"Started"}
{"ts":m: 1, s: 35, ml: 286,"t":"info","m":"Start Time"}
{"ts":m: 2, s: 48, ml: 977,"t":"info","m":"Pet: 0.06661224"}
{"ts":m: 2, s: 49, ml: 109,"t":"info","m":"Pet: 0.04989624"}
{"ts":m: 2, s: 49, ml: 259,"t":"info","m":"Pet: 0.06664276"}
{"ts":m: 2, s: 49, ml: 376,"t":"info","m":"Pet: 0.05000305"}
{"ts":m: 2, s: 49, ml: 492,"t":"info","m":"Pet: 0.0332489"}
{"ts":m: 2, s: 49, ml: 609,"t":"info","m":"Pet: 0.05001068"}
{"ts":m: 2, s: 49, ml: 726,"t":"info","m":"Pet: 0.05007935"}
{"ts":m: 2, s: 49, ml: 859,"t":"info","m":"Pet: 0.04999542"}
{"ts":m: 2, s: 49, ml: 976,"t":"info","m":"Pet: 0.06659698"}
{"ts":m: 2, s: 50, ml: 92,"t":"info","m":"Pet: 0.05000305"}
{"ts":m: 2, s: 50, ml: 226,"t":"info","m":"Pet: 0.06643677"}
{"ts":m: 2, s: 50, ml: 442,"t":"info","m":"Pet: 0.1499023"}
{"ts":m: 2, s: 50, ml: 576,"t":"info","m":"Pet: 0.06617737"}
{"ts":m: 2, s: 50, ml: 892,"t":"info","m":"Pet: 0.1001129"}
{"ts":m: 2, s: 51, ml: 226,"t":"info","m":"Pet: 0.06578827"}
{"ts":m: 2, s: 51, ml: 826,"t":"info","m":"Pet: 0.2334213"}
{"ts":m: 2, s: 55, ml: 293,"t":"info","m":"Pet: 0.06732178"}
{"ts":m: 2, s: 55, ml: 442,"t":"info","m":"Pet: 0.06655884"}
{"ts":m: 2, s: 55, ml: 609,"t":"info","m":"Pet: 0.08328247"}
{"ts":m: 2, s: 55, ml: 776,"t":"info","m":"Pet: 0.06668091"}
{"ts":m: 2, s: 55, ml: 959,"t":"info","m":"Pet: 0.08326721"}
{"ts":m: 2, s: 56, ml: 159,"t":"info","m":"Pet: 0.09967041"}
{"ts":m: 2, s: 58, ml: 826,"t":"info","m":"Pet: 0.08338928"}
{"ts":m: 2, s: 58, ml: 992,"t":"info","m":"Pet: 0.08340454"}
{"ts":m: 2, s: 59, ml: 176,"t":"info","m":"Pet: 0.1000366"}
{"ts":m: 2, s: 59, ml: 376,"t":"info","m":"Pet: 0.1166077"}
{"ts":m: 2, s: 59, ml: 859,"t":"info","m":"Pet: 0.4499817"}
{"ts":m: 3, s: 1, ml: 392,"t":"info","m":"Pet: 0.08325195"}
{"ts":m: 3, s: 3, ml: 109,"t":"info","m":"Pet: 0.1334229"}
{"ts":m: 3, s: 4, ml: 326,"t":"info","m":"Pet: 0.08328247"}
{"ts":m: 3, s: 7, ml: 776,"t":"info","m":"Pet: 0.06669617"}
{"ts":m: 3, s: 7, ml: 943,"t":"info","m":"Pet: 0.08325195"}
{"ts":m: 3, s: 36, ml: 726,"t":"info","m":"Pet: 0.1166382"}
{"ts":m: 3, s: 36, ml: 960,"t":"info","m":"Pet: 0.1166229"}
{"ts":m: 3, s: 43, ml: 560,"t":"info","m":"Pet: 5.000198"}
{"ts":m: 5, s: 1, ml: 28,"t":"info","m":"CHOICE 2: Guard Stairs (Lock)"}
{"ts":m: 5, s: 1, ml: 228,"t":"info","m":"CHOICE 2: Guard Stairs (Lock)"}
{"ts":m: 5, s: 3, ml: 245,"t":"info","m":"End Act 0"}
{"ts":m: 6, s: 9, ml: 280,"t":"info","m":"Hold Time - Drown: 0.03344727"}
{"ts":m: 6, s: 11, ml: 280,"t":"info","m":"Hold Time - Drown: 0.03314209"}
{"ts":m: 6, s: 11, ml: 613,"t":"info","m":"Hold Time - Drown: 0.03329468"}
{"ts":m: 6, s: 12, ml: 413,"t":"info","m":"Hold Time - Drown: 0.06665039"}
{"ts":m: 6, s: 12, ml: 613,"t":"info","m":"Hold Time - Drown: 0.03338623"}
{"ts":m: 6, s: 12, ml: 813,"t":"info","m":"Hold Time - Drown: 0.0333252"}
{"ts":m: 6, s: 13, ml: 30,"t":"info","m":"Hold Time - Drown: 0.03341675"}
{"ts":m: 6, s: 13, ml: 230,"t":"info","m":"Hold Time - Drown: 0"}
{"ts":m: 6, s: 18, ml: 96,"t":"info","m":"Hold Time - Drown: 0.5333862"}
{"ts":m: 6, s: 19, ml: 230,"t":"info","m":"Hold Time - Drown: 0.4333496"}
{"ts":m: 6, s: 19, ml: 430,"t":"info","m":"Hold Time - Drown: 0.06671143"}
{"ts":m: 6, s: 19, ml: 596,"t":"info","m":"Hold Time - Drown: 0.06674194"}
{"ts":m: 6, s: 19, ml: 730,"t":"info","m":"Hold Time - Drown: 0.0333252"}
{"ts":m: 6, s: 19, ml: 896,"t":"info","m":"Hold Time - Drown: 0.06665039"}
{"ts":m: 6, s: 20, ml: 30,"t":"info","m":"Hold Time - Drown: 0.06665039"}
{"ts":m: 6, s: 20, ml: 196,"t":"info","m":"Hold Time - Drown: 0.06665039"}
{"ts":m: 6, s: 20, ml: 530,"t":"info","m":"Hold Time - Drown: 0.09997559"}
{"ts":m: 6, s: 20, ml: 796,"t":"info","m":"Hold Time - Drown: 0.1999512"}
{"ts":m: 6, s: 22, ml: 396,"t":"info","m":"Hold Time - Drown: 0.5999756"}
{"ts":m: 6, s: 27, ml: 747,"t":"info","m":"Hold Time - Drown: 5"}
{"ts":m: 6, s: 27, ml: 747,"t":"info","m":"End Act 1"}
{"ts":m: 6, s: 27, ml: 747,"t":"info","m":"CHOICE 1: Drown"}
{"ts":m: 6, s: 27, ml: 747,"t":"info","m":"End Act 1"}
{"ts":m: 6, s: 27, ml: 747,"t":"info","m":"CHOICE 1: Drown"}
{"ts":m: 7, s: 10, ml: 548,"t":"info","m":"*[Un]lock"}
{"ts":m: 7, s: 10, ml: 781,"t":"info","m":"*Lock"}
{"ts":m: 7, s: 13, ml: 647,"t":"info","m":"*[Un]lock"}
{"ts":m: 8, s: 9, ml: 849,"t":"info","m":"CHOICE 2: Unlock"}
{"ts":m: 8, s: 24, ml: 899,"t":"info","m":"CHOICE 3: Bed"}
{"ts":m: 8, s: 27, ml: 18,"t":"info","m":"End Time"}
{"ts":m: 8, s: 38, ml: 362,"t":"info","m":"Stopped"}
