{"ts":m: 24, s: 12, ml: 944,"t":"info","m":"Started"}
{"ts":m: 24, s: 12, ml: 961,"t":"info","m":"Start Time"}
{"ts":m: 25, s: 52, ml: 977,"t":"info","m":"CHOICE 2: Guard Stairs (Lock)"}
{"ts":m: 25, s: 54, ml: 10,"t":"info","m":"End Act 0"}
{"ts":m: 26, s: 45, ml: 194,"t":"info","m":"End Act 1"}
{"ts":m: 26, s: 45, ml: 194,"t":"info","m":"CHOICE 1: Drown"}
{"ts":m: 26, s: 45, ml: 194,"t":"info","m":"End Act 1"}
{"ts":m: 26, s: 45, ml: 194,"t":"info","m":"CHOICE 1: Drown"}
{"ts":m: 26, s: 50, ml: 356,"t":"info","m":"End Time"}
{"ts":m: 27, s: 23, ml: 945,"t":"info","m":"*[Un]lock"}
{"ts":m: 27, s: 24, ml: 545,"t":"info","m":"*Lock"}
{"ts":m: 27, s: 28, ml: 361,"t":"info","m":"*[Un]lock"}
{"ts":m: 27, s: 40, ml: 361,"t":"info","m":"CHOICE 2: Unlock"}
{"ts":m: 27, s: 48, ml: 444,"t":"info","m":"CHOICE 3: Bed"}
{"ts":m: 28, s: 57, ml: 262,"t":"info","m":"CHOICE: Ditch"}
{"ts":m: 28, s: 57, ml: 279,"t":"info","m":"CHOICE: Ditch"}
{"ts":m: 28, s: 57, ml: 295,"t":"info","m":"CHOICE: Ditch"}
{"ts":m: 28, s: 57, ml: 312,"t":"info","m":"CHOICE: Ditch"}
{"ts":m: 28, s: 57, ml: 329,"t":"info","m":"CHOICE: Ditch"}
{"ts":m: 28, s: 57, ml: 345,"t":"info","m":"CHOICE: Ditch"}
{"ts":m: 28, s: 57, ml: 362,"t":"info","m":"CHOICE: Ditch"}
{"ts":m: 28, s: 57, ml: 379,"t":"info","m":"CHOICE: Ditch"}
{"ts":m: 28, s: 57, ml: 395,"t":"info","m":"CHOICE: Ditch"}
{"ts":m: 28, s: 57, ml: 412,"t":"info","m":"CHOICE: Ditch"}
{"ts":m: 28, s: 57, ml: 429,"t":"info","m":"CHOICE: Ditch"}
{"ts":m: 28, s: 57, ml: 445,"t":"info","m":"CHOICE: Ditch"}
{"ts":m: 28, s: 57, ml: 462,"t":"info","m":"CHOICE: Ditch"}
{"ts":m: 28, s: 57, ml: 479,"t":"info","m":"CHOICE: Ditch"}
{"ts":m: 28, s: 57, ml: 495,"t":"info","m":"CHOICE: Ditch"}
{"ts":m: 28, s: 57, ml: 512,"t":"info","m":"CHOICE: Ditch"}
{"ts":m: 28, s: 57, ml: 529,"t":"info","m":"CHOICE: Ditch"}
{"ts":m: 28, s: 57, ml: 545,"t":"info","m":"CHOICE: Ditch"}
{"ts":m: 28, s: 57, ml: 562,"t":"info","m":"CHOICE: Ditch"}
{"ts":m: 28, s: 57, ml: 579,"t":"info","m":"CHOICE: Ditch"}
{"ts":m: 28, s: 57, ml: 595,"t":"info","m":"CHOICE: Ditch"}
{"ts":m: 28, s: 57, ml: 612,"t":"info","m":"CHOICE: Ditch"}
{"ts":m: 28, s: 57, ml: 629,"t":"info","m":"CHOICE: Ditch"}
{"ts":m: 28, s: 57, ml: 645,"t":"info","m":"CHOICE: Ditch"}
{"ts":m: 28, s: 57, ml: 662,"t":"info","m":"CHOICE: Ditch"}
{"ts":m: 28, s: 57, ml: 679,"t":"info","m":"CHOICE: Ditch"}
{"ts":m: 28, s: 57, ml: 695,"t":"info","m":"CHOICE: Ditch"}
{"ts":m: 28, s: 57, ml: 712,"t":"info","m":"CHOICE: Ditch"}
{"ts":m: 28, s: 57, ml: 729,"t":"info","m":"CHOICE: Ditch"}
{"ts":m: 28, s: 57, ml: 745,"t":"info","m":"CHOICE: Ditch"}
{"ts":m: 28, s: 57, ml: 762,"t":"info","m":"CHOICE: Ditch"}
{"ts":m: 28, s: 57, ml: 779,"t":"info","m":"CHOICE: Ditch"}
{"ts":m: 28, s: 57, ml: 795,"t":"info","m":"CHOICE: Ditch"}
{"ts":m: 28, s: 57, ml: 812,"t":"info","m":"CHOICE: Ditch"}
{"ts":m: 28, s: 57, ml: 829,"t":"info","m":"CHOICE: Ditch"}
{"ts":m: 28, s: 57, ml: 845,"t":"info","m":"CHOICE: Ditch"}
{"ts":m: 28, s: 57, ml: 862,"t":"info","m":"CHOICE: Ditch"}
{"ts":m: 28, s: 57, ml: 879,"t":"info","m":"CHOICE: Ditch"}
{"ts":m: 28, s: 57, ml: 895,"t":"info","m":"CHOICE: Ditch"}
{"ts":m: 28, s: 57, ml: 912,"t":"info","m":"CHOICE: Ditch"}
{"ts":m: 28, s: 57, ml: 929,"t":"info","m":"CHOICE: Ditch"}
{"ts":m: 28, s: 57, ml: 945,"t":"info","m":"CHOICE: Ditch"}
{"ts":m: 28, s: 57, ml: 962,"t":"info","m":"CHOICE: Ditch"}
{"ts":m: 28, s: 57, ml: 979,"t":"info","m":"CHOICE: Ditch"}
{"ts":m: 28, s: 57, ml: 995,"t":"info","m":"CHOICE: Ditch"}
{"ts":m: 28, s: 58, ml: 12,"t":"info","m":"CHOICE: Ditch"}
{"ts":m: 28, s: 58, ml: 29,"t":"info","m":"CHOICE: Ditch"}
{"ts":m: 28, s: 58, ml: 45,"t":"info","m":"CHOICE: Ditch"}
{"ts":m: 28, s: 58, ml: 62,"t":"info","m":"CHOICE: Ditch"}
{"ts":m: 28, s: 58, ml: 79,"t":"info","m":"CHOICE: Ditch"}
{"ts":m: 28, s: 58, ml: 95,"t":"info","m":"CHOICE: Ditch"}
{"ts":m: 28, s: 58, ml: 112,"t":"info","m":"CHOICE: Ditch"}
{"ts":m: 28, s: 58, ml: 129,"t":"info","m":"CHOICE: Ditch"}
{"ts":m: 28, s: 58, ml: 145,"t":"info","m":"CHOICE: Ditch"}
{"ts":m: 28, s: 58, ml: 162,"t":"info","m":"CHOICE: Ditch"}
{"ts":m: 28, s: 58, ml: 179,"t":"info","m":"CHOICE: Ditch"}
{"ts":m: 28, s: 58, ml: 195,"t":"info","m":"CHOICE: Ditch"}
{"ts":m: 28, s: 58, ml: 212,"t":"info","m":"CHOICE: Ditch"}
{"ts":m: 28, s: 58, ml: 229,"t":"info","m":"CHOICE: Ditch"}
{"ts":m: 28, s: 58, ml: 245,"t":"info","m":"CHOICE: Ditch"}
{"ts":m: 28, s: 58, ml: 262,"t":"info","m":"CHOICE: Ditch"}
{"ts":m: 28, s: 58, ml: 279,"t":"info","m":"CHOICE: Ditch"}
{"ts":m: 28, s: 58, ml: 295,"t":"info","m":"CHOICE: Ditch"}
{"ts":m: 28, s: 58, ml: 312,"t":"info","m":"CHOICE: Ditch"}
{"ts":m: 28, s: 58, ml: 329,"t":"info","m":"CHOICE: Ditch"}
{"ts":m: 28, s: 58, ml: 345,"t":"info","m":"CHOICE: Ditch"}
{"ts":m: 28, s: 58, ml: 362,"t":"info","m":"CHOICE: Ditch"}
{"ts":m: 28, s: 58, ml: 379,"t":"info","m":"CHOICE: Ditch"}
{"ts":m: 28, s: 58, ml: 395,"t":"info","m":"CHOICE: Ditch"}
{"ts":m: 28, s: 58, ml: 412,"t":"info","m":"CHOICE: Ditch"}
{"ts":m: 28, s: 58, ml: 429,"t":"info","m":"CHOICE: Ditch"}
{"ts":m: 28, s: 58, ml: 445,"t":"info","m":"CHOICE: Ditch"}
{"ts":m: 28, s: 58, ml: 462,"t":"info","m":"CHOICE: Ditch"}
{"ts":m: 28, s: 58, ml: 479,"t":"info","m":"CHOICE: Ditch"}
{"ts":m: 28, s: 58, ml: 495,"t":"info","m":"CHOICE: Ditch"}
{"ts":m: 28, s: 58, ml: 512,"t":"info","m":"CHOICE: Ditch"}
{"ts":m: 28, s: 58, ml: 529,"t":"info","m":"CHOICE: Ditch"}
{"ts":m: 28, s: 58, ml: 545,"t":"info","m":"CHOICE: Ditch"}
{"ts":m: 28, s: 58, ml: 579,"t":"info","m":"CHOICE: Ditch"}
{"ts":m: 28, s: 58, ml: 596,"t":"info","m":"CHOICE: Ditch"}
{"ts":m: 28, s: 58, ml: 612,"t":"info","m":"CHOICE: Ditch"}
{"ts":m: 28, s: 58, ml: 629,"t":"info","m":"CHOICE: Ditch"}
{"ts":m: 28, s: 58, ml: 645,"t":"info","m":"CHOICE: Ditch"}
{"ts":m: 28, s: 58, ml: 662,"t":"info","m":"CHOICE: Ditch"}
{"ts":m: 28, s: 58, ml: 679,"t":"info","m":"CHOICE: Ditch"}
{"ts":m: 28, s: 58, ml: 696,"t":"info","m":"CHOICE: Ditch"}
{"ts":m: 28, s: 58, ml: 712,"t":"info","m":"CHOICE: Ditch"}
{"ts":m: 28, s: 58, ml: 729,"t":"info","m":"CHOICE: Ditch"}
{"ts":m: 28, s: 58, ml: 746,"t":"info","m":"CHOICE: Ditch"}
{"ts":m: 28, s: 58, ml: 762,"t":"info","m":"CHOICE: Ditch"}
{"ts":m: 28, s: 58, ml: 779,"t":"info","m":"CHOICE: Ditch"}
{"ts":m: 28, s: 58, ml: 795,"t":"info","m":"CHOICE: Ditch"}
{"ts":m: 28, s: 58, ml: 812,"t":"info","m":"CHOICE: Ditch"}
{"ts":m: 28, s: 58, ml: 829,"t":"info","m":"CHOICE: Ditch"}
{"ts":m: 28, s: 58, ml: 845,"t":"info","m":"CHOICE: Ditch"}
{"ts":m: 28, s: 58, ml: 862,"t":"info","m":"CHOICE: Ditch"}
{"ts":m: 28, s: 58, ml: 879,"t":"info","m":"CHOICE: Ditch"}
{"ts":m: 28, s: 58, ml: 895,"t":"info","m":"CHOICE: Ditch"}
{"ts":m: 28, s: 58, ml: 912,"t":"info","m":"CHOICE: Ditch"}
{"ts":m: 28, s: 58, ml: 929,"t":"info","m":"CHOICE: Ditch"}
{"ts":m: 28, s: 58, ml: 945,"t":"info","m":"CHOICE: Ditch"}
{"ts":m: 28, s: 58, ml: 962,"t":"info","m":"CHOICE: Ditch"}
{"ts":m: 28, s: 58, ml: 979,"t":"info","m":"CHOICE: Ditch"}
{"ts":m: 28, s: 58, ml: 995,"t":"info","m":"CHOICE: Ditch"}
{"ts":m: 28, s: 59, ml: 12,"t":"info","m":"CHOICE: Ditch"}
{"ts":m: 28, s: 59, ml: 29,"t":"info","m":"CHOICE: Ditch"}
{"ts":m: 28, s: 59, ml: 45,"t":"info","m":"CHOICE: Ditch"}
{"ts":m: 28, s: 59, ml: 62,"t":"info","m":"CHOICE: Ditch"}
{"ts":m: 28, s: 59, ml: 79,"t":"info","m":"CHOICE: Ditch"}
{"ts":m: 28, s: 59, ml: 95,"t":"info","m":"CHOICE: Ditch"}
{"ts":m: 28, s: 59, ml: 112,"t":"info","m":"CHOICE: Ditch"}
{"ts":m: 28, s: 59, ml: 129,"t":"info","m":"CHOICE: Ditch"}
{"ts":m: 28, s: 59, ml: 145,"t":"info","m":"CHOICE: Ditch"}
{"ts":m: 28, s: 59, ml: 163,"t":"info","m":"CHOICE: Ditch"}
{"ts":m: 28, s: 59, ml: 179,"t":"info","m":"CHOICE: Ditch"}
{"ts":m: 28, s: 59, ml: 195,"t":"info","m":"CHOICE: Ditch"}
{"ts":m: 28, s: 59, ml: 212,"t":"info","m":"CHOICE: Ditch"}
{"ts":m: 28, s: 59, ml: 229,"t":"info","m":"CHOICE: Ditch"}
{"ts":m: 28, s: 59, ml: 245,"t":"info","m":"CHOICE: Ditch"}
{"ts":m: 28, s: 59, ml: 262,"t":"info","m":"CHOICE: Ditch"}
{"ts":m: 28, s: 59, ml: 279,"t":"info","m":"CHOICE: Ditch"}
{"ts":m: 30, s: 6, ml: 264,"t":"info","m":"CHOICE: Leave Ditch"}
{"ts":m: 32, s: 20, ml: 700,"t":"info","m":"CHOICE: Shot Prisoner"}
{"ts":m: 32, s: 44, ml: 266,"t":"info","m":"End Time"}
{"ts":m: 33, s: 16, ml: 318,"t":"info","m":"*[Un]lock"}
{"ts":m: 33, s: 22, ml: 183,"t":"info","m":"CHOICE 2: Unlock"}
{"ts":m: 33, s: 28, ml: 800,"t":"info","m":"CHOICE 3: Bed"}
{"ts":m: 34, s: 35, ml: 384,"t":"info","m":"CHOICE: Ditch"}
{"ts":m: 34, s: 35, ml: 401,"t":"info","m":"CHOICE: Ditch"}
{"ts":m: 34, s: 35, ml: 417,"t":"info","m":"CHOICE: Ditch"}
{"ts":m: 34, s: 35, ml: 434,"t":"info","m":"CHOICE: Ditch"}
{"ts":m: 34, s: 35, ml: 451,"t":"info","m":"CHOICE: Ditch"}
{"ts":m: 34, s: 35, ml: 467,"t":"info","m":"CHOICE: Ditch"}
{"ts":m: 34, s: 35, ml: 484,"t":"info","m":"CHOICE: Ditch"}
{"ts":m: 34, s: 35, ml: 501,"t":"info","m":"CHOICE: Ditch"}
{"ts":m: 34, s: 35, ml: 517,"t":"info","m":"CHOICE: Ditch"}
{"ts":m: 34, s: 35, ml: 534,"t":"info","m":"CHOICE: Ditch"}
{"ts":m: 34, s: 35, ml: 551,"t":"info","m":"CHOICE: Ditch"}
{"ts":m: 34, s: 35, ml: 567,"t":"info","m":"CHOICE: Ditch"}
{"ts":m: 34, s: 35, ml: 584,"t":"info","m":"CHOICE: Ditch"}
{"ts":m: 34, s: 35, ml: 601,"t":"info","m":"CHOICE: Ditch"}
{"ts":m: 34, s: 35, ml: 617,"t":"info","m":"CHOICE: Ditch"}
{"ts":m: 34, s: 35, ml: 634,"t":"info","m":"CHOICE: Ditch"}
{"ts":m: 34, s: 35, ml: 651,"t":"info","m":"CHOICE: Ditch"}
{"ts":m: 34, s: 35, ml: 667,"t":"info","m":"CHOICE: Ditch"}
{"ts":m: 34, s: 35, ml: 684,"t":"info","m":"CHOICE: Ditch"}
{"ts":m: 34, s: 35, ml: 701,"t":"info","m":"CHOICE: Ditch"}
{"ts":m: 34, s: 35, ml: 718,"t":"info","m":"CHOICE: Ditch"}
{"ts":m: 34, s: 35, ml: 734,"t":"info","m":"CHOICE: Ditch"}
{"ts":m: 34, s: 35, ml: 751,"t":"info","m":"CHOICE: Ditch"}
{"ts":m: 34, s: 35, ml: 767,"t":"info","m":"CHOICE: Ditch"}
{"ts":m: 34, s: 35, ml: 784,"t":"info","m":"CHOICE: Ditch"}
{"ts":m: 34, s: 35, ml: 801,"t":"info","m":"CHOICE: Ditch"}
{"ts":m: 34, s: 35, ml: 817,"t":"info","m":"CHOICE: Ditch"}
{"ts":m: 34, s: 35, ml: 834,"t":"info","m":"CHOICE: Ditch"}
{"ts":m: 34, s: 35, ml: 851,"t":"info","m":"CHOICE: Ditch"}
{"ts":m: 34, s: 35, ml: 867,"t":"info","m":"CHOICE: Ditch"}
{"ts":m: 34, s: 35, ml: 884,"t":"info","m":"CHOICE: Ditch"}
{"ts":m: 34, s: 35, ml: 901,"t":"info","m":"CHOICE: Ditch"}
{"ts":m: 34, s: 35, ml: 917,"t":"info","m":"CHOICE: Ditch"}
{"ts":m: 34, s: 35, ml: 934,"t":"info","m":"CHOICE: Ditch"}
{"ts":m: 34, s: 35, ml: 951,"t":"info","m":"CHOICE: Ditch"}
{"ts":m: 34, s: 35, ml: 967,"t":"info","m":"CHOICE: Ditch"}
{"ts":m: 34, s: 35, ml: 984,"t":"info","m":"CHOICE: Ditch"}
{"ts":m: 34, s: 36, ml: 1,"t":"info","m":"CHOICE: Ditch"}
{"ts":m: 34, s: 36, ml: 17,"t":"info","m":"CHOICE: Ditch"}
{"ts":m: 34, s: 36, ml: 34,"t":"info","m":"CHOICE: Ditch"}
{"ts":m: 34, s: 36, ml: 51,"t":"info","m":"CHOICE: Ditch"}
{"ts":m: 34, s: 36, ml: 67,"t":"info","m":"CHOICE: Ditch"}
{"ts":m: 34, s: 36, ml: 84,"t":"info","m":"CHOICE: Ditch"}
{"ts":m: 34, s: 36, ml: 101,"t":"info","m":"CHOICE: Ditch"}
{"ts":m: 34, s: 36, ml: 117,"t":"info","m":"CHOICE: Ditch"}
{"ts":m: 34, s: 36, ml: 134,"t":"info","m":"CHOICE: Ditch"}
{"ts":m: 34, s: 36, ml: 151,"t":"info","m":"CHOICE: Ditch"}
{"ts":m: 34, s: 36, ml: 167,"t":"info","m":"CHOICE: Ditch"}
{"ts":m: 34, s: 36, ml: 184,"t":"info","m":"CHOICE: Ditch"}
{"ts":m: 34, s: 36, ml: 201,"t":"info","m":"CHOICE: Ditch"}
{"ts":m: 34, s: 36, ml: 217,"t":"info","m":"CHOICE: Ditch"}
{"ts":m: 34, s: 36, ml: 234,"t":"info","m":"CHOICE: Ditch"}
{"ts":m: 34, s: 36, ml: 251,"t":"info","m":"CHOICE: Ditch"}
{"ts":m: 34, s: 36, ml: 267,"t":"info","m":"CHOICE: Ditch"}
{"ts":m: 34, s: 36, ml: 284,"t":"info","m":"CHOICE: Ditch"}
{"ts":m: 34, s: 36, ml: 301,"t":"info","m":"CHOICE: Ditch"}
{"ts":m: 34, s: 36, ml: 317,"t":"info","m":"CHOICE: Ditch"}
{"ts":m: 34, s: 36, ml: 334,"t":"info","m":"CHOICE: Ditch"}
{"ts":m: 34, s: 36, ml: 351,"t":"info","m":"CHOICE: Ditch"}
{"ts":m: 34, s: 36, ml: 368,"t":"info","m":"CHOICE: Ditch"}
{"ts":m: 34, s: 36, ml: 384,"t":"info","m":"CHOICE: Ditch"}
{"ts":m: 34, s: 36, ml: 401,"t":"info","m":"CHOICE: Ditch"}
{"ts":m: 34, s: 36, ml: 417,"t":"info","m":"CHOICE: Ditch"}
{"ts":m: 34, s: 36, ml: 434,"t":"info","m":"CHOICE: Ditch"}
{"ts":m: 34, s: 36, ml: 451,"t":"info","m":"CHOICE: Ditch"}
{"ts":m: 34, s: 36, ml: 467,"t":"info","m":"CHOICE: Ditch"}
{"ts":m: 34, s: 36, ml: 484,"t":"info","m":"CHOICE: Ditch"}
{"ts":m: 34, s: 36, ml: 501,"t":"info","m":"CHOICE: Ditch"}
{"ts":m: 34, s: 36, ml: 517,"t":"info","m":"CHOICE: Ditch"}
{"ts":m: 34, s: 36, ml: 534,"t":"info","m":"CHOICE: Ditch"}
{"ts":m: 34, s: 36, ml: 551,"t":"info","m":"CHOICE: Ditch"}
{"ts":m: 34, s: 36, ml: 567,"t":"info","m":"CHOICE: Ditch"}
{"ts":m: 34, s: 36, ml: 584,"t":"info","m":"CHOICE: Ditch"}
{"ts":m: 34, s: 36, ml: 601,"t":"info","m":"CHOICE: Ditch"}
{"ts":m: 34, s: 36, ml: 617,"t":"info","m":"CHOICE: Ditch"}
{"ts":m: 34, s: 36, ml: 634,"t":"info","m":"CHOICE: Ditch"}
{"ts":m: 34, s: 36, ml: 651,"t":"info","m":"CHOICE: Ditch"}
{"ts":m: 34, s: 36, ml: 667,"t":"info","m":"CHOICE: Ditch"}
{"ts":m: 34, s: 36, ml: 684,"t":"info","m":"CHOICE: Ditch"}
{"ts":m: 34, s: 36, ml: 701,"t":"info","m":"CHOICE: Ditch"}
{"ts":m: 34, s: 36, ml: 717,"t":"info","m":"CHOICE: Ditch"}
{"ts":m: 34, s: 36, ml: 734,"t":"info","m":"CHOICE: Ditch"}
{"ts":m: 34, s: 36, ml: 751,"t":"info","m":"CHOICE: Ditch"}
{"ts":m: 34, s: 36, ml: 767,"t":"info","m":"CHOICE: Ditch"}
{"ts":m: 34, s: 36, ml: 784,"t":"info","m":"CHOICE: Ditch"}
{"ts":m: 34, s: 36, ml: 801,"t":"info","m":"CHOICE: Ditch"}
{"ts":m: 34, s: 36, ml: 818,"t":"info","m":"CHOICE: Ditch"}
{"ts":m: 34, s: 36, ml: 834,"t":"info","m":"CHOICE: Ditch"}
{"ts":m: 34, s: 36, ml: 851,"t":"info","m":"CHOICE: Ditch"}
{"ts":m: 34, s: 36, ml: 867,"t":"info","m":"CHOICE: Ditch"}
{"ts":m: 34, s: 36, ml: 884,"t":"info","m":"CHOICE: Ditch"}
{"ts":m: 34, s: 36, ml: 901,"t":"info","m":"CHOICE: Ditch"}
{"ts":m: 34, s: 36, ml: 917,"t":"info","m":"CHOICE: Ditch"}
{"ts":m: 34, s: 36, ml: 934,"t":"info","m":"CHOICE: Ditch"}
{"ts":m: 34, s: 36, ml: 951,"t":"info","m":"CHOICE: Ditch"}
{"ts":m: 34, s: 36, ml: 967,"t":"info","m":"CHOICE: Ditch"}
{"ts":m: 34, s: 36, ml: 984,"t":"info","m":"CHOICE: Ditch"}
{"ts":m: 34, s: 37, ml: 1,"t":"info","m":"CHOICE: Ditch"}
{"ts":m: 34, s: 37, ml: 17,"t":"info","m":"CHOICE: Ditch"}
{"ts":m: 34, s: 37, ml: 34,"t":"info","m":"CHOICE: Ditch"}
{"ts":m: 34, s: 37, ml: 51,"t":"info","m":"CHOICE: Ditch"}
{"ts":m: 34, s: 37, ml: 67,"t":"info","m":"CHOICE: Ditch"}
{"ts":m: 34, s: 37, ml: 84,"t":"info","m":"CHOICE: Ditch"}
{"ts":m: 34, s: 37, ml: 101,"t":"info","m":"CHOICE: Ditch"}
{"ts":m: 34, s: 37, ml: 117,"t":"info","m":"CHOICE: Ditch"}
{"ts":m: 34, s: 37, ml: 135,"t":"info","m":"CHOICE: Ditch"}
{"ts":m: 34, s: 37, ml: 151,"t":"info","m":"CHOICE: Ditch"}
{"ts":m: 34, s: 37, ml: 167,"t":"info","m":"CHOICE: Ditch"}
{"ts":m: 34, s: 37, ml: 184,"t":"info","m":"CHOICE: Ditch"}
{"ts":m: 34, s: 37, ml: 201,"t":"info","m":"CHOICE: Ditch"}
{"ts":m: 34, s: 37, ml: 217,"t":"info","m":"CHOICE: Ditch"}
{"ts":m: 34, s: 37, ml: 234,"t":"info","m":"CHOICE: Ditch"}
{"ts":m: 34, s: 37, ml: 251,"t":"info","m":"CHOICE: Ditch"}
{"ts":m: 34, s: 37, ml: 267,"t":"info","m":"CHOICE: Ditch"}
{"ts":m: 34, s: 37, ml: 284,"t":"info","m":"CHOICE: Ditch"}
{"ts":m: 34, s: 37, ml: 301,"t":"info","m":"CHOICE: Ditch"}
{"ts":m: 34, s: 37, ml: 317,"t":"info","m":"CHOICE: Ditch"}
{"ts":m: 34, s: 37, ml: 334,"t":"info","m":"CHOICE: Ditch"}
{"ts":m: 34, s: 37, ml: 351,"t":"info","m":"CHOICE: Ditch"}
{"ts":m: 34, s: 37, ml: 367,"t":"info","m":"CHOICE: Ditch"}
{"ts":m: 34, s: 37, ml: 384,"t":"info","m":"CHOICE: Ditch"}
{"ts":m: 34, s: 56, ml: 584,"t":"info","m":"CHOICE: Leave Ditch"}
{"ts":m: 38, s: 46, ml: 572,"t":"info","m":"CHOICE: Shot Prisoner"}
{"ts":m: 38, s: 47, ml: 905,"t":"info","m":"CHOICE: Shot Prisoner"}
{"ts":m: 47, s: 50, ml: 351,"t":"info","m":"Stopped"}
