{"ts":m: 23, s: 37, ml: 145,"t":"info","m":"Started"}
{"ts":m: 23, s: 37, ml: 154,"t":"info","m":"Start Time"}
{"ts":m: 24, s: 28, ml: 412,"t":"info","m":"Pet: 0.2668152"}
{"ts":m: 24, s: 35, ml: 26,"t":"info","m":"Pet: 5.016006"}
{"ts":m: 26, s: 15, ml: 779,"t":"info","m":"CHOICE 2: Guard Stairs (Lock)"}
{"ts":m: 26, s: 17, ml: 812,"t":"info","m":"End Act 0"}
{"ts":m: 26, s: 18, ml: 11,"t":"info","m":"CHOICE 2: Guard Stairs (Lock)"}
{"ts":m: 26, s: 20, ml: 29,"t":"info","m":"End Act 0"}
{"ts":m: 27, s: 10, ml: 280,"t":"info","m":"Hold Time - Drown: 0.1000061"}
{"ts":m: 27, s: 10, ml: 496,"t":"info","m":"Hold Time - Drown: 0.1324768"}
{"ts":m: 27, s: 10, ml: 679,"t":"info","m":"Hold Time - Drown: 0.08306885"}
{"ts":m: 27, s: 10, ml: 913,"t":"info","m":"Hold Time - Drown: 0.1000061"}
{"ts":m: 27, s: 12, ml: 713,"t":"info","m":"Hold Time - Drown: 1.266724"}
{"ts":m: 27, s: 16, ml: 413,"t":"info","m":"Hold Time - Drown: 3.500061"}
{"ts":m: 27, s: 18, ml: 246,"t":"info","m":"Hold Time - Drown: 1.533295"}
{"ts":m: 27, s: 23, ml: 563,"t":"info","m":"Hold Time - Drown: 5"}
{"ts":m: 27, s: 23, ml: 563,"t":"info","m":"End Act 1"}
{"ts":m: 27, s: 23, ml: 563,"t":"info","m":"CHOICE 1: Drown"}
{"ts":m: 27, s: 23, ml: 563,"t":"info","m":"End Act 1"}
{"ts":m: 27, s: 23, ml: 563,"t":"info","m":"CHOICE 1: Drown"}
{"ts":m: 27, s: 45, ml: 514,"t":"info","m":"*[Un]lock"}
{"ts":m: 28, s: 8, ml: 847,"t":"info","m":"CHOICE 2: Unlock"}
{"ts":m: 29, s: 5, ml: 315,"t":"info","m":"Stopped"}
