{"ts":m: 0, s: 16, ml: 559,"t":"info","m":"Started"}
{"ts":m: 0, s: 16, ml: 581,"t":"info","m":"Start Time"}
{"ts":m: 2, s: 59, ml: 393,"t":"info","m":"CHOICE 2: Guard Stairs (Lock)"}
{"ts":m: 3, s: 0, ml: 426,"t":"info","m":"End Act 0"}
{"ts":m: 4, s: 33, ml: 544,"t":"info","m":"End Act 1"}
{"ts":m: 4, s: 33, ml: 544,"t":"info","m":"CHOICE 1: Drown"}
{"ts":m: 4, s: 33, ml: 544,"t":"info","m":"End Act 1"}
{"ts":m: 4, s: 33, ml: 544,"t":"info","m":"CHOICE 1: Drown"}
{"ts":m: 4, s: 38, ml: 713,"t":"info","m":"End Time"}
{"ts":m: 5, s: 15, ml: 245,"t":"info","m":"*[Un]lock"}
{"ts":m: 5, s: 28, ml: 228,"t":"info","m":"CHOICE 2: Unlock"}
{"ts":m: 5, s: 41, ml: 211,"t":"info","m":"CHOICE 3: Bed"}
{"ts":m: 6, s: 57, ml: 530,"t":"info","m":"CHOICE: Ditch"}
{"ts":m: 6, s: 57, ml: 546,"t":"info","m":"CHOICE: Ditch"}
{"ts":m: 6, s: 57, ml: 562,"t":"info","m":"CHOICE: Ditch"}
{"ts":m: 6, s: 57, ml: 579,"t":"info","m":"CHOICE: Ditch"}
{"ts":m: 6, s: 57, ml: 596,"t":"info","m":"CHOICE: Ditch"}
{"ts":m: 6, s: 57, ml: 612,"t":"info","m":"CHOICE: Ditch"}
{"ts":m: 6, s: 57, ml: 629,"t":"info","m":"CHOICE: Ditch"}
{"ts":m: 6, s: 57, ml: 646,"t":"info","m":"CHOICE: Ditch"}
{"ts":m: 6, s: 57, ml: 662,"t":"info","m":"CHOICE: Ditch"}
{"ts":m: 6, s: 57, ml: 679,"t":"info","m":"CHOICE: Ditch"}
{"ts":m: 6, s: 57, ml: 696,"t":"info","m":"CHOICE: Ditch"}
{"ts":m: 6, s: 57, ml: 713,"t":"info","m":"CHOICE: Ditch"}
{"ts":m: 6, s: 57, ml: 729,"t":"info","m":"CHOICE: Ditch"}
{"ts":m: 6, s: 57, ml: 746,"t":"info","m":"CHOICE: Ditch"}
{"ts":m: 6, s: 57, ml: 763,"t":"info","m":"CHOICE: Ditch"}
{"ts":m: 6, s: 57, ml: 780,"t":"info","m":"CHOICE: Ditch"}
{"ts":m: 6, s: 57, ml: 796,"t":"info","m":"CHOICE: Ditch"}
{"ts":m: 6, s: 57, ml: 813,"t":"info","m":"CHOICE: Ditch"}
{"ts":m: 6, s: 57, ml: 829,"t":"info","m":"CHOICE: Ditch"}
{"ts":m: 6, s: 57, ml: 846,"t":"info","m":"CHOICE: Ditch"}
{"ts":m: 6, s: 57, ml: 863,"t":"info","m":"CHOICE: Ditch"}
{"ts":m: 6, s: 57, ml: 879,"t":"info","m":"CHOICE: Ditch"}
{"ts":m: 6, s: 57, ml: 896,"t":"info","m":"CHOICE: Ditch"}
{"ts":m: 6, s: 57, ml: 913,"t":"info","m":"CHOICE: Ditch"}
{"ts":m: 6, s: 57, ml: 929,"t":"info","m":"CHOICE: Ditch"}
{"ts":m: 6, s: 57, ml: 946,"t":"info","m":"CHOICE: Ditch"}
{"ts":m: 6, s: 57, ml: 962,"t":"info","m":"CHOICE: Ditch"}
{"ts":m: 6, s: 57, ml: 979,"t":"info","m":"CHOICE: Ditch"}
{"ts":m: 6, s: 57, ml: 996,"t":"info","m":"CHOICE: Ditch"}
{"ts":m: 6, s: 58, ml: 13,"t":"info","m":"CHOICE: Ditch"}
{"ts":m: 6, s: 58, ml: 29,"t":"info","m":"CHOICE: Ditch"}
{"ts":m: 6, s: 58, ml: 46,"t":"info","m":"CHOICE: Ditch"}
{"ts":m: 6, s: 58, ml: 63,"t":"info","m":"CHOICE: Ditch"}
{"ts":m: 6, s: 58, ml: 79,"t":"info","m":"CHOICE: Ditch"}
{"ts":m: 6, s: 58, ml: 96,"t":"info","m":"CHOICE: Ditch"}
{"ts":m: 6, s: 58, ml: 113,"t":"info","m":"CHOICE: Ditch"}
{"ts":m: 6, s: 58, ml: 129,"t":"info","m":"CHOICE: Ditch"}
{"ts":m: 6, s: 58, ml: 146,"t":"info","m":"CHOICE: Ditch"}
{"ts":m: 6, s: 58, ml: 162,"t":"info","m":"CHOICE: Ditch"}
{"ts":m: 6, s: 58, ml: 179,"t":"info","m":"CHOICE: Ditch"}
{"ts":m: 6, s: 58, ml: 196,"t":"info","m":"CHOICE: Ditch"}
{"ts":m: 6, s: 58, ml: 213,"t":"info","m":"CHOICE: Ditch"}
{"ts":m: 6, s: 58, ml: 229,"t":"info","m":"CHOICE: Ditch"}
{"ts":m: 6, s: 58, ml: 246,"t":"info","m":"CHOICE: Ditch"}
{"ts":m: 6, s: 58, ml: 262,"t":"info","m":"CHOICE: Ditch"}
{"ts":m: 6, s: 58, ml: 279,"t":"info","m":"CHOICE: Ditch"}
{"ts":m: 6, s: 58, ml: 296,"t":"info","m":"CHOICE: Ditch"}
{"ts":m: 6, s: 58, ml: 313,"t":"info","m":"CHOICE: Ditch"}
{"ts":m: 6, s: 58, ml: 329,"t":"info","m":"CHOICE: Ditch"}
{"ts":m: 6, s: 58, ml: 346,"t":"info","m":"CHOICE: Ditch"}
{"ts":m: 6, s: 58, ml: 362,"t":"info","m":"CHOICE: Ditch"}
{"ts":m: 6, s: 58, ml: 379,"t":"info","m":"CHOICE: Ditch"}
{"ts":m: 6, s: 58, ml: 396,"t":"info","m":"CHOICE: Ditch"}
{"ts":m: 6, s: 58, ml: 413,"t":"info","m":"CHOICE: Ditch"}
{"ts":m: 6, s: 58, ml: 430,"t":"info","m":"CHOICE: Ditch"}
{"ts":m: 6, s: 58, ml: 446,"t":"info","m":"CHOICE: Ditch"}
{"ts":m: 6, s: 58, ml: 463,"t":"info","m":"CHOICE: Ditch"}
{"ts":m: 6, s: 58, ml: 479,"t":"info","m":"CHOICE: Ditch"}
{"ts":m: 6, s: 58, ml: 496,"t":"info","m":"CHOICE: Ditch"}
{"ts":m: 6, s: 58, ml: 513,"t":"info","m":"CHOICE: Ditch"}
{"ts":m: 6, s: 58, ml: 529,"t":"info","m":"CHOICE: Ditch"}
{"ts":m: 6, s: 58, ml: 546,"t":"info","m":"CHOICE: Ditch"}
{"ts":m: 6, s: 58, ml: 563,"t":"info","m":"CHOICE: Ditch"}
{"ts":m: 6, s: 58, ml: 579,"t":"info","m":"CHOICE: Ditch"}
{"ts":m: 6, s: 58, ml: 596,"t":"info","m":"CHOICE: Ditch"}
{"ts":m: 6, s: 58, ml: 613,"t":"info","m":"CHOICE: Ditch"}
{"ts":m: 6, s: 58, ml: 629,"t":"info","m":"CHOICE: Ditch"}
{"ts":m: 6, s: 58, ml: 646,"t":"info","m":"CHOICE: Ditch"}
{"ts":m: 6, s: 58, ml: 662,"t":"info","m":"CHOICE: Ditch"}
{"ts":m: 6, s: 58, ml: 679,"t":"info","m":"CHOICE: Ditch"}
{"ts":m: 6, s: 58, ml: 696,"t":"info","m":"CHOICE: Ditch"}
{"ts":m: 6, s: 58, ml: 713,"t":"info","m":"CHOICE: Ditch"}
{"ts":m: 6, s: 58, ml: 729,"t":"info","m":"CHOICE: Ditch"}
{"ts":m: 6, s: 58, ml: 746,"t":"info","m":"CHOICE: Ditch"}
{"ts":m: 6, s: 58, ml: 762,"t":"info","m":"CHOICE: Ditch"}
{"ts":m: 6, s: 58, ml: 779,"t":"info","m":"CHOICE: Ditch"}
{"ts":m: 6, s: 58, ml: 796,"t":"info","m":"CHOICE: Ditch"}
{"ts":m: 6, s: 58, ml: 813,"t":"info","m":"CHOICE: Ditch"}
{"ts":m: 6, s: 58, ml: 829,"t":"info","m":"CHOICE: Ditch"}
{"ts":m: 6, s: 58, ml: 846,"t":"info","m":"CHOICE: Ditch"}
{"ts":m: 6, s: 58, ml: 863,"t":"info","m":"CHOICE: Ditch"}
{"ts":m: 6, s: 58, ml: 879,"t":"info","m":"CHOICE: Ditch"}
{"ts":m: 6, s: 58, ml: 896,"t":"info","m":"CHOICE: Ditch"}
{"ts":m: 6, s: 58, ml: 913,"t":"info","m":"CHOICE: Ditch"}
{"ts":m: 6, s: 58, ml: 929,"t":"info","m":"CHOICE: Ditch"}
{"ts":m: 6, s: 58, ml: 946,"t":"info","m":"CHOICE: Ditch"}
{"ts":m: 6, s: 58, ml: 963,"t":"info","m":"CHOICE: Ditch"}
{"ts":m: 6, s: 58, ml: 979,"t":"info","m":"CHOICE: Ditch"}
{"ts":m: 6, s: 58, ml: 996,"t":"info","m":"CHOICE: Ditch"}
{"ts":m: 6, s: 59, ml: 13,"t":"info","m":"CHOICE: Ditch"}
{"ts":m: 6, s: 59, ml: 29,"t":"info","m":"CHOICE: Ditch"}
{"ts":m: 6, s: 59, ml: 46,"t":"info","m":"CHOICE: Ditch"}
{"ts":m: 6, s: 59, ml: 62,"t":"info","m":"CHOICE: Ditch"}
{"ts":m: 6, s: 59, ml: 80,"t":"info","m":"CHOICE: Ditch"}
{"ts":m: 6, s: 59, ml: 96,"t":"info","m":"CHOICE: Ditch"}
{"ts":m: 6, s: 59, ml: 113,"t":"info","m":"CHOICE: Ditch"}
{"ts":m: 6, s: 59, ml: 129,"t":"info","m":"CHOICE: Ditch"}
{"ts":m: 6, s: 59, ml: 146,"t":"info","m":"CHOICE: Ditch"}
{"ts":m: 6, s: 59, ml: 163,"t":"info","m":"CHOICE: Ditch"}
{"ts":m: 6, s: 59, ml: 179,"t":"info","m":"CHOICE: Ditch"}
{"ts":m: 6, s: 59, ml: 196,"t":"info","m":"CHOICE: Ditch"}
{"ts":m: 6, s: 59, ml: 213,"t":"info","m":"CHOICE: Ditch"}
{"ts":m: 6, s: 59, ml: 229,"t":"info","m":"CHOICE: Ditch"}
{"ts":m: 6, s: 59, ml: 246,"t":"info","m":"CHOICE: Ditch"}
{"ts":m: 6, s: 59, ml: 262,"t":"info","m":"CHOICE: Ditch"}
{"ts":m: 6, s: 59, ml: 279,"t":"info","m":"CHOICE: Ditch"}
{"ts":m: 6, s: 59, ml: 296,"t":"info","m":"CHOICE: Ditch"}
{"ts":m: 6, s: 59, ml: 313,"t":"info","m":"CHOICE: Ditch"}
{"ts":m: 6, s: 59, ml: 329,"t":"info","m":"CHOICE: Ditch"}
{"ts":m: 6, s: 59, ml: 346,"t":"info","m":"CHOICE: Ditch"}
{"ts":m: 6, s: 59, ml: 363,"t":"info","m":"CHOICE: Ditch"}
{"ts":m: 6, s: 59, ml: 379,"t":"info","m":"CHOICE: Ditch"}
{"ts":m: 6, s: 59, ml: 396,"t":"info","m":"CHOICE: Ditch"}
{"ts":m: 6, s: 59, ml: 413,"t":"info","m":"CHOICE: Ditch"}
{"ts":m: 6, s: 59, ml: 429,"t":"info","m":"CHOICE: Ditch"}
{"ts":m: 6, s: 59, ml: 446,"t":"info","m":"CHOICE: Ditch"}
{"ts":m: 6, s: 59, ml: 463,"t":"info","m":"CHOICE: Ditch"}
{"ts":m: 6, s: 59, ml: 479,"t":"info","m":"CHOICE: Ditch"}
{"ts":m: 6, s: 59, ml: 496,"t":"info","m":"CHOICE: Ditch"}
{"ts":m: 6, s: 59, ml: 513,"t":"info","m":"CHOICE: Ditch"}
{"ts":m: 6, s: 59, ml: 529,"t":"info","m":"CHOICE: Ditch"}
{"ts":m: 6, s: 59, ml: 546,"t":"info","m":"CHOICE: Ditch"}
{"ts":m: 6, s: 59, ml: 563,"t":"info","m":"CHOICE: Ditch"}
{"ts":m: 8, s: 19, ml: 514,"t":"info","m":"CHOICE: Killed At Ditch"}
{"ts":m: 8, s: 37, ml: 767,"t":"info","m":"End Time"}
{"ts":m: 9, s: 23, ml: 866,"t":"info","m":"*[Un]lock"}
{"ts":m: 9, s: 45, ml: 133,"t":"info","m":"CHOICE 2: Unlock"}
{"ts":m: 9, s: 55, ml: 66,"t":"info","m":"CHOICE 3: Bed"}
{"ts":m: 11, s: 4, ml: 784,"t":"info","m":"CHOICE: Ditch"}
{"ts":m: 11, s: 4, ml: 801,"t":"info","m":"CHOICE: Ditch"}
{"ts":m: 11, s: 4, ml: 817,"t":"info","m":"CHOICE: Ditch"}
{"ts":m: 11, s: 4, ml: 834,"t":"info","m":"CHOICE: Ditch"}
{"ts":m: 11, s: 4, ml: 851,"t":"info","m":"CHOICE: Ditch"}
{"ts":m: 11, s: 4, ml: 868,"t":"info","m":"CHOICE: Ditch"}
{"ts":m: 11, s: 4, ml: 884,"t":"info","m":"CHOICE: Ditch"}
{"ts":m: 11, s: 4, ml: 901,"t":"info","m":"CHOICE: Ditch"}
{"ts":m: 11, s: 4, ml: 917,"t":"info","m":"CHOICE: Ditch"}
{"ts":m: 11, s: 4, ml: 934,"t":"info","m":"CHOICE: Ditch"}
{"ts":m: 11, s: 4, ml: 951,"t":"info","m":"CHOICE: Ditch"}
{"ts":m: 11, s: 4, ml: 967,"t":"info","m":"CHOICE: Ditch"}
{"ts":m: 11, s: 4, ml: 984,"t":"info","m":"CHOICE: Ditch"}
{"ts":m: 11, s: 5, ml: 1,"t":"info","m":"CHOICE: Ditch"}
{"ts":m: 11, s: 5, ml: 17,"t":"info","m":"CHOICE: Ditch"}
{"ts":m: 11, s: 5, ml: 34,"t":"info","m":"CHOICE: Ditch"}
{"ts":m: 11, s: 5, ml: 51,"t":"info","m":"CHOICE: Ditch"}
{"ts":m: 11, s: 5, ml: 67,"t":"info","m":"CHOICE: Ditch"}
{"ts":m: 11, s: 5, ml: 84,"t":"info","m":"CHOICE: Ditch"}
{"ts":m: 11, s: 5, ml: 101,"t":"info","m":"CHOICE: Ditch"}
{"ts":m: 11, s: 5, ml: 117,"t":"info","m":"CHOICE: Ditch"}
{"ts":m: 11, s: 5, ml: 134,"t":"info","m":"CHOICE: Ditch"}
{"ts":m: 11, s: 5, ml: 151,"t":"info","m":"CHOICE: Ditch"}
{"ts":m: 11, s: 5, ml: 167,"t":"info","m":"CHOICE: Ditch"}
{"ts":m: 11, s: 5, ml: 184,"t":"info","m":"CHOICE: Ditch"}
{"ts":m: 11, s: 5, ml: 201,"t":"info","m":"CHOICE: Ditch"}
{"ts":m: 11, s: 5, ml: 217,"t":"info","m":"CHOICE: Ditch"}
{"ts":m: 11, s: 5, ml: 234,"t":"info","m":"CHOICE: Ditch"}
{"ts":m: 11, s: 5, ml: 250,"t":"info","m":"CHOICE: Ditch"}
{"ts":m: 11, s: 5, ml: 267,"t":"info","m":"CHOICE: Ditch"}
{"ts":m: 11, s: 5, ml: 284,"t":"info","m":"CHOICE: Ditch"}
{"ts":m: 11, s: 5, ml: 301,"t":"info","m":"CHOICE: Ditch"}
{"ts":m: 11, s: 5, ml: 317,"t":"info","m":"CHOICE: Ditch"}
{"ts":m: 11, s: 5, ml: 334,"t":"info","m":"CHOICE: Ditch"}
{"ts":m: 11, s: 5, ml: 351,"t":"info","m":"CHOICE: Ditch"}
{"ts":m: 11, s: 5, ml: 367,"t":"info","m":"CHOICE: Ditch"}
{"ts":m: 11, s: 5, ml: 384,"t":"info","m":"CHOICE: Ditch"}
{"ts":m: 11, s: 5, ml: 400,"t":"info","m":"CHOICE: Ditch"}
{"ts":m: 11, s: 5, ml: 417,"t":"info","m":"CHOICE: Ditch"}
{"ts":m: 11, s: 5, ml: 434,"t":"info","m":"CHOICE: Ditch"}
{"ts":m: 11, s: 5, ml: 451,"t":"info","m":"CHOICE: Ditch"}
{"ts":m: 11, s: 5, ml: 467,"t":"info","m":"CHOICE: Ditch"}
{"ts":m: 11, s: 5, ml: 484,"t":"info","m":"CHOICE: Ditch"}
{"ts":m: 11, s: 5, ml: 501,"t":"info","m":"CHOICE: Ditch"}
{"ts":m: 11, s: 5, ml: 517,"t":"info","m":"CHOICE: Ditch"}
{"ts":m: 11, s: 5, ml: 534,"t":"info","m":"CHOICE: Ditch"}
{"ts":m: 11, s: 5, ml: 551,"t":"info","m":"CHOICE: Ditch"}
{"ts":m: 11, s: 5, ml: 568,"t":"info","m":"CHOICE: Ditch"}
{"ts":m: 11, s: 5, ml: 585,"t":"info","m":"CHOICE: Ditch"}
{"ts":m: 11, s: 5, ml: 601,"t":"info","m":"CHOICE: Ditch"}
{"ts":m: 11, s: 5, ml: 617,"t":"info","m":"CHOICE: Ditch"}
{"ts":m: 11, s: 5, ml: 634,"t":"info","m":"CHOICE: Ditch"}
{"ts":m: 11, s: 5, ml: 651,"t":"info","m":"CHOICE: Ditch"}
{"ts":m: 11, s: 5, ml: 667,"t":"info","m":"CHOICE: Ditch"}
{"ts":m: 11, s: 5, ml: 684,"t":"info","m":"CHOICE: Ditch"}
{"ts":m: 11, s: 5, ml: 701,"t":"info","m":"CHOICE: Ditch"}
{"ts":m: 11, s: 5, ml: 717,"t":"info","m":"CHOICE: Ditch"}
{"ts":m: 11, s: 5, ml: 734,"t":"info","m":"CHOICE: Ditch"}
{"ts":m: 11, s: 5, ml: 751,"t":"info","m":"CHOICE: Ditch"}
{"ts":m: 11, s: 5, ml: 767,"t":"info","m":"CHOICE: Ditch"}
{"ts":m: 11, s: 5, ml: 784,"t":"info","m":"CHOICE: Ditch"}
{"ts":m: 11, s: 5, ml: 801,"t":"info","m":"CHOICE: Ditch"}
{"ts":m: 11, s: 5, ml: 817,"t":"info","m":"CHOICE: Ditch"}
{"ts":m: 11, s: 5, ml: 834,"t":"info","m":"CHOICE: Ditch"}
{"ts":m: 11, s: 5, ml: 851,"t":"info","m":"CHOICE: Ditch"}
{"ts":m: 11, s: 5, ml: 867,"t":"info","m":"CHOICE: Ditch"}
{"ts":m: 11, s: 5, ml: 884,"t":"info","m":"CHOICE: Ditch"}
{"ts":m: 11, s: 5, ml: 901,"t":"info","m":"CHOICE: Ditch"}
{"ts":m: 11, s: 5, ml: 917,"t":"info","m":"CHOICE: Ditch"}
{"ts":m: 11, s: 5, ml: 934,"t":"info","m":"CHOICE: Ditch"}
{"ts":m: 11, s: 5, ml: 950,"t":"info","m":"CHOICE: Ditch"}
{"ts":m: 11, s: 5, ml: 967,"t":"info","m":"CHOICE: Ditch"}
{"ts":m: 11, s: 5, ml: 984,"t":"info","m":"CHOICE: Ditch"}
{"ts":m: 11, s: 6, ml: 1,"t":"info","m":"CHOICE: Ditch"}
{"ts":m: 11, s: 6, ml: 17,"t":"info","m":"CHOICE: Ditch"}
{"ts":m: 11, s: 6, ml: 34,"t":"info","m":"CHOICE: Ditch"}
{"ts":m: 11, s: 6, ml: 51,"t":"info","m":"CHOICE: Ditch"}
{"ts":m: 11, s: 6, ml: 67,"t":"info","m":"CHOICE: Ditch"}
{"ts":m: 11, s: 6, ml: 84,"t":"info","m":"CHOICE: Ditch"}
{"ts":m: 11, s: 6, ml: 101,"t":"info","m":"CHOICE: Ditch"}
{"ts":m: 11, s: 6, ml: 117,"t":"info","m":"CHOICE: Ditch"}
{"ts":m: 11, s: 6, ml: 134,"t":"info","m":"CHOICE: Ditch"}
{"ts":m: 11, s: 6, ml: 151,"t":"info","m":"CHOICE: Ditch"}
{"ts":m: 11, s: 6, ml: 167,"t":"info","m":"CHOICE: Ditch"}
{"ts":m: 11, s: 6, ml: 184,"t":"info","m":"CHOICE: Ditch"}
{"ts":m: 11, s: 6, ml: 201,"t":"info","m":"CHOICE: Ditch"}
{"ts":m: 11, s: 6, ml: 217,"t":"info","m":"CHOICE: Ditch"}
{"ts":m: 11, s: 6, ml: 234,"t":"info","m":"CHOICE: Ditch"}
{"ts":m: 11, s: 6, ml: 251,"t":"info","m":"CHOICE: Ditch"}
{"ts":m: 11, s: 6, ml: 267,"t":"info","m":"CHOICE: Ditch"}
{"ts":m: 11, s: 6, ml: 284,"t":"info","m":"CHOICE: Ditch"}
{"ts":m: 11, s: 6, ml: 301,"t":"info","m":"CHOICE: Ditch"}
{"ts":m: 11, s: 6, ml: 317,"t":"info","m":"CHOICE: Ditch"}
{"ts":m: 11, s: 6, ml: 334,"t":"info","m":"CHOICE: Ditch"}
{"ts":m: 11, s: 6, ml: 350,"t":"info","m":"CHOICE: Ditch"}
{"ts":m: 11, s: 6, ml: 367,"t":"info","m":"CHOICE: Ditch"}
{"ts":m: 11, s: 6, ml: 384,"t":"info","m":"CHOICE: Ditch"}
{"ts":m: 11, s: 6, ml: 400,"t":"info","m":"CHOICE: Ditch"}
{"ts":m: 11, s: 6, ml: 417,"t":"info","m":"CHOICE: Ditch"}
{"ts":m: 11, s: 6, ml: 434,"t":"info","m":"CHOICE: Ditch"}
{"ts":m: 11, s: 6, ml: 451,"t":"info","m":"CHOICE: Ditch"}
{"ts":m: 11, s: 6, ml: 467,"t":"info","m":"CHOICE: Ditch"}
{"ts":m: 11, s: 6, ml: 484,"t":"info","m":"CHOICE: Ditch"}
{"ts":m: 11, s: 6, ml: 501,"t":"info","m":"CHOICE: Ditch"}
{"ts":m: 11, s: 6, ml: 517,"t":"info","m":"CHOICE: Ditch"}
{"ts":m: 11, s: 6, ml: 534,"t":"info","m":"CHOICE: Ditch"}
{"ts":m: 11, s: 6, ml: 551,"t":"info","m":"CHOICE: Ditch"}
{"ts":m: 11, s: 6, ml: 567,"t":"info","m":"CHOICE: Ditch"}
{"ts":m: 11, s: 6, ml: 584,"t":"info","m":"CHOICE: Ditch"}
{"ts":m: 11, s: 6, ml: 601,"t":"info","m":"CHOICE: Ditch"}
{"ts":m: 11, s: 6, ml: 617,"t":"info","m":"CHOICE: Ditch"}
{"ts":m: 11, s: 6, ml: 634,"t":"info","m":"CHOICE: Ditch"}
{"ts":m: 11, s: 6, ml: 651,"t":"info","m":"CHOICE: Ditch"}
{"ts":m: 11, s: 6, ml: 667,"t":"info","m":"CHOICE: Ditch"}
{"ts":m: 11, s: 6, ml: 684,"t":"info","m":"CHOICE: Ditch"}
{"ts":m: 11, s: 6, ml: 701,"t":"info","m":"CHOICE: Ditch"}
{"ts":m: 11, s: 6, ml: 717,"t":"info","m":"CHOICE: Ditch"}
{"ts":m: 11, s: 6, ml: 734,"t":"info","m":"CHOICE: Ditch"}
{"ts":m: 11, s: 6, ml: 751,"t":"info","m":"CHOICE: Ditch"}
{"ts":m: 11, s: 6, ml: 767,"t":"info","m":"CHOICE: Ditch"}
{"ts":m: 11, s: 6, ml: 784,"t":"info","m":"CHOICE: Ditch"}
{"ts":m: 12, s: 11, ml: 402,"t":"info","m":"CHOICE: Killed At Ditch"}
{"ts":m: 12, s: 27, ml: 830,"t":"info","m":"End Time"}
{"ts":m: 13, s: 9, ml: 770,"t":"info","m":"*[Un]lock"}
{"ts":m: 13, s: 19, ml: 687,"t":"info","m":"CHOICE 2: Unlock"}
{"ts":m: 13, s: 43, ml: 387,"t":"info","m":"CHOICE 3: Prisoner Stairs"}
{"ts":m: 13, s: 52, ml: 755,"t":"info","m":"CHOICE 3: Prisoner Stairs"}
{"ts":m: 14, s: 0, ml: 738,"t":"info","m":"CHOICE 3: Prisoner Stairs"}
{"ts":m: 19, s: 32, ml: 390,"t":"info","m":"Stopped"}
