{"ts":m: 25, s: 52, ml: 105,"t":"info","m":"Started"}
{"ts":m: 25, s: 52, ml: 113,"t":"info","m":"Start Time"}
{"ts":m: 26, s: 31, ml: 771,"t":"info","m":"Pet: 0.200058"}
{"ts":m: 26, s: 32, ml: 686,"t":"info","m":"Pet: 0.466568"}
{"ts":m: 26, s: 33, ml: 419,"t":"info","m":"Pet: 0.466629"}
{"ts":m: 26, s: 35, ml: 186,"t":"info","m":"Pet: 0.1500702"}
{"ts":m: 26, s: 35, ml: 653,"t":"info","m":"Pet: 0.09999084"}
{"ts":m: 26, s: 37, ml: 469,"t":"info","m":"Pet: 0.1165619"}
{"ts":m: 26, s: 39, ml: 686,"t":"info","m":"Pet: 0.1833191"}
{"ts":m: 26, s: 42, ml: 219,"t":"info","m":"Pet: 0.1999359"}
{"ts":m: 27, s: 20, ml: 820,"t":"info","m":"Pet: 0.1000061"}
{"ts":m: 27, s: 21, ml: 120,"t":"info","m":"Pet: 0.1500092"}
{"ts":m: 27, s: 21, ml: 570,"t":"info","m":"Pet: 0.116684"}
{"ts":m: 27, s: 21, ml: 770,"t":"info","m":"Pet: 0.09992981"}
{"ts":m: 27, s: 21, ml: 970,"t":"info","m":"Pet: 0.09999084"}
{"ts":m: 27, s: 22, ml: 187,"t":"info","m":"Pet: 0.1166229"}
{"ts":m: 27, s: 22, ml: 404,"t":"info","m":"Pet: 0.1166229"}
{"ts":m: 27, s: 22, ml: 604,"t":"info","m":"Pet: 0.0834198"}
{"ts":m: 27, s: 22, ml: 837,"t":"info","m":"Pet: 0.09994507"}
{"ts":m: 27, s: 23, ml: 20,"t":"info","m":"Pet: 0.1000214"}
{"ts":m: 27, s: 23, ml: 937,"t":"info","m":"Pet: 0.09997559"}
{"ts":m: 27, s: 24, ml: 170,"t":"info","m":"Pet: 0.08334351"}
{"ts":m: 27, s: 24, ml: 404,"t":"info","m":"Pet: 0.1166382"}
{"ts":m: 27, s: 29, ml: 754,"t":"info","m":"Pet: 5.000183"}
{"ts":m: 29, s: 40, ml: 973,"t":"info","m":"CHOICE 2: Guard Stairs (Lock)"}
{"ts":m: 29, s: 42, ml: 340,"t":"info","m":"CHOICE 2: Guard Stairs (Lock)"}
{"ts":m: 29, s: 44, ml: 340,"t":"info","m":"End Act 0"}
{"ts":m: 33, s: 1, ml: 694,"t":"info","m":"Hold Time - Drown: 0.4334106"}
{"ts":m: 33, s: 8, ml: 545,"t":"info","m":"Hold Time - Drown: 5"}
{"ts":m: 33, s: 8, ml: 545,"t":"info","m":"End Act 1"}
{"ts":m: 33, s: 8, ml: 545,"t":"info","m":"CHOICE 1: Drown"}
{"ts":m: 33, s: 8, ml: 545,"t":"info","m":"End Act 1"}
{"ts":m: 33, s: 8, ml: 545,"t":"info","m":"CHOICE 1: Drown"}
{"ts":m: 34, s: 11, ml: 96,"t":"info","m":"*[Un]lock"}
{"ts":m: 34, s: 53, ml: 396,"t":"info","m":"*Lock"}
{"ts":m: 35, s: 7, ml: 96,"t":"info","m":"CHOICE 2: Guard Stairs (Lock)"}
{"ts":m: 35, s: 11, ml: 303,"t":"info","m":"End Time"}
{"ts":m: 41, s: 56, ml: 65,"t":"info","m":"Stopped"}
