{"ts":m: 48, s: 45, ml: 506,"t":"info","m":"Started"}
{"ts":m: 48, s: 45, ml: 523,"t":"info","m":"Start Time"}
{"ts":m: 50, s: 34, ml: 605,"t":"info","m":"CHOICE 2: Guard Stairs (Lock)"}
{"ts":m: 50, s: 35, ml: 606,"t":"info","m":"End Act 0"}
{"ts":m: 51, s: 49, ml: 490,"t":"info","m":"End Act 1"}
{"ts":m: 51, s: 49, ml: 490,"t":"info","m":"CHOICE 1: Drown"}
{"ts":m: 51, s: 49, ml: 490,"t":"info","m":"End Act 1"}
{"ts":m: 51, s: 49, ml: 490,"t":"info","m":"CHOICE 1: Drown"}
{"ts":m: 51, s: 54, ml: 658,"t":"info","m":"End Time"}
{"ts":m: 52, s: 29, ml: 991,"t":"info","m":"*[Un]lock"}
{"ts":m: 52, s: 50, ml: 491,"t":"info","m":"CHOICE 2: Unlock"}
{"ts":m: 53, s: 10, ml: 976,"t":"info","m":"CHOICE 3: Prisoner Stairs"}
{"ts":m: 57, s: 1, ml: 528,"t":"info","m":"CHOICE: Prisoner Bomb"}
{"ts":m: 57, s: 4, ml: 161,"t":"info","m":"CHOICE: Prisoner Bomb"}
{"ts":m: 57, s: 36, ml: 712,"t":"info","m":"CHOICE: Execution"}
{"ts":m: 57, s: 36, ml: 728,"t":"info","m":"CHOICE: Execution"}
{"ts":m: 57, s: 36, ml: 744,"t":"info","m":"CHOICE: Execution"}
{"ts":m: 57, s: 36, ml: 761,"t":"info","m":"CHOICE: Execution"}
{"ts":m: 57, s: 36, ml: 778,"t":"info","m":"CHOICE: Execution"}
{"ts":m: 57, s: 36, ml: 795,"t":"info","m":"CHOICE: Execution"}
{"ts":m: 57, s: 36, ml: 811,"t":"info","m":"CHOICE: Execution"}
{"ts":m: 57, s: 36, ml: 828,"t":"info","m":"CHOICE: Execution"}
{"ts":m: 57, s: 36, ml: 844,"t":"info","m":"CHOICE: Execution"}
{"ts":m: 57, s: 36, ml: 861,"t":"info","m":"CHOICE: Execution"}
{"ts":m: 57, s: 36, ml: 878,"t":"info","m":"CHOICE: Execution"}
{"ts":m: 57, s: 36, ml: 895,"t":"info","m":"CHOICE: Execution"}
{"ts":m: 57, s: 36, ml: 911,"t":"info","m":"CHOICE: Execution"}
{"ts":m: 57, s: 36, ml: 928,"t":"info","m":"CHOICE: Execution"}
{"ts":m: 57, s: 36, ml: 944,"t":"info","m":"CHOICE: Execution"}
{"ts":m: 57, s: 36, ml: 961,"t":"info","m":"CHOICE: Execution"}
{"ts":m: 57, s: 36, ml: 978,"t":"info","m":"CHOICE: Execution"}
{"ts":m: 57, s: 36, ml: 995,"t":"info","m":"CHOICE: Execution"}
{"ts":m: 57, s: 37, ml: 12,"t":"info","m":"CHOICE: Execution"}
{"ts":m: 57, s: 37, ml: 28,"t":"info","m":"CHOICE: Execution"}
{"ts":m: 57, s: 37, ml: 44,"t":"info","m":"CHOICE: Execution"}
{"ts":m: 57, s: 37, ml: 61,"t":"info","m":"CHOICE: Execution"}
{"ts":m: 57, s: 37, ml: 78,"t":"info","m":"CHOICE: Execution"}
{"ts":m: 57, s: 37, ml: 94,"t":"info","m":"CHOICE: Execution"}
{"ts":m: 57, s: 37, ml: 111,"t":"info","m":"CHOICE: Execution"}
{"ts":m: 57, s: 37, ml: 128,"t":"info","m":"CHOICE: Execution"}
{"ts":m: 57, s: 37, ml: 144,"t":"info","m":"CHOICE: Execution"}
{"ts":m: 57, s: 37, ml: 161,"t":"info","m":"CHOICE: Execution"}
{"ts":m: 57, s: 37, ml: 178,"t":"info","m":"CHOICE: Execution"}
{"ts":m: 57, s: 37, ml: 195,"t":"info","m":"CHOICE: Execution"}
{"ts":m: 57, s: 37, ml: 212,"t":"info","m":"CHOICE: Execution"}
{"ts":m: 57, s: 37, ml: 228,"t":"info","m":"CHOICE: Execution"}
{"ts":m: 57, s: 37, ml: 245,"t":"info","m":"CHOICE: Execution"}
{"ts":m: 57, s: 37, ml: 261,"t":"info","m":"CHOICE: Execution"}
{"ts":m: 57, s: 37, ml: 278,"t":"info","m":"CHOICE: Execution"}
{"ts":m: 57, s: 37, ml: 295,"t":"info","m":"CHOICE: Execution"}
{"ts":m: 57, s: 37, ml: 311,"t":"info","m":"CHOICE: Execution"}
{"ts":m: 57, s: 37, ml: 328,"t":"info","m":"CHOICE: Execution"}
{"ts":m: 57, s: 37, ml: 344,"t":"info","m":"CHOICE: Execution"}
{"ts":m: 57, s: 37, ml: 361,"t":"info","m":"CHOICE: Execution"}
{"ts":m: 57, s: 37, ml: 378,"t":"info","m":"CHOICE: Execution"}
{"ts":m: 57, s: 37, ml: 395,"t":"info","m":"CHOICE: Execution"}
{"ts":m: 57, s: 37, ml: 411,"t":"info","m":"CHOICE: Execution"}
{"ts":m: 57, s: 37, ml: 428,"t":"info","m":"CHOICE: Execution"}
{"ts":m: 57, s: 37, ml: 444,"t":"info","m":"CHOICE: Execution"}
{"ts":m: 57, s: 37, ml: 461,"t":"info","m":"CHOICE: Execution"}
{"ts":m: 57, s: 37, ml: 478,"t":"info","m":"CHOICE: Execution"}
{"ts":m: 57, s: 37, ml: 495,"t":"info","m":"CHOICE: Execution"}
{"ts":m: 57, s: 37, ml: 511,"t":"info","m":"CHOICE: Execution"}
{"ts":m: 57, s: 37, ml: 528,"t":"info","m":"CHOICE: Execution"}
{"ts":m: 57, s: 37, ml: 545,"t":"info","m":"CHOICE: Execution"}
{"ts":m: 57, s: 37, ml: 561,"t":"info","m":"CHOICE: Execution"}
{"ts":m: 57, s: 37, ml: 578,"t":"info","m":"CHOICE: Execution"}
{"ts":m: 57, s: 37, ml: 595,"t":"info","m":"CHOICE: Execution"}
{"ts":m: 57, s: 37, ml: 611,"t":"info","m":"CHOICE: Execution"}
{"ts":m: 57, s: 37, ml: 628,"t":"info","m":"CHOICE: Execution"}
{"ts":m: 57, s: 37, ml: 644,"t":"info","m":"CHOICE: Execution"}
{"ts":m: 57, s: 37, ml: 661,"t":"info","m":"CHOICE: Execution"}
{"ts":m: 57, s: 37, ml: 678,"t":"info","m":"CHOICE: Execution"}
{"ts":m: 57, s: 37, ml: 695,"t":"info","m":"CHOICE: Execution"}
{"ts":m: 57, s: 37, ml: 711,"t":"info","m":"CHOICE: Execution"}
{"ts":m: 57, s: 37, ml: 728,"t":"info","m":"CHOICE: Execution"}
{"ts":m: 57, s: 37, ml: 744,"t":"info","m":"CHOICE: Execution"}
{"ts":m: 57, s: 37, ml: 761,"t":"info","m":"CHOICE: Execution"}
{"ts":m: 57, s: 37, ml: 778,"t":"info","m":"CHOICE: Execution"}
{"ts":m: 57, s: 37, ml: 795,"t":"info","m":"CHOICE: Execution"}
{"ts":m: 57, s: 37, ml: 811,"t":"info","m":"CHOICE: Execution"}
{"ts":m: 57, s: 37, ml: 828,"t":"info","m":"CHOICE: Execution"}
{"ts":m: 57, s: 37, ml: 845,"t":"info","m":"CHOICE: Execution"}
{"ts":m: 57, s: 37, ml: 862,"t":"info","m":"CHOICE: Execution"}
{"ts":m: 57, s: 37, ml: 878,"t":"info","m":"CHOICE: Execution"}
{"ts":m: 57, s: 37, ml: 895,"t":"info","m":"CHOICE: Execution"}
{"ts":m: 57, s: 37, ml: 911,"t":"info","m":"CHOICE: Execution"}
{"ts":m: 57, s: 37, ml: 928,"t":"info","m":"CHOICE: Execution"}
{"ts":m: 57, s: 37, ml: 944,"t":"info","m":"CHOICE: Execution"}
{"ts":m: 57, s: 37, ml: 961,"t":"info","m":"CHOICE: Execution"}
{"ts":m: 57, s: 37, ml: 978,"t":"info","m":"CHOICE: Execution"}
{"ts":m: 57, s: 37, ml: 994,"t":"info","m":"CHOICE: Execution"}
{"ts":m: 57, s: 38, ml: 11,"t":"info","m":"CHOICE: Execution"}
{"ts":m: 57, s: 38, ml: 28,"t":"info","m":"CHOICE: Execution"}
{"ts":m: 57, s: 38, ml: 45,"t":"info","m":"CHOICE: Execution"}
{"ts":m: 57, s: 38, ml: 61,"t":"info","m":"CHOICE: Execution"}
{"ts":m: 57, s: 38, ml: 78,"t":"info","m":"CHOICE: Execution"}
{"ts":m: 57, s: 38, ml: 94,"t":"info","m":"CHOICE: Execution"}
{"ts":m: 57, s: 38, ml: 111,"t":"info","m":"CHOICE: Execution"}
{"ts":m: 57, s: 38, ml: 128,"t":"info","m":"CHOICE: Execution"}
{"ts":m: 57, s: 38, ml: 144,"t":"info","m":"CHOICE: Execution"}
{"ts":m: 57, s: 38, ml: 161,"t":"info","m":"CHOICE: Execution"}
{"ts":m: 57, s: 38, ml: 178,"t":"info","m":"CHOICE: Execution"}
{"ts":m: 57, s: 38, ml: 195,"t":"info","m":"CHOICE: Execution"}
{"ts":m: 57, s: 38, ml: 211,"t":"info","m":"CHOICE: Execution"}
{"ts":m: 57, s: 38, ml: 228,"t":"info","m":"CHOICE: Execution"}
{"ts":m: 57, s: 38, ml: 245,"t":"info","m":"CHOICE: Execution"}
{"ts":m: 57, s: 38, ml: 261,"t":"info","m":"CHOICE: Execution"}
{"ts":m: 57, s: 38, ml: 278,"t":"info","m":"CHOICE: Execution"}
{"ts":m: 57, s: 38, ml: 295,"t":"info","m":"CHOICE: Execution"}
{"ts":m: 57, s: 38, ml: 311,"t":"info","m":"CHOICE: Execution"}
{"ts":m: 57, s: 38, ml: 328,"t":"info","m":"CHOICE: Execution"}
{"ts":m: 57, s: 38, ml: 344,"t":"info","m":"CHOICE: Execution"}
{"ts":m: 57, s: 38, ml: 361,"t":"info","m":"CHOICE: Execution"}
{"ts":m: 57, s: 38, ml: 378,"t":"info","m":"CHOICE: Execution"}
{"ts":m: 57, s: 38, ml: 394,"t":"info","m":"CHOICE: Execution"}
{"ts":m: 57, s: 38, ml: 411,"t":"info","m":"CHOICE: Execution"}
{"ts":m: 57, s: 38, ml: 428,"t":"info","m":"CHOICE: Execution"}
{"ts":m: 57, s: 38, ml: 444,"t":"info","m":"CHOICE: Execution"}
{"ts":m: 57, s: 38, ml: 461,"t":"info","m":"CHOICE: Execution"}
{"ts":m: 57, s: 38, ml: 478,"t":"info","m":"CHOICE: Execution"}
{"ts":m: 57, s: 38, ml: 495,"t":"info","m":"CHOICE: Execution"}
{"ts":m: 57, s: 38, ml: 512,"t":"info","m":"CHOICE: Execution"}
{"ts":m: 57, s: 38, ml: 528,"t":"info","m":"CHOICE: Execution"}
{"ts":m: 57, s: 38, ml: 544,"t":"info","m":"CHOICE: Execution"}
{"ts":m: 57, s: 38, ml: 561,"t":"info","m":"CHOICE: Execution"}
{"ts":m: 57, s: 38, ml: 578,"t":"info","m":"CHOICE: Execution"}
{"ts":m: 57, s: 38, ml: 595,"t":"info","m":"CHOICE: Execution"}
{"ts":m: 57, s: 38, ml: 611,"t":"info","m":"CHOICE: Execution"}
{"ts":m: 57, s: 38, ml: 628,"t":"info","m":"CHOICE: Execution"}
{"ts":m: 57, s: 38, ml: 644,"t":"info","m":"CHOICE: Execution"}
{"ts":m: 57, s: 38, ml: 661,"t":"info","m":"CHOICE: Execution"}
{"ts":m: 57, s: 38, ml: 678,"t":"info","m":"CHOICE: Execution"}
{"ts":m: 57, s: 38, ml: 695,"t":"info","m":"CHOICE: Execution"}
{"ts":m: 57, s: 38, ml: 711,"t":"info","m":"CHOICE: Execution"}
{"ts":m: 57, s: 38, ml: 728,"t":"info","m":"CHOICE: Execution"}
{"ts":m: 59, s: 19, ml: 464,"t":"info","m":"*[Un]lock"}
{"ts":m: 59, s: 32, ml: 65,"t":"info","m":"CHOICE 2: Unlock"}
{"ts":m: 59, s: 48, ml: 80,"t":"info","m":"CHOICE 3: Bed"}
{"ts":m: 0, s: 58, ml: 731,"t":"info","m":"CHOICE: Ditch"}
{"ts":m: 0, s: 58, ml: 748,"t":"info","m":"CHOICE: Ditch"}
{"ts":m: 0, s: 58, ml: 764,"t":"info","m":"CHOICE: Ditch"}
{"ts":m: 0, s: 58, ml: 781,"t":"info","m":"CHOICE: Ditch"}
{"ts":m: 0, s: 58, ml: 798,"t":"info","m":"CHOICE: Ditch"}
{"ts":m: 0, s: 58, ml: 814,"t":"info","m":"CHOICE: Ditch"}
{"ts":m: 0, s: 58, ml: 831,"t":"info","m":"CHOICE: Ditch"}
{"ts":m: 0, s: 58, ml: 848,"t":"info","m":"CHOICE: Ditch"}
{"ts":m: 0, s: 58, ml: 864,"t":"info","m":"CHOICE: Ditch"}
{"ts":m: 0, s: 58, ml: 881,"t":"info","m":"CHOICE: Ditch"}
{"ts":m: 0, s: 58, ml: 898,"t":"info","m":"CHOICE: Ditch"}
{"ts":m: 0, s: 58, ml: 914,"t":"info","m":"CHOICE: Ditch"}
{"ts":m: 0, s: 58, ml: 931,"t":"info","m":"CHOICE: Ditch"}
{"ts":m: 0, s: 58, ml: 948,"t":"info","m":"CHOICE: Ditch"}
{"ts":m: 0, s: 58, ml: 965,"t":"info","m":"CHOICE: Ditch"}
{"ts":m: 0, s: 58, ml: 981,"t":"info","m":"CHOICE: Ditch"}
{"ts":m: 0, s: 58, ml: 998,"t":"info","m":"CHOICE: Ditch"}
{"ts":m: 0, s: 59, ml: 14,"t":"info","m":"CHOICE: Ditch"}
{"ts":m: 0, s: 59, ml: 31,"t":"info","m":"CHOICE: Ditch"}
{"ts":m: 0, s: 59, ml: 48,"t":"info","m":"CHOICE: Ditch"}
{"ts":m: 0, s: 59, ml: 64,"t":"info","m":"CHOICE: Ditch"}
{"ts":m: 0, s: 59, ml: 81,"t":"info","m":"CHOICE: Ditch"}
{"ts":m: 0, s: 59, ml: 98,"t":"info","m":"CHOICE: Ditch"}
{"ts":m: 0, s: 59, ml: 114,"t":"info","m":"CHOICE: Ditch"}
{"ts":m: 0, s: 59, ml: 131,"t":"info","m":"CHOICE: Ditch"}
{"ts":m: 0, s: 59, ml: 148,"t":"info","m":"CHOICE: Ditch"}
{"ts":m: 0, s: 59, ml: 164,"t":"info","m":"CHOICE: Ditch"}
{"ts":m: 0, s: 59, ml: 182,"t":"info","m":"CHOICE: Ditch"}
{"ts":m: 0, s: 59, ml: 198,"t":"info","m":"CHOICE: Ditch"}
{"ts":m: 0, s: 59, ml: 214,"t":"info","m":"CHOICE: Ditch"}
{"ts":m: 0, s: 59, ml: 231,"t":"info","m":"CHOICE: Ditch"}
{"ts":m: 0, s: 59, ml: 248,"t":"info","m":"CHOICE: Ditch"}
{"ts":m: 0, s: 59, ml: 264,"t":"info","m":"CHOICE: Ditch"}
{"ts":m: 0, s: 59, ml: 281,"t":"info","m":"CHOICE: Ditch"}
{"ts":m: 0, s: 59, ml: 298,"t":"info","m":"CHOICE: Ditch"}
{"ts":m: 0, s: 59, ml: 314,"t":"info","m":"CHOICE: Ditch"}
{"ts":m: 0, s: 59, ml: 331,"t":"info","m":"CHOICE: Ditch"}
{"ts":m: 0, s: 59, ml: 348,"t":"info","m":"CHOICE: Ditch"}
{"ts":m: 0, s: 59, ml: 364,"t":"info","m":"CHOICE: Ditch"}
{"ts":m: 0, s: 59, ml: 381,"t":"info","m":"CHOICE: Ditch"}
{"ts":m: 0, s: 59, ml: 398,"t":"info","m":"CHOICE: Ditch"}
{"ts":m: 0, s: 59, ml: 414,"t":"info","m":"CHOICE: Ditch"}
{"ts":m: 0, s: 59, ml: 431,"t":"info","m":"CHOICE: Ditch"}
{"ts":m: 0, s: 59, ml: 448,"t":"info","m":"CHOICE: Ditch"}
{"ts":m: 0, s: 59, ml: 464,"t":"info","m":"CHOICE: Ditch"}
{"ts":m: 0, s: 59, ml: 481,"t":"info","m":"CHOICE: Ditch"}
{"ts":m: 0, s: 59, ml: 498,"t":"info","m":"CHOICE: Ditch"}
{"ts":m: 0, s: 59, ml: 514,"t":"info","m":"CHOICE: Ditch"}
{"ts":m: 0, s: 59, ml: 531,"t":"info","m":"CHOICE: Ditch"}
{"ts":m: 0, s: 59, ml: 548,"t":"info","m":"CHOICE: Ditch"}
{"ts":m: 0, s: 59, ml: 564,"t":"info","m":"CHOICE: Ditch"}
{"ts":m: 0, s: 59, ml: 581,"t":"info","m":"CHOICE: Ditch"}
{"ts":m: 0, s: 59, ml: 598,"t":"info","m":"CHOICE: Ditch"}
{"ts":m: 0, s: 59, ml: 614,"t":"info","m":"CHOICE: Ditch"}
{"ts":m: 0, s: 59, ml: 631,"t":"info","m":"CHOICE: Ditch"}
{"ts":m: 0, s: 59, ml: 648,"t":"info","m":"CHOICE: Ditch"}
{"ts":m: 0, s: 59, ml: 664,"t":"info","m":"CHOICE: Ditch"}
{"ts":m: 0, s: 59, ml: 681,"t":"info","m":"CHOICE: Ditch"}
{"ts":m: 0, s: 59, ml: 698,"t":"info","m":"CHOICE: Ditch"}
{"ts":m: 0, s: 59, ml: 714,"t":"info","m":"CHOICE: Ditch"}
{"ts":m: 0, s: 59, ml: 731,"t":"info","m":"CHOICE: Ditch"}
{"ts":m: 0, s: 59, ml: 748,"t":"info","m":"CHOICE: Ditch"}
{"ts":m: 0, s: 59, ml: 764,"t":"info","m":"CHOICE: Ditch"}
{"ts":m: 0, s: 59, ml: 781,"t":"info","m":"CHOICE: Ditch"}
{"ts":m: 0, s: 59, ml: 798,"t":"info","m":"CHOICE: Ditch"}
{"ts":m: 0, s: 59, ml: 814,"t":"info","m":"CHOICE: Ditch"}
{"ts":m: 0, s: 59, ml: 831,"t":"info","m":"CHOICE: Ditch"}
{"ts":m: 0, s: 59, ml: 848,"t":"info","m":"CHOICE: Ditch"}
{"ts":m: 0, s: 59, ml: 864,"t":"info","m":"CHOICE: Ditch"}
{"ts":m: 0, s: 59, ml: 881,"t":"info","m":"CHOICE: Ditch"}
{"ts":m: 0, s: 59, ml: 898,"t":"info","m":"CHOICE: Ditch"}
{"ts":m: 0, s: 59, ml: 914,"t":"info","m":"CHOICE: Ditch"}
{"ts":m: 0, s: 59, ml: 931,"t":"info","m":"CHOICE: Ditch"}
{"ts":m: 0, s: 59, ml: 948,"t":"info","m":"CHOICE: Ditch"}
{"ts":m: 0, s: 59, ml: 964,"t":"info","m":"CHOICE: Ditch"}
{"ts":m: 0, s: 59, ml: 981,"t":"info","m":"CHOICE: Ditch"}
{"ts":m: 0, s: 59, ml: 998,"t":"info","m":"CHOICE: Ditch"}
{"ts":m: 1, s: 0, ml: 15,"t":"info","m":"CHOICE: Ditch"}
{"ts":m: 1, s: 0, ml: 31,"t":"info","m":"CHOICE: Ditch"}
{"ts":m: 1, s: 0, ml: 48,"t":"info","m":"CHOICE: Ditch"}
{"ts":m: 1, s: 0, ml: 64,"t":"info","m":"CHOICE: Ditch"}
{"ts":m: 1, s: 0, ml: 81,"t":"info","m":"CHOICE: Ditch"}
{"ts":m: 1, s: 0, ml: 98,"t":"info","m":"CHOICE: Ditch"}
{"ts":m: 1, s: 0, ml: 115,"t":"info","m":"CHOICE: Ditch"}
{"ts":m: 1, s: 0, ml: 131,"t":"info","m":"CHOICE: Ditch"}
{"ts":m: 1, s: 0, ml: 148,"t":"info","m":"CHOICE: Ditch"}
{"ts":m: 1, s: 0, ml: 164,"t":"info","m":"CHOICE: Ditch"}
{"ts":m: 1, s: 0, ml: 181,"t":"info","m":"CHOICE: Ditch"}
{"ts":m: 1, s: 0, ml: 198,"t":"info","m":"CHOICE: Ditch"}
{"ts":m: 1, s: 0, ml: 214,"t":"info","m":"CHOICE: Ditch"}
{"ts":m: 1, s: 0, ml: 231,"t":"info","m":"CHOICE: Ditch"}
{"ts":m: 1, s: 0, ml: 248,"t":"info","m":"CHOICE: Ditch"}
{"ts":m: 1, s: 0, ml: 264,"t":"info","m":"CHOICE: Ditch"}
{"ts":m: 1, s: 0, ml: 281,"t":"info","m":"CHOICE: Ditch"}
{"ts":m: 1, s: 0, ml: 298,"t":"info","m":"CHOICE: Ditch"}
{"ts":m: 1, s: 0, ml: 314,"t":"info","m":"CHOICE: Ditch"}
{"ts":m: 1, s: 0, ml: 331,"t":"info","m":"CHOICE: Ditch"}
{"ts":m: 1, s: 0, ml: 348,"t":"info","m":"CHOICE: Ditch"}
{"ts":m: 1, s: 0, ml: 364,"t":"info","m":"CHOICE: Ditch"}
{"ts":m: 1, s: 0, ml: 381,"t":"info","m":"CHOICE: Ditch"}
{"ts":m: 1, s: 0, ml: 398,"t":"info","m":"CHOICE: Ditch"}
{"ts":m: 1, s: 0, ml: 414,"t":"info","m":"CHOICE: Ditch"}
{"ts":m: 1, s: 0, ml: 431,"t":"info","m":"CHOICE: Ditch"}
{"ts":m: 1, s: 0, ml: 448,"t":"info","m":"CHOICE: Ditch"}
{"ts":m: 1, s: 0, ml: 464,"t":"info","m":"CHOICE: Ditch"}
{"ts":m: 1, s: 0, ml: 481,"t":"info","m":"CHOICE: Ditch"}
{"ts":m: 1, s: 0, ml: 498,"t":"info","m":"CHOICE: Ditch"}
{"ts":m: 1, s: 0, ml: 514,"t":"info","m":"CHOICE: Ditch"}
{"ts":m: 1, s: 0, ml: 531,"t":"info","m":"CHOICE: Ditch"}
{"ts":m: 1, s: 0, ml: 548,"t":"info","m":"CHOICE: Ditch"}
{"ts":m: 1, s: 0, ml: 564,"t":"info","m":"CHOICE: Ditch"}
{"ts":m: 1, s: 0, ml: 581,"t":"info","m":"CHOICE: Ditch"}
{"ts":m: 1, s: 0, ml: 598,"t":"info","m":"CHOICE: Ditch"}
{"ts":m: 1, s: 0, ml: 614,"t":"info","m":"CHOICE: Ditch"}
{"ts":m: 1, s: 0, ml: 631,"t":"info","m":"CHOICE: Ditch"}
{"ts":m: 1, s: 0, ml: 648,"t":"info","m":"CHOICE: Ditch"}
{"ts":m: 1, s: 0, ml: 664,"t":"info","m":"CHOICE: Ditch"}
{"ts":m: 1, s: 0, ml: 681,"t":"info","m":"CHOICE: Ditch"}
{"ts":m: 1, s: 0, ml: 698,"t":"info","m":"CHOICE: Ditch"}
{"ts":m: 1, s: 0, ml: 715,"t":"info","m":"CHOICE: Ditch"}
{"ts":m: 1, s: 0, ml: 731,"t":"info","m":"CHOICE: Ditch"}
{"ts":m: 1, s: 0, ml: 748,"t":"info","m":"CHOICE: Ditch"}
{"ts":m: 2, s: 20, ml: 666,"t":"info","m":"CHOICE: Killed At Ditch"}
{"ts":m: 3, s: 2, ml: 876,"t":"info","m":"End Time"}
{"ts":m: 10, s: 42, ml: 307,"t":"info","m":"Stopped"}
