{"ts":m: 48, s: 30, ml: 477,"t":"info","m":"Started"}
{"ts":m: 48, s: 30, ml: 489,"t":"info","m":"Start Time"}
{"ts":m: 53, s: 26, ml: 436,"t":"info","m":"CHOICE 2: Guard Stairs (Lock)"}
{"ts":m: 53, s: 27, ml: 453,"t":"info","m":"End Act 0"}
{"ts":m: 56, s: 27, ml: 541,"t":"info","m":"End Act 1"}
{"ts":m: 56, s: 27, ml: 541,"t":"info","m":"CHOICE 1: Leave"}
{"ts":m: 56, s: 27, ml: 541,"t":"info","m":"End Act 1"}
{"ts":m: 56, s: 27, ml: 541,"t":"info","m":"CHOICE 1: Leave"}
{"ts":m: 56, s: 30, ml: 186,"t":"info","m":"End Time"}
{"ts":m: 57, s: 39, ml: 778,"t":"info","m":"*[Un]lock"}
{"ts":m: 57, s: 39, ml: 927,"t":"info","m":"*Lock"}
{"ts":m: 57, s: 40, ml: 77,"t":"info","m":"*[Un]lock"}
{"ts":m: 57, s: 46, ml: 643,"t":"info","m":"CHOICE 2: Unlock"}
{"ts":m: 57, s: 58, ml: 877,"t":"info","m":"CHOICE 3: Bed"}
{"ts":m: 59, s: 7, ml: 446,"t":"info","m":"CHOICE: Ditch"}
{"ts":m: 59, s: 7, ml: 462,"t":"info","m":"CHOICE: Ditch"}
{"ts":m: 59, s: 7, ml: 479,"t":"info","m":"CHOICE: Ditch"}
{"ts":m: 59, s: 7, ml: 495,"t":"info","m":"CHOICE: Ditch"}
{"ts":m: 59, s: 7, ml: 512,"t":"info","m":"CHOICE: Ditch"}
{"ts":m: 59, s: 7, ml: 529,"t":"info","m":"CHOICE: Ditch"}
{"ts":m: 59, s: 7, ml: 546,"t":"info","m":"CHOICE: Ditch"}
{"ts":m: 59, s: 7, ml: 563,"t":"info","m":"CHOICE: Ditch"}
{"ts":m: 59, s: 7, ml: 579,"t":"info","m":"CHOICE: Ditch"}
{"ts":m: 59, s: 7, ml: 595,"t":"info","m":"CHOICE: Ditch"}
{"ts":m: 59, s: 7, ml: 612,"t":"info","m":"CHOICE: Ditch"}
{"ts":m: 59, s: 7, ml: 629,"t":"info","m":"CHOICE: Ditch"}
{"ts":m: 59, s: 7, ml: 645,"t":"info","m":"CHOICE: Ditch"}
{"ts":m: 59, s: 7, ml: 662,"t":"info","m":"CHOICE: Ditch"}
{"ts":m: 59, s: 7, ml: 679,"t":"info","m":"CHOICE: Ditch"}
{"ts":m: 59, s: 7, ml: 696,"t":"info","m":"CHOICE: Ditch"}
{"ts":m: 59, s: 7, ml: 712,"t":"info","m":"CHOICE: Ditch"}
{"ts":m: 59, s: 7, ml: 729,"t":"info","m":"CHOICE: Ditch"}
{"ts":m: 59, s: 7, ml: 745,"t":"info","m":"CHOICE: Ditch"}
{"ts":m: 59, s: 7, ml: 762,"t":"info","m":"CHOICE: Ditch"}
{"ts":m: 59, s: 7, ml: 778,"t":"info","m":"CHOICE: Ditch"}
{"ts":m: 59, s: 7, ml: 795,"t":"info","m":"CHOICE: Ditch"}
{"ts":m: 59, s: 7, ml: 812,"t":"info","m":"CHOICE: Ditch"}
{"ts":m: 59, s: 7, ml: 829,"t":"info","m":"CHOICE: Ditch"}
{"ts":m: 59, s: 7, ml: 846,"t":"info","m":"CHOICE: Ditch"}
{"ts":m: 59, s: 7, ml: 862,"t":"info","m":"CHOICE: Ditch"}
{"ts":m: 59, s: 7, ml: 879,"t":"info","m":"CHOICE: Ditch"}
{"ts":m: 59, s: 7, ml: 896,"t":"info","m":"CHOICE: Ditch"}
{"ts":m: 59, s: 7, ml: 912,"t":"info","m":"CHOICE: Ditch"}
{"ts":m: 59, s: 7, ml: 929,"t":"info","m":"CHOICE: Ditch"}
{"ts":m: 59, s: 7, ml: 946,"t":"info","m":"CHOICE: Ditch"}
{"ts":m: 59, s: 7, ml: 962,"t":"info","m":"CHOICE: Ditch"}
{"ts":m: 59, s: 7, ml: 979,"t":"info","m":"CHOICE: Ditch"}
{"ts":m: 59, s: 7, ml: 996,"t":"info","m":"CHOICE: Ditch"}
{"ts":m: 59, s: 8, ml: 13,"t":"info","m":"CHOICE: Ditch"}
{"ts":m: 59, s: 8, ml: 28,"t":"info","m":"CHOICE: Ditch"}
{"ts":m: 59, s: 8, ml: 46,"t":"info","m":"CHOICE: Ditch"}
{"ts":m: 59, s: 8, ml: 62,"t":"info","m":"CHOICE: Ditch"}
{"ts":m: 59, s: 8, ml: 79,"t":"info","m":"CHOICE: Ditch"}
{"ts":m: 59, s: 8, ml: 95,"t":"info","m":"CHOICE: Ditch"}
{"ts":m: 59, s: 8, ml: 112,"t":"info","m":"CHOICE: Ditch"}
{"ts":m: 59, s: 8, ml: 129,"t":"info","m":"CHOICE: Ditch"}
{"ts":m: 59, s: 8, ml: 146,"t":"info","m":"CHOICE: Ditch"}
{"ts":m: 59, s: 8, ml: 162,"t":"info","m":"CHOICE: Ditch"}
{"ts":m: 59, s: 8, ml: 180,"t":"info","m":"CHOICE: Ditch"}
{"ts":m: 59, s: 8, ml: 196,"t":"info","m":"CHOICE: Ditch"}
{"ts":m: 59, s: 8, ml: 212,"t":"info","m":"CHOICE: Ditch"}
{"ts":m: 59, s: 8, ml: 229,"t":"info","m":"CHOICE: Ditch"}
{"ts":m: 59, s: 8, ml: 245,"t":"info","m":"CHOICE: Ditch"}
{"ts":m: 59, s: 8, ml: 262,"t":"info","m":"CHOICE: Ditch"}
{"ts":m: 59, s: 8, ml: 279,"t":"info","m":"CHOICE: Ditch"}
{"ts":m: 59, s: 8, ml: 296,"t":"info","m":"CHOICE: Ditch"}
{"ts":m: 59, s: 8, ml: 313,"t":"info","m":"CHOICE: Ditch"}
{"ts":m: 59, s: 8, ml: 329,"t":"info","m":"CHOICE: Ditch"}
{"ts":m: 59, s: 8, ml: 346,"t":"info","m":"CHOICE: Ditch"}
{"ts":m: 59, s: 8, ml: 362,"t":"info","m":"CHOICE: Ditch"}
{"ts":m: 59, s: 8, ml: 379,"t":"info","m":"CHOICE: Ditch"}
{"ts":m: 59, s: 8, ml: 396,"t":"info","m":"CHOICE: Ditch"}
{"ts":m: 59, s: 8, ml: 412,"t":"info","m":"CHOICE: Ditch"}
{"ts":m: 59, s: 8, ml: 429,"t":"info","m":"CHOICE: Ditch"}
{"ts":m: 59, s: 8, ml: 446,"t":"info","m":"CHOICE: Ditch"}
{"ts":m: 59, s: 8, ml: 462,"t":"info","m":"CHOICE: Ditch"}
{"ts":m: 59, s: 8, ml: 479,"t":"info","m":"CHOICE: Ditch"}
{"ts":m: 59, s: 8, ml: 496,"t":"info","m":"CHOICE: Ditch"}
{"ts":m: 59, s: 8, ml: 512,"t":"info","m":"CHOICE: Ditch"}
{"ts":m: 59, s: 8, ml: 529,"t":"info","m":"CHOICE: Ditch"}
{"ts":m: 59, s: 8, ml: 546,"t":"info","m":"CHOICE: Ditch"}
{"ts":m: 59, s: 8, ml: 563,"t":"info","m":"CHOICE: Ditch"}
{"ts":m: 59, s: 8, ml: 579,"t":"info","m":"CHOICE: Ditch"}
{"ts":m: 59, s: 8, ml: 596,"t":"info","m":"CHOICE: Ditch"}
{"ts":m: 59, s: 8, ml: 613,"t":"info","m":"CHOICE: Ditch"}
{"ts":m: 59, s: 8, ml: 629,"t":"info","m":"CHOICE: Ditch"}
{"ts":m: 59, s: 8, ml: 645,"t":"info","m":"CHOICE: Ditch"}
{"ts":m: 59, s: 8, ml: 663,"t":"info","m":"CHOICE: Ditch"}
{"ts":m: 59, s: 8, ml: 679,"t":"info","m":"CHOICE: Ditch"}
{"ts":m: 59, s: 8, ml: 695,"t":"info","m":"CHOICE: Ditch"}
{"ts":m: 59, s: 8, ml: 712,"t":"info","m":"CHOICE: Ditch"}
{"ts":m: 59, s: 8, ml: 729,"t":"info","m":"CHOICE: Ditch"}
{"ts":m: 59, s: 8, ml: 745,"t":"info","m":"CHOICE: Ditch"}
{"ts":m: 59, s: 8, ml: 763,"t":"info","m":"CHOICE: Ditch"}
{"ts":m: 59, s: 8, ml: 779,"t":"info","m":"CHOICE: Ditch"}
{"ts":m: 59, s: 8, ml: 796,"t":"info","m":"CHOICE: Ditch"}
{"ts":m: 59, s: 8, ml: 812,"t":"info","m":"CHOICE: Ditch"}
{"ts":m: 59, s: 8, ml: 830,"t":"info","m":"CHOICE: Ditch"}
{"ts":m: 59, s: 8, ml: 846,"t":"info","m":"CHOICE: Ditch"}
{"ts":m: 59, s: 8, ml: 863,"t":"info","m":"CHOICE: Ditch"}
{"ts":m: 59, s: 8, ml: 878,"t":"info","m":"CHOICE: Ditch"}
{"ts":m: 59, s: 8, ml: 895,"t":"info","m":"CHOICE: Ditch"}
{"ts":m: 59, s: 8, ml: 911,"t":"info","m":"CHOICE: Ditch"}
{"ts":m: 59, s: 8, ml: 929,"t":"info","m":"CHOICE: Ditch"}
{"ts":m: 59, s: 8, ml: 946,"t":"info","m":"CHOICE: Ditch"}
{"ts":m: 59, s: 8, ml: 963,"t":"info","m":"CHOICE: Ditch"}
{"ts":m: 59, s: 8, ml: 979,"t":"info","m":"CHOICE: Ditch"}
{"ts":m: 59, s: 8, ml: 996,"t":"info","m":"CHOICE: Ditch"}
{"ts":m: 59, s: 9, ml: 13,"t":"info","m":"CHOICE: Ditch"}
{"ts":m: 59, s: 9, ml: 29,"t":"info","m":"CHOICE: Ditch"}
{"ts":m: 59, s: 9, ml: 46,"t":"info","m":"CHOICE: Ditch"}
{"ts":m: 59, s: 9, ml: 63,"t":"info","m":"CHOICE: Ditch"}
{"ts":m: 59, s: 9, ml: 79,"t":"info","m":"CHOICE: Ditch"}
{"ts":m: 59, s: 9, ml: 96,"t":"info","m":"CHOICE: Ditch"}
{"ts":m: 59, s: 9, ml: 113,"t":"info","m":"CHOICE: Ditch"}
{"ts":m: 59, s: 9, ml: 129,"t":"info","m":"CHOICE: Ditch"}
{"ts":m: 59, s: 9, ml: 145,"t":"info","m":"CHOICE: Ditch"}
{"ts":m: 59, s: 9, ml: 163,"t":"info","m":"CHOICE: Ditch"}
{"ts":m: 59, s: 9, ml: 179,"t":"info","m":"CHOICE: Ditch"}
{"ts":m: 59, s: 9, ml: 196,"t":"info","m":"CHOICE: Ditch"}
{"ts":m: 59, s: 9, ml: 213,"t":"info","m":"CHOICE: Ditch"}
{"ts":m: 59, s: 9, ml: 230,"t":"info","m":"CHOICE: Ditch"}
{"ts":m: 59, s: 9, ml: 245,"t":"info","m":"CHOICE: Ditch"}
{"ts":m: 59, s: 9, ml: 263,"t":"info","m":"CHOICE: Ditch"}
{"ts":m: 59, s: 9, ml: 279,"t":"info","m":"CHOICE: Ditch"}
{"ts":m: 59, s: 9, ml: 295,"t":"info","m":"CHOICE: Ditch"}
{"ts":m: 59, s: 9, ml: 313,"t":"info","m":"CHOICE: Ditch"}
{"ts":m: 59, s: 9, ml: 329,"t":"info","m":"CHOICE: Ditch"}
{"ts":m: 59, s: 9, ml: 346,"t":"info","m":"CHOICE: Ditch"}
{"ts":m: 59, s: 9, ml: 363,"t":"info","m":"CHOICE: Ditch"}
{"ts":m: 59, s: 9, ml: 379,"t":"info","m":"CHOICE: Ditch"}
{"ts":m: 59, s: 9, ml: 395,"t":"info","m":"CHOICE: Ditch"}
{"ts":m: 59, s: 9, ml: 413,"t":"info","m":"CHOICE: Ditch"}
{"ts":m: 59, s: 9, ml: 429,"t":"info","m":"CHOICE: Ditch"}
{"ts":m: 59, s: 9, ml: 446,"t":"info","m":"CHOICE: Ditch"}
{"ts":m: 0, s: 13, ml: 749,"t":"info","m":"CHOICE: Killed At Ditch"}
{"ts":m: 0, s: 33, ml: 731,"t":"info","m":"End Time"}
{"ts":m: 1, s: 43, ml: 219,"t":"info","m":"*[Un]lock"}
{"ts":m: 1, s: 48, ml: 203,"t":"info","m":"*Lock"}
{"ts":m: 1, s: 51, ml: 703,"t":"info","m":"*[Un]lock"}
{"ts":m: 1, s: 57, ml: 352,"t":"info","m":"*Lock"}
{"ts":m: 1, s: 59, ml: 901,"t":"info","m":"*[Un]lock"}
{"ts":m: 2, s: 10, ml: 169,"t":"info","m":"CHOICE 2: Unlock"}
{"ts":m: 3, s: 8, ml: 105,"t":"info","m":"CHOICE 3: Prisoner Stairs"}
{"ts":m: 7, s: 53, ml: 899,"t":"info","m":"CHOICE: Prisoner Return (No Bomb)"}
{"ts":m: 9, s: 7, ml: 918,"t":"info","m":"CHOICE: Ditch"}
{"ts":m: 9, s: 7, ml: 933,"t":"info","m":"CHOICE: Ditch"}
{"ts":m: 9, s: 7, ml: 951,"t":"info","m":"CHOICE: Ditch"}
{"ts":m: 9, s: 7, ml: 968,"t":"info","m":"CHOICE: Ditch"}
{"ts":m: 9, s: 7, ml: 984,"t":"info","m":"CHOICE: Ditch"}
{"ts":m: 9, s: 8, ml: 1,"t":"info","m":"CHOICE: Ditch"}
{"ts":m: 9, s: 8, ml: 18,"t":"info","m":"CHOICE: Ditch"}
{"ts":m: 9, s: 8, ml: 34,"t":"info","m":"CHOICE: Ditch"}
{"ts":m: 9, s: 8, ml: 51,"t":"info","m":"CHOICE: Ditch"}
{"ts":m: 9, s: 8, ml: 68,"t":"info","m":"CHOICE: Ditch"}
{"ts":m: 9, s: 8, ml: 84,"t":"info","m":"CHOICE: Ditch"}
{"ts":m: 9, s: 8, ml: 101,"t":"info","m":"CHOICE: Ditch"}
{"ts":m: 9, s: 8, ml: 117,"t":"info","m":"CHOICE: Ditch"}
{"ts":m: 9, s: 8, ml: 134,"t":"info","m":"CHOICE: Ditch"}
{"ts":m: 9, s: 8, ml: 150,"t":"info","m":"CHOICE: Ditch"}
{"ts":m: 9, s: 8, ml: 167,"t":"info","m":"CHOICE: Ditch"}
{"ts":m: 9, s: 8, ml: 183,"t":"info","m":"CHOICE: Ditch"}
{"ts":m: 9, s: 8, ml: 200,"t":"info","m":"CHOICE: Ditch"}
{"ts":m: 9, s: 8, ml: 217,"t":"info","m":"CHOICE: Ditch"}
{"ts":m: 9, s: 8, ml: 234,"t":"info","m":"CHOICE: Ditch"}
{"ts":m: 9, s: 8, ml: 250,"t":"info","m":"CHOICE: Ditch"}
{"ts":m: 9, s: 8, ml: 267,"t":"info","m":"CHOICE: Ditch"}
{"ts":m: 9, s: 8, ml: 283,"t":"info","m":"CHOICE: Ditch"}
{"ts":m: 9, s: 8, ml: 300,"t":"info","m":"CHOICE: Ditch"}
{"ts":m: 9, s: 8, ml: 317,"t":"info","m":"CHOICE: Ditch"}
{"ts":m: 9, s: 8, ml: 334,"t":"info","m":"CHOICE: Ditch"}
{"ts":m: 9, s: 8, ml: 351,"t":"info","m":"CHOICE: Ditch"}
{"ts":m: 9, s: 8, ml: 367,"t":"info","m":"CHOICE: Ditch"}
{"ts":m: 9, s: 8, ml: 384,"t":"info","m":"CHOICE: Ditch"}
{"ts":m: 9, s: 8, ml: 401,"t":"info","m":"CHOICE: Ditch"}
{"ts":m: 9, s: 8, ml: 418,"t":"info","m":"CHOICE: Ditch"}
{"ts":m: 9, s: 8, ml: 434,"t":"info","m":"CHOICE: Ditch"}
{"ts":m: 9, s: 8, ml: 451,"t":"info","m":"CHOICE: Ditch"}
{"ts":m: 9, s: 8, ml: 467,"t":"info","m":"CHOICE: Ditch"}
{"ts":m: 9, s: 8, ml: 484,"t":"info","m":"CHOICE: Ditch"}
{"ts":m: 9, s: 8, ml: 501,"t":"info","m":"CHOICE: Ditch"}
{"ts":m: 9, s: 8, ml: 518,"t":"info","m":"CHOICE: Ditch"}
{"ts":m: 9, s: 8, ml: 534,"t":"info","m":"CHOICE: Ditch"}
{"ts":m: 9, s: 8, ml: 551,"t":"info","m":"CHOICE: Ditch"}
{"ts":m: 9, s: 8, ml: 568,"t":"info","m":"CHOICE: Ditch"}
{"ts":m: 9, s: 8, ml: 584,"t":"info","m":"CHOICE: Ditch"}
{"ts":m: 9, s: 8, ml: 605,"t":"info","m":"CHOICE: Ditch"}
{"ts":m: 9, s: 8, ml: 618,"t":"info","m":"CHOICE: Ditch"}
{"ts":m: 9, s: 8, ml: 634,"t":"info","m":"CHOICE: Ditch"}
{"ts":m: 9, s: 8, ml: 651,"t":"info","m":"CHOICE: Ditch"}
{"ts":m: 9, s: 8, ml: 668,"t":"info","m":"CHOICE: Ditch"}
{"ts":m: 9, s: 8, ml: 684,"t":"info","m":"CHOICE: Ditch"}
{"ts":m: 9, s: 8, ml: 701,"t":"info","m":"CHOICE: Ditch"}
{"ts":m: 9, s: 8, ml: 718,"t":"info","m":"CHOICE: Ditch"}
{"ts":m: 9, s: 8, ml: 733,"t":"info","m":"CHOICE: Ditch"}
{"ts":m: 9, s: 8, ml: 750,"t":"info","m":"CHOICE: Ditch"}
{"ts":m: 9, s: 8, ml: 768,"t":"info","m":"CHOICE: Ditch"}
{"ts":m: 9, s: 8, ml: 784,"t":"info","m":"CHOICE: Ditch"}
{"ts":m: 9, s: 8, ml: 801,"t":"info","m":"CHOICE: Ditch"}
{"ts":m: 9, s: 8, ml: 818,"t":"info","m":"CHOICE: Ditch"}
{"ts":m: 9, s: 8, ml: 834,"t":"info","m":"CHOICE: Ditch"}
{"ts":m: 9, s: 8, ml: 851,"t":"info","m":"CHOICE: Ditch"}
{"ts":m: 9, s: 8, ml: 868,"t":"info","m":"CHOICE: Ditch"}
{"ts":m: 9, s: 8, ml: 883,"t":"info","m":"CHOICE: Ditch"}
{"ts":m: 9, s: 8, ml: 901,"t":"info","m":"CHOICE: Ditch"}
{"ts":m: 9, s: 8, ml: 918,"t":"info","m":"CHOICE: Ditch"}
{"ts":m: 9, s: 8, ml: 934,"t":"info","m":"CHOICE: Ditch"}
{"ts":m: 9, s: 8, ml: 951,"t":"info","m":"CHOICE: Ditch"}
{"ts":m: 9, s: 8, ml: 967,"t":"info","m":"CHOICE: Ditch"}
{"ts":m: 9, s: 8, ml: 984,"t":"info","m":"CHOICE: Ditch"}
{"ts":m: 9, s: 9, ml: 1,"t":"info","m":"CHOICE: Ditch"}
{"ts":m: 9, s: 9, ml: 18,"t":"info","m":"CHOICE: Ditch"}
{"ts":m: 9, s: 9, ml: 34,"t":"info","m":"CHOICE: Ditch"}
{"ts":m: 9, s: 9, ml: 51,"t":"info","m":"CHOICE: Ditch"}
{"ts":m: 9, s: 9, ml: 68,"t":"info","m":"CHOICE: Ditch"}
{"ts":m: 9, s: 9, ml: 83,"t":"info","m":"CHOICE: Ditch"}
{"ts":m: 9, s: 9, ml: 100,"t":"info","m":"CHOICE: Ditch"}
{"ts":m: 9, s: 9, ml: 118,"t":"info","m":"CHOICE: Ditch"}
{"ts":m: 9, s: 9, ml: 134,"t":"info","m":"CHOICE: Ditch"}
{"ts":m: 9, s: 9, ml: 150,"t":"info","m":"CHOICE: Ditch"}
{"ts":m: 9, s: 9, ml: 167,"t":"info","m":"CHOICE: Ditch"}
{"ts":m: 9, s: 9, ml: 184,"t":"info","m":"CHOICE: Ditch"}
{"ts":m: 9, s: 9, ml: 201,"t":"info","m":"CHOICE: Ditch"}
{"ts":m: 9, s: 9, ml: 217,"t":"info","m":"CHOICE: Ditch"}
{"ts":m: 9, s: 9, ml: 234,"t":"info","m":"CHOICE: Ditch"}
{"ts":m: 9, s: 9, ml: 251,"t":"info","m":"CHOICE: Ditch"}
{"ts":m: 9, s: 9, ml: 268,"t":"info","m":"CHOICE: Ditch"}
{"ts":m: 9, s: 9, ml: 284,"t":"info","m":"CHOICE: Ditch"}
{"ts":m: 9, s: 9, ml: 301,"t":"info","m":"CHOICE: Ditch"}
{"ts":m: 9, s: 9, ml: 318,"t":"info","m":"CHOICE: Ditch"}
{"ts":m: 9, s: 9, ml: 334,"t":"info","m":"CHOICE: Ditch"}
{"ts":m: 9, s: 9, ml: 351,"t":"info","m":"CHOICE: Ditch"}
{"ts":m: 9, s: 9, ml: 368,"t":"info","m":"CHOICE: Ditch"}
{"ts":m: 9, s: 9, ml: 384,"t":"info","m":"CHOICE: Ditch"}
{"ts":m: 9, s: 9, ml: 401,"t":"info","m":"CHOICE: Ditch"}
{"ts":m: 9, s: 9, ml: 418,"t":"info","m":"CHOICE: Ditch"}
{"ts":m: 9, s: 9, ml: 435,"t":"info","m":"CHOICE: Ditch"}
{"ts":m: 9, s: 9, ml: 450,"t":"info","m":"CHOICE: Ditch"}
{"ts":m: 9, s: 9, ml: 468,"t":"info","m":"CHOICE: Ditch"}
{"ts":m: 9, s: 9, ml: 484,"t":"info","m":"CHOICE: Ditch"}
{"ts":m: 9, s: 9, ml: 501,"t":"info","m":"CHOICE: Ditch"}
{"ts":m: 9, s: 9, ml: 521,"t":"info","m":"CHOICE: Ditch"}
{"ts":m: 9, s: 9, ml: 534,"t":"info","m":"CHOICE: Ditch"}
{"ts":m: 9, s: 9, ml: 551,"t":"info","m":"CHOICE: Ditch"}
{"ts":m: 9, s: 9, ml: 567,"t":"info","m":"CHOICE: Ditch"}
{"ts":m: 9, s: 9, ml: 584,"t":"info","m":"CHOICE: Ditch"}
{"ts":m: 9, s: 9, ml: 601,"t":"info","m":"CHOICE: Ditch"}
{"ts":m: 9, s: 9, ml: 617,"t":"info","m":"CHOICE: Ditch"}
{"ts":m: 9, s: 9, ml: 634,"t":"info","m":"CHOICE: Ditch"}
{"ts":m: 9, s: 9, ml: 652,"t":"info","m":"CHOICE: Ditch"}
{"ts":m: 9, s: 9, ml: 668,"t":"info","m":"CHOICE: Ditch"}
{"ts":m: 9, s: 9, ml: 684,"t":"info","m":"CHOICE: Ditch"}
{"ts":m: 9, s: 9, ml: 701,"t":"info","m":"CHOICE: Ditch"}
{"ts":m: 9, s: 9, ml: 718,"t":"info","m":"CHOICE: Ditch"}
{"ts":m: 9, s: 9, ml: 733,"t":"info","m":"CHOICE: Ditch"}
{"ts":m: 9, s: 9, ml: 751,"t":"info","m":"CHOICE: Ditch"}
{"ts":m: 9, s: 9, ml: 768,"t":"info","m":"CHOICE: Ditch"}
{"ts":m: 9, s: 9, ml: 784,"t":"info","m":"CHOICE: Ditch"}
{"ts":m: 9, s: 9, ml: 801,"t":"info","m":"CHOICE: Ditch"}
{"ts":m: 9, s: 9, ml: 817,"t":"info","m":"CHOICE: Ditch"}
{"ts":m: 9, s: 9, ml: 834,"t":"info","m":"CHOICE: Ditch"}
{"ts":m: 9, s: 9, ml: 851,"t":"info","m":"CHOICE: Ditch"}
{"ts":m: 9, s: 9, ml: 868,"t":"info","m":"CHOICE: Ditch"}
{"ts":m: 9, s: 9, ml: 884,"t":"info","m":"CHOICE: Ditch"}
{"ts":m: 9, s: 9, ml: 901,"t":"info","m":"CHOICE: Ditch"}
{"ts":m: 9, s: 9, ml: 918,"t":"info","m":"CHOICE: Ditch"}
{"ts":m: 12, s: 11, ml: 525,"t":"info","m":"Start Time"}
{"ts":m: 13, s: 48, ml: 562,"t":"info","m":"CHOICE 2: Guard Stairs (Lock)"}
{"ts":m: 13, s: 49, ml: 563,"t":"info","m":"End Act 0"}
{"ts":m: 14, s: 32, ml: 416,"t":"info","m":"End Act 1"}
{"ts":m: 14, s: 32, ml: 416,"t":"info","m":"CHOICE 1: Drown"}
{"ts":m: 14, s: 32, ml: 416,"t":"info","m":"End Act 1"}
{"ts":m: 14, s: 32, ml: 416,"t":"info","m":"CHOICE 1: Drown"}
{"ts":m: 14, s: 37, ml: 571,"t":"info","m":"End Time"}
{"ts":m: 15, s: 9, ml: 83,"t":"info","m":"*[Un]lock"}
{"ts":m: 15, s: 20, ml: 665,"t":"info","m":"CHOICE 2: Unlock"}
{"ts":m: 15, s: 37, ml: 433,"t":"info","m":"CHOICE 3: Prisoner Stairs"}
{"ts":m: 18, s: 55, ml: 857,"t":"info","m":"CHOICE: Prisoner Return (No Bomb)"}
{"ts":m: 20, s: 0, ml: 327,"t":"info","m":"CHOICE: Ditch"}
{"ts":m: 20, s: 0, ml: 344,"t":"info","m":"CHOICE: Ditch"}
{"ts":m: 20, s: 0, ml: 360,"t":"info","m":"CHOICE: Ditch"}
{"ts":m: 20, s: 0, ml: 377,"t":"info","m":"CHOICE: Ditch"}
{"ts":m: 20, s: 0, ml: 394,"t":"info","m":"CHOICE: Ditch"}
{"ts":m: 20, s: 0, ml: 410,"t":"info","m":"CHOICE: Ditch"}
{"ts":m: 20, s: 0, ml: 426,"t":"info","m":"CHOICE: Ditch"}
{"ts":m: 20, s: 0, ml: 443,"t":"info","m":"CHOICE: Ditch"}
{"ts":m: 20, s: 0, ml: 460,"t":"info","m":"CHOICE: Ditch"}
{"ts":m: 20, s: 0, ml: 477,"t":"info","m":"CHOICE: Ditch"}
{"ts":m: 20, s: 0, ml: 493,"t":"info","m":"CHOICE: Ditch"}
{"ts":m: 20, s: 0, ml: 510,"t":"info","m":"CHOICE: Ditch"}
{"ts":m: 20, s: 0, ml: 526,"t":"info","m":"CHOICE: Ditch"}
{"ts":m: 20, s: 0, ml: 544,"t":"info","m":"CHOICE: Ditch"}
{"ts":m: 20, s: 0, ml: 560,"t":"info","m":"CHOICE: Ditch"}
{"ts":m: 20, s: 0, ml: 578,"t":"info","m":"CHOICE: Ditch"}
{"ts":m: 20, s: 0, ml: 593,"t":"info","m":"CHOICE: Ditch"}
{"ts":m: 20, s: 0, ml: 610,"t":"info","m":"CHOICE: Ditch"}
{"ts":m: 20, s: 0, ml: 627,"t":"info","m":"CHOICE: Ditch"}
{"ts":m: 20, s: 0, ml: 644,"t":"info","m":"CHOICE: Ditch"}
{"ts":m: 20, s: 0, ml: 661,"t":"info","m":"CHOICE: Ditch"}
{"ts":m: 20, s: 0, ml: 677,"t":"info","m":"CHOICE: Ditch"}
{"ts":m: 20, s: 0, ml: 694,"t":"info","m":"CHOICE: Ditch"}
{"ts":m: 20, s: 0, ml: 711,"t":"info","m":"CHOICE: Ditch"}
{"ts":m: 20, s: 0, ml: 727,"t":"info","m":"CHOICE: Ditch"}
{"ts":m: 20, s: 0, ml: 744,"t":"info","m":"CHOICE: Ditch"}
{"ts":m: 20, s: 0, ml: 760,"t":"info","m":"CHOICE: Ditch"}
{"ts":m: 20, s: 0, ml: 777,"t":"info","m":"CHOICE: Ditch"}
{"ts":m: 20, s: 0, ml: 794,"t":"info","m":"CHOICE: Ditch"}
{"ts":m: 20, s: 0, ml: 810,"t":"info","m":"CHOICE: Ditch"}
{"ts":m: 20, s: 0, ml: 826,"t":"info","m":"CHOICE: Ditch"}
{"ts":m: 20, s: 0, ml: 844,"t":"info","m":"CHOICE: Ditch"}
{"ts":m: 20, s: 0, ml: 860,"t":"info","m":"CHOICE: Ditch"}
{"ts":m: 20, s: 0, ml: 877,"t":"info","m":"CHOICE: Ditch"}
{"ts":m: 20, s: 0, ml: 894,"t":"info","m":"CHOICE: Ditch"}
{"ts":m: 20, s: 0, ml: 910,"t":"info","m":"CHOICE: Ditch"}
{"ts":m: 20, s: 0, ml: 927,"t":"info","m":"CHOICE: Ditch"}
{"ts":m: 20, s: 0, ml: 943,"t":"info","m":"CHOICE: Ditch"}
{"ts":m: 20, s: 0, ml: 960,"t":"info","m":"CHOICE: Ditch"}
{"ts":m: 20, s: 0, ml: 977,"t":"info","m":"CHOICE: Ditch"}
{"ts":m: 20, s: 0, ml: 993,"t":"info","m":"CHOICE: Ditch"}
{"ts":m: 20, s: 1, ml: 10,"t":"info","m":"CHOICE: Ditch"}
{"ts":m: 20, s: 1, ml: 27,"t":"info","m":"CHOICE: Ditch"}
{"ts":m: 20, s: 1, ml: 43,"t":"info","m":"CHOICE: Ditch"}
{"ts":m: 20, s: 1, ml: 60,"t":"info","m":"CHOICE: Ditch"}
{"ts":m: 20, s: 1, ml: 77,"t":"info","m":"CHOICE: Ditch"}
{"ts":m: 20, s: 1, ml: 94,"t":"info","m":"CHOICE: Ditch"}
{"ts":m: 20, s: 1, ml: 110,"t":"info","m":"CHOICE: Ditch"}
{"ts":m: 20, s: 1, ml: 126,"t":"info","m":"CHOICE: Ditch"}
{"ts":m: 20, s: 1, ml: 144,"t":"info","m":"CHOICE: Ditch"}
{"ts":m: 20, s: 1, ml: 160,"t":"info","m":"CHOICE: Ditch"}
{"ts":m: 20, s: 1, ml: 177,"t":"info","m":"CHOICE: Ditch"}
{"ts":m: 20, s: 1, ml: 194,"t":"info","m":"CHOICE: Ditch"}
{"ts":m: 20, s: 1, ml: 210,"t":"info","m":"CHOICE: Ditch"}
{"ts":m: 20, s: 1, ml: 226,"t":"info","m":"CHOICE: Ditch"}
{"ts":m: 20, s: 1, ml: 243,"t":"info","m":"CHOICE: Ditch"}
{"ts":m: 20, s: 1, ml: 260,"t":"info","m":"CHOICE: Ditch"}
{"ts":m: 20, s: 1, ml: 276,"t":"info","m":"CHOICE: Ditch"}
{"ts":m: 20, s: 1, ml: 294,"t":"info","m":"CHOICE: Ditch"}
{"ts":m: 20, s: 1, ml: 310,"t":"info","m":"CHOICE: Ditch"}
{"ts":m: 20, s: 1, ml: 326,"t":"info","m":"CHOICE: Ditch"}
{"ts":m: 20, s: 1, ml: 344,"t":"info","m":"CHOICE: Ditch"}
{"ts":m: 20, s: 1, ml: 360,"t":"info","m":"CHOICE: Ditch"}
{"ts":m: 20, s: 1, ml: 377,"t":"info","m":"CHOICE: Ditch"}
{"ts":m: 20, s: 1, ml: 394,"t":"info","m":"CHOICE: Ditch"}
{"ts":m: 20, s: 1, ml: 410,"t":"info","m":"CHOICE: Ditch"}
{"ts":m: 20, s: 1, ml: 426,"t":"info","m":"CHOICE: Ditch"}
{"ts":m: 20, s: 1, ml: 444,"t":"info","m":"CHOICE: Ditch"}
{"ts":m: 20, s: 1, ml: 460,"t":"info","m":"CHOICE: Ditch"}
{"ts":m: 20, s: 1, ml: 477,"t":"info","m":"CHOICE: Ditch"}
{"ts":m: 20, s: 1, ml: 494,"t":"info","m":"CHOICE: Ditch"}
{"ts":m: 20, s: 1, ml: 510,"t":"info","m":"CHOICE: Ditch"}
{"ts":m: 20, s: 1, ml: 526,"t":"info","m":"CHOICE: Ditch"}
{"ts":m: 20, s: 1, ml: 544,"t":"info","m":"CHOICE: Ditch"}
{"ts":m: 20, s: 1, ml: 560,"t":"info","m":"CHOICE: Ditch"}
{"ts":m: 20, s: 1, ml: 576,"t":"info","m":"CHOICE: Ditch"}
{"ts":m: 20, s: 1, ml: 594,"t":"info","m":"CHOICE: Ditch"}
{"ts":m: 20, s: 1, ml: 610,"t":"info","m":"CHOICE: Ditch"}
{"ts":m: 20, s: 1, ml: 628,"t":"info","m":"CHOICE: Ditch"}
{"ts":m: 20, s: 1, ml: 643,"t":"info","m":"CHOICE: Ditch"}
{"ts":m: 20, s: 1, ml: 660,"t":"info","m":"CHOICE: Ditch"}
{"ts":m: 20, s: 1, ml: 677,"t":"info","m":"CHOICE: Ditch"}
{"ts":m: 20, s: 1, ml: 694,"t":"info","m":"CHOICE: Ditch"}
{"ts":m: 20, s: 1, ml: 711,"t":"info","m":"CHOICE: Ditch"}
{"ts":m: 20, s: 1, ml: 726,"t":"info","m":"CHOICE: Ditch"}
{"ts":m: 20, s: 1, ml: 744,"t":"info","m":"CHOICE: Ditch"}
{"ts":m: 20, s: 1, ml: 761,"t":"info","m":"CHOICE: Ditch"}
{"ts":m: 20, s: 1, ml: 777,"t":"info","m":"CHOICE: Ditch"}
{"ts":m: 20, s: 1, ml: 794,"t":"info","m":"CHOICE: Ditch"}
{"ts":m: 20, s: 1, ml: 810,"t":"info","m":"CHOICE: Ditch"}
{"ts":m: 20, s: 1, ml: 826,"t":"info","m":"CHOICE: Ditch"}
{"ts":m: 20, s: 1, ml: 844,"t":"info","m":"CHOICE: Ditch"}
{"ts":m: 20, s: 1, ml: 860,"t":"info","m":"CHOICE: Ditch"}
{"ts":m: 20, s: 1, ml: 877,"t":"info","m":"CHOICE: Ditch"}
{"ts":m: 20, s: 1, ml: 894,"t":"info","m":"CHOICE: Ditch"}
{"ts":m: 20, s: 1, ml: 910,"t":"info","m":"CHOICE: Ditch"}
{"ts":m: 20, s: 1, ml: 927,"t":"info","m":"CHOICE: Ditch"}
{"ts":m: 20, s: 1, ml: 944,"t":"info","m":"CHOICE: Ditch"}
{"ts":m: 20, s: 1, ml: 961,"t":"info","m":"CHOICE: Ditch"}
{"ts":m: 20, s: 1, ml: 977,"t":"info","m":"CHOICE: Ditch"}
{"ts":m: 20, s: 1, ml: 994,"t":"info","m":"CHOICE: Ditch"}
{"ts":m: 20, s: 2, ml: 11,"t":"info","m":"CHOICE: Ditch"}
{"ts":m: 20, s: 2, ml: 27,"t":"info","m":"CHOICE: Ditch"}
{"ts":m: 20, s: 2, ml: 43,"t":"info","m":"CHOICE: Ditch"}
{"ts":m: 20, s: 2, ml: 60,"t":"info","m":"CHOICE: Ditch"}
{"ts":m: 20, s: 2, ml: 77,"t":"info","m":"CHOICE: Ditch"}
{"ts":m: 20, s: 2, ml: 94,"t":"info","m":"CHOICE: Ditch"}
{"ts":m: 20, s: 2, ml: 110,"t":"info","m":"CHOICE: Ditch"}
{"ts":m: 20, s: 2, ml: 127,"t":"info","m":"CHOICE: Ditch"}
{"ts":m: 20, s: 2, ml: 144,"t":"info","m":"CHOICE: Ditch"}
{"ts":m: 20, s: 2, ml: 160,"t":"info","m":"CHOICE: Ditch"}
{"ts":m: 20, s: 2, ml: 177,"t":"info","m":"CHOICE: Ditch"}
{"ts":m: 20, s: 2, ml: 194,"t":"info","m":"CHOICE: Ditch"}
{"ts":m: 20, s: 2, ml: 210,"t":"info","m":"CHOICE: Ditch"}
{"ts":m: 20, s: 2, ml: 227,"t":"info","m":"CHOICE: Ditch"}
{"ts":m: 20, s: 2, ml: 243,"t":"info","m":"CHOICE: Ditch"}
{"ts":m: 20, s: 2, ml: 260,"t":"info","m":"CHOICE: Ditch"}
{"ts":m: 20, s: 2, ml: 277,"t":"info","m":"CHOICE: Ditch"}
{"ts":m: 20, s: 2, ml: 294,"t":"info","m":"CHOICE: Ditch"}
{"ts":m: 20, s: 2, ml: 310,"t":"info","m":"CHOICE: Ditch"}
{"ts":m: 20, s: 2, ml: 327,"t":"info","m":"CHOICE: Ditch"}
{"ts":m: 20, s: 2, ml: 344,"t":"info","m":"CHOICE: Ditch"}
{"ts":m: 20, s: 45, ml: 695,"t":"info","m":"CHOICE: Leave Ditch"}
{"ts":m: 21, s: 47, ml: 615,"t":"info","m":"CHOICE: Run Alone"}
{"ts":m: 22, s: 5, ml: 235,"t":"info","m":"End Time"}
{"ts":m: 22, s: 50, ml: 617,"t":"info","m":"*[Un]lock"}
{"ts":m: 22, s: 55, ml: 718,"t":"info","m":"CHOICE 2: Unlock"}
{"ts":m: 23, s: 11, ml: 918,"t":"info","m":"CHOICE 3: Prisoner Stairs"}
{"ts":m: 23, s: 17, ml: 250,"t":"info","m":"CHOICE 3: Prisoner Stairs"}
{"ts":m: 23, s: 24, ml: 936,"t":"info","m":"CHOICE 3: Prisoner Stairs"}
{"ts":m: 25, s: 27, ml: 390,"t":"info","m":"CHOICE: Prisoner Return (No Bomb)"}
{"ts":m: 26, s: 35, ml: 409,"t":"info","m":"CHOICE: Ditch"}
{"ts":m: 26, s: 35, ml: 425,"t":"info","m":"CHOICE: Ditch"}
{"ts":m: 26, s: 35, ml: 444,"t":"info","m":"CHOICE: Ditch"}
{"ts":m: 26, s: 35, ml: 458,"t":"info","m":"CHOICE: Ditch"}
{"ts":m: 26, s: 35, ml: 475,"t":"info","m":"CHOICE: Ditch"}
{"ts":m: 26, s: 35, ml: 492,"t":"info","m":"CHOICE: Ditch"}
{"ts":m: 26, s: 35, ml: 509,"t":"info","m":"CHOICE: Ditch"}
{"ts":m: 26, s: 35, ml: 525,"t":"info","m":"CHOICE: Ditch"}
{"ts":m: 26, s: 35, ml: 542,"t":"info","m":"CHOICE: Ditch"}
{"ts":m: 26, s: 35, ml: 559,"t":"info","m":"CHOICE: Ditch"}
{"ts":m: 26, s: 35, ml: 575,"t":"info","m":"CHOICE: Ditch"}
{"ts":m: 26, s: 35, ml: 592,"t":"info","m":"CHOICE: Ditch"}
{"ts":m: 26, s: 35, ml: 609,"t":"info","m":"CHOICE: Ditch"}
{"ts":m: 26, s: 35, ml: 625,"t":"info","m":"CHOICE: Ditch"}
{"ts":m: 26, s: 35, ml: 642,"t":"info","m":"CHOICE: Ditch"}
{"ts":m: 26, s: 35, ml: 659,"t":"info","m":"CHOICE: Ditch"}
{"ts":m: 26, s: 35, ml: 675,"t":"info","m":"CHOICE: Ditch"}
{"ts":m: 26, s: 35, ml: 692,"t":"info","m":"CHOICE: Ditch"}
{"ts":m: 26, s: 35, ml: 709,"t":"info","m":"CHOICE: Ditch"}
{"ts":m: 26, s: 35, ml: 726,"t":"info","m":"CHOICE: Ditch"}
{"ts":m: 26, s: 35, ml: 742,"t":"info","m":"CHOICE: Ditch"}
{"ts":m: 26, s: 35, ml: 759,"t":"info","m":"CHOICE: Ditch"}
{"ts":m: 26, s: 35, ml: 775,"t":"info","m":"CHOICE: Ditch"}
{"ts":m: 26, s: 35, ml: 792,"t":"info","m":"CHOICE: Ditch"}
{"ts":m: 26, s: 35, ml: 809,"t":"info","m":"CHOICE: Ditch"}
{"ts":m: 26, s: 35, ml: 825,"t":"info","m":"CHOICE: Ditch"}
{"ts":m: 26, s: 35, ml: 842,"t":"info","m":"CHOICE: Ditch"}
{"ts":m: 26, s: 35, ml: 859,"t":"info","m":"CHOICE: Ditch"}
{"ts":m: 26, s: 35, ml: 876,"t":"info","m":"CHOICE: Ditch"}
{"ts":m: 26, s: 35, ml: 892,"t":"info","m":"CHOICE: Ditch"}
{"ts":m: 26, s: 35, ml: 909,"t":"info","m":"CHOICE: Ditch"}
{"ts":m: 26, s: 35, ml: 925,"t":"info","m":"CHOICE: Ditch"}
{"ts":m: 26, s: 35, ml: 942,"t":"info","m":"CHOICE: Ditch"}
{"ts":m: 26, s: 35, ml: 959,"t":"info","m":"CHOICE: Ditch"}
{"ts":m: 26, s: 35, ml: 975,"t":"info","m":"CHOICE: Ditch"}
{"ts":m: 26, s: 35, ml: 992,"t":"info","m":"CHOICE: Ditch"}
{"ts":m: 26, s: 36, ml: 11,"t":"info","m":"CHOICE: Ditch"}
{"ts":m: 26, s: 36, ml: 25,"t":"info","m":"CHOICE: Ditch"}
{"ts":m: 26, s: 36, ml: 42,"t":"info","m":"CHOICE: Ditch"}
{"ts":m: 26, s: 36, ml: 59,"t":"info","m":"CHOICE: Ditch"}
{"ts":m: 26, s: 36, ml: 75,"t":"info","m":"CHOICE: Ditch"}
{"ts":m: 26, s: 36, ml: 93,"t":"info","m":"CHOICE: Ditch"}
{"ts":m: 26, s: 36, ml: 109,"t":"info","m":"CHOICE: Ditch"}
{"ts":m: 26, s: 36, ml: 126,"t":"info","m":"CHOICE: Ditch"}
{"ts":m: 26, s: 36, ml: 142,"t":"info","m":"CHOICE: Ditch"}
{"ts":m: 26, s: 36, ml: 159,"t":"info","m":"CHOICE: Ditch"}
{"ts":m: 26, s: 36, ml: 176,"t":"info","m":"CHOICE: Ditch"}
{"ts":m: 26, s: 36, ml: 192,"t":"info","m":"CHOICE: Ditch"}
{"ts":m: 26, s: 36, ml: 209,"t":"info","m":"CHOICE: Ditch"}
{"ts":m: 26, s: 36, ml: 226,"t":"info","m":"CHOICE: Ditch"}
{"ts":m: 26, s: 36, ml: 242,"t":"info","m":"CHOICE: Ditch"}
{"ts":m: 26, s: 36, ml: 259,"t":"info","m":"CHOICE: Ditch"}
{"ts":m: 26, s: 36, ml: 275,"t":"info","m":"CHOICE: Ditch"}
{"ts":m: 26, s: 36, ml: 292,"t":"info","m":"CHOICE: Ditch"}
{"ts":m: 26, s: 36, ml: 309,"t":"info","m":"CHOICE: Ditch"}
{"ts":m: 26, s: 36, ml: 326,"t":"info","m":"CHOICE: Ditch"}
{"ts":m: 26, s: 36, ml: 342,"t":"info","m":"CHOICE: Ditch"}
{"ts":m: 26, s: 36, ml: 359,"t":"info","m":"CHOICE: Ditch"}
{"ts":m: 26, s: 36, ml: 376,"t":"info","m":"CHOICE: Ditch"}
{"ts":m: 26, s: 36, ml: 392,"t":"info","m":"CHOICE: Ditch"}
{"ts":m: 26, s: 36, ml: 409,"t":"info","m":"CHOICE: Ditch"}
{"ts":m: 26, s: 36, ml: 426,"t":"info","m":"CHOICE: Ditch"}
{"ts":m: 26, s: 36, ml: 442,"t":"info","m":"CHOICE: Ditch"}
{"ts":m: 26, s: 36, ml: 459,"t":"info","m":"CHOICE: Ditch"}
{"ts":m: 26, s: 36, ml: 476,"t":"info","m":"CHOICE: Ditch"}
{"ts":m: 26, s: 36, ml: 491,"t":"info","m":"CHOICE: Ditch"}
{"ts":m: 26, s: 36, ml: 509,"t":"info","m":"CHOICE: Ditch"}
{"ts":m: 26, s: 36, ml: 526,"t":"info","m":"CHOICE: Ditch"}
{"ts":m: 26, s: 36, ml: 542,"t":"info","m":"CHOICE: Ditch"}
{"ts":m: 26, s: 36, ml: 559,"t":"info","m":"CHOICE: Ditch"}
{"ts":m: 26, s: 36, ml: 576,"t":"info","m":"CHOICE: Ditch"}
{"ts":m: 26, s: 36, ml: 592,"t":"info","m":"CHOICE: Ditch"}
{"ts":m: 26, s: 36, ml: 609,"t":"info","m":"CHOICE: Ditch"}
{"ts":m: 26, s: 36, ml: 626,"t":"info","m":"CHOICE: Ditch"}
{"ts":m: 26, s: 36, ml: 642,"t":"info","m":"CHOICE: Ditch"}
{"ts":m: 26, s: 36, ml: 660,"t":"info","m":"CHOICE: Ditch"}
{"ts":m: 26, s: 36, ml: 676,"t":"info","m":"CHOICE: Ditch"}
{"ts":m: 26, s: 36, ml: 692,"t":"info","m":"CHOICE: Ditch"}
{"ts":m: 26, s: 36, ml: 709,"t":"info","m":"CHOICE: Ditch"}
{"ts":m: 26, s: 36, ml: 726,"t":"info","m":"CHOICE: Ditch"}
{"ts":m: 26, s: 36, ml: 742,"t":"info","m":"CHOICE: Ditch"}
{"ts":m: 26, s: 36, ml: 759,"t":"info","m":"CHOICE: Ditch"}
{"ts":m: 26, s: 36, ml: 776,"t":"info","m":"CHOICE: Ditch"}
{"ts":m: 26, s: 36, ml: 792,"t":"info","m":"CHOICE: Ditch"}
{"ts":m: 26, s: 36, ml: 809,"t":"info","m":"CHOICE: Ditch"}
{"ts":m: 26, s: 36, ml: 825,"t":"info","m":"CHOICE: Ditch"}
{"ts":m: 26, s: 36, ml: 842,"t":"info","m":"CHOICE: Ditch"}
{"ts":m: 26, s: 36, ml: 858,"t":"info","m":"CHOICE: Ditch"}
{"ts":m: 26, s: 36, ml: 875,"t":"info","m":"CHOICE: Ditch"}
{"ts":m: 26, s: 36, ml: 893,"t":"info","m":"CHOICE: Ditch"}
{"ts":m: 26, s: 36, ml: 908,"t":"info","m":"CHOICE: Ditch"}
{"ts":m: 26, s: 36, ml: 925,"t":"info","m":"CHOICE: Ditch"}
{"ts":m: 26, s: 36, ml: 942,"t":"info","m":"CHOICE: Ditch"}
{"ts":m: 26, s: 36, ml: 959,"t":"info","m":"CHOICE: Ditch"}
{"ts":m: 26, s: 36, ml: 975,"t":"info","m":"CHOICE: Ditch"}
{"ts":m: 26, s: 36, ml: 992,"t":"info","m":"CHOICE: Ditch"}
{"ts":m: 26, s: 37, ml: 9,"t":"info","m":"CHOICE: Ditch"}
{"ts":m: 26, s: 37, ml: 25,"t":"info","m":"CHOICE: Ditch"}
{"ts":m: 26, s: 37, ml: 41,"t":"info","m":"CHOICE: Ditch"}
{"ts":m: 26, s: 37, ml: 60,"t":"info","m":"CHOICE: Ditch"}
{"ts":m: 26, s: 37, ml: 75,"t":"info","m":"CHOICE: Ditch"}
{"ts":m: 26, s: 37, ml: 92,"t":"info","m":"CHOICE: Ditch"}
{"ts":m: 26, s: 37, ml: 109,"t":"info","m":"CHOICE: Ditch"}
{"ts":m: 26, s: 37, ml: 125,"t":"info","m":"CHOICE: Ditch"}
{"ts":m: 26, s: 37, ml: 143,"t":"info","m":"CHOICE: Ditch"}
{"ts":m: 26, s: 37, ml: 159,"t":"info","m":"CHOICE: Ditch"}
{"ts":m: 26, s: 37, ml: 175,"t":"info","m":"CHOICE: Ditch"}
{"ts":m: 26, s: 37, ml: 192,"t":"info","m":"CHOICE: Ditch"}
{"ts":m: 26, s: 37, ml: 209,"t":"info","m":"CHOICE: Ditch"}
{"ts":m: 26, s: 37, ml: 225,"t":"info","m":"CHOICE: Ditch"}
{"ts":m: 26, s: 37, ml: 242,"t":"info","m":"CHOICE: Ditch"}
{"ts":m: 26, s: 37, ml: 259,"t":"info","m":"CHOICE: Ditch"}
{"ts":m: 26, s: 37, ml: 275,"t":"info","m":"CHOICE: Ditch"}
{"ts":m: 26, s: 37, ml: 292,"t":"info","m":"CHOICE: Ditch"}
{"ts":m: 26, s: 37, ml: 309,"t":"info","m":"CHOICE: Ditch"}
{"ts":m: 26, s: 37, ml: 325,"t":"info","m":"CHOICE: Ditch"}
{"ts":m: 26, s: 37, ml: 342,"t":"info","m":"CHOICE: Ditch"}
{"ts":m: 26, s: 37, ml: 358,"t":"info","m":"CHOICE: Ditch"}
{"ts":m: 26, s: 37, ml: 375,"t":"info","m":"CHOICE: Ditch"}
{"ts":m: 26, s: 37, ml: 392,"t":"info","m":"CHOICE: Ditch"}
{"ts":m: 26, s: 37, ml: 409,"t":"info","m":"CHOICE: Ditch"}
{"ts":m: 26, s: 37, ml: 425,"t":"info","m":"CHOICE: Ditch"}
{"ts":m: 35, s: 23, ml: 680,"t":"info","m":"Start Time"}
{"ts":m: 38, s: 8, ml: 369,"t":"info","m":"CHOICE 2: Guard Stairs (Lock)"}
{"ts":m: 38, s: 9, ml: 371,"t":"info","m":"End Act 0"}
{"ts":m: 41, s: 14, ml: 494,"t":"info","m":"End Act 1"}
{"ts":m: 41, s: 14, ml: 494,"t":"info","m":"CHOICE 1: Drown"}
{"ts":m: 41, s: 14, ml: 494,"t":"info","m":"End Act 1"}
{"ts":m: 41, s: 14, ml: 494,"t":"info","m":"CHOICE 1: Drown"}
{"ts":m: 41, s: 19, ml: 625,"t":"info","m":"End Time"}
{"ts":m: 41, s: 53, ml: 396,"t":"info","m":"*[Un]lock"}
{"ts":m: 42, s: 6, ml: 663,"t":"info","m":"CHOICE 2: Unlock"}
{"ts":m: 42, s: 13, ml: 147,"t":"info","m":"CHOICE 3: Bed"}
{"ts":m: 43, s: 19, ml: 632,"t":"info","m":"CHOICE: Ditch"}
{"ts":m: 43, s: 19, ml: 649,"t":"info","m":"CHOICE: Ditch"}
{"ts":m: 43, s: 19, ml: 665,"t":"info","m":"CHOICE: Ditch"}
{"ts":m: 43, s: 19, ml: 682,"t":"info","m":"CHOICE: Ditch"}
{"ts":m: 43, s: 19, ml: 699,"t":"info","m":"CHOICE: Ditch"}
{"ts":m: 43, s: 19, ml: 715,"t":"info","m":"CHOICE: Ditch"}
{"ts":m: 43, s: 19, ml: 732,"t":"info","m":"CHOICE: Ditch"}
{"ts":m: 43, s: 19, ml: 748,"t":"info","m":"CHOICE: Ditch"}
{"ts":m: 43, s: 19, ml: 766,"t":"info","m":"CHOICE: Ditch"}
{"ts":m: 43, s: 19, ml: 782,"t":"info","m":"CHOICE: Ditch"}
{"ts":m: 43, s: 19, ml: 798,"t":"info","m":"CHOICE: Ditch"}
{"ts":m: 43, s: 19, ml: 816,"t":"info","m":"CHOICE: Ditch"}
{"ts":m: 43, s: 19, ml: 832,"t":"info","m":"CHOICE: Ditch"}
{"ts":m: 43, s: 19, ml: 848,"t":"info","m":"CHOICE: Ditch"}
{"ts":m: 43, s: 19, ml: 865,"t":"info","m":"CHOICE: Ditch"}
{"ts":m: 43, s: 19, ml: 882,"t":"info","m":"CHOICE: Ditch"}
{"ts":m: 43, s: 19, ml: 898,"t":"info","m":"CHOICE: Ditch"}
{"ts":m: 43, s: 19, ml: 915,"t":"info","m":"CHOICE: Ditch"}
{"ts":m: 43, s: 19, ml: 933,"t":"info","m":"CHOICE: Ditch"}
{"ts":m: 43, s: 19, ml: 950,"t":"info","m":"CHOICE: Ditch"}
{"ts":m: 43, s: 19, ml: 965,"t":"info","m":"CHOICE: Ditch"}
{"ts":m: 43, s: 19, ml: 982,"t":"info","m":"CHOICE: Ditch"}
{"ts":m: 43, s: 19, ml: 998,"t":"info","m":"CHOICE: Ditch"}
{"ts":m: 43, s: 20, ml: 16,"t":"info","m":"CHOICE: Ditch"}
{"ts":m: 43, s: 20, ml: 32,"t":"info","m":"CHOICE: Ditch"}
{"ts":m: 43, s: 20, ml: 48,"t":"info","m":"CHOICE: Ditch"}
{"ts":m: 43, s: 20, ml: 65,"t":"info","m":"CHOICE: Ditch"}
{"ts":m: 43, s: 20, ml: 82,"t":"info","m":"CHOICE: Ditch"}
{"ts":m: 43, s: 20, ml: 98,"t":"info","m":"CHOICE: Ditch"}
{"ts":m: 43, s: 20, ml: 115,"t":"info","m":"CHOICE: Ditch"}
{"ts":m: 43, s: 20, ml: 132,"t":"info","m":"CHOICE: Ditch"}
{"ts":m: 43, s: 20, ml: 148,"t":"info","m":"CHOICE: Ditch"}
{"ts":m: 43, s: 20, ml: 165,"t":"info","m":"CHOICE: Ditch"}
{"ts":m: 43, s: 20, ml: 182,"t":"info","m":"CHOICE: Ditch"}
{"ts":m: 43, s: 20, ml: 198,"t":"info","m":"CHOICE: Ditch"}
{"ts":m: 43, s: 20, ml: 215,"t":"info","m":"CHOICE: Ditch"}
{"ts":m: 43, s: 20, ml: 232,"t":"info","m":"CHOICE: Ditch"}
{"ts":m: 43, s: 20, ml: 249,"t":"info","m":"CHOICE: Ditch"}
{"ts":m: 43, s: 20, ml: 266,"t":"info","m":"CHOICE: Ditch"}
{"ts":m: 43, s: 20, ml: 282,"t":"info","m":"CHOICE: Ditch"}
{"ts":m: 43, s: 20, ml: 299,"t":"info","m":"CHOICE: Ditch"}
{"ts":m: 43, s: 20, ml: 316,"t":"info","m":"CHOICE: Ditch"}
{"ts":m: 43, s: 20, ml: 332,"t":"info","m":"CHOICE: Ditch"}
{"ts":m: 43, s: 20, ml: 349,"t":"info","m":"CHOICE: Ditch"}
{"ts":m: 43, s: 20, ml: 365,"t":"info","m":"CHOICE: Ditch"}
{"ts":m: 43, s: 20, ml: 382,"t":"info","m":"CHOICE: Ditch"}
{"ts":m: 43, s: 20, ml: 399,"t":"info","m":"CHOICE: Ditch"}
{"ts":m: 43, s: 20, ml: 416,"t":"info","m":"CHOICE: Ditch"}
{"ts":m: 43, s: 20, ml: 432,"t":"info","m":"CHOICE: Ditch"}
{"ts":m: 43, s: 20, ml: 449,"t":"info","m":"CHOICE: Ditch"}
{"ts":m: 43, s: 20, ml: 466,"t":"info","m":"CHOICE: Ditch"}
{"ts":m: 43, s: 20, ml: 482,"t":"info","m":"CHOICE: Ditch"}
{"ts":m: 43, s: 20, ml: 499,"t":"info","m":"CHOICE: Ditch"}
{"ts":m: 43, s: 20, ml: 517,"t":"info","m":"CHOICE: Ditch"}
{"ts":m: 43, s: 20, ml: 532,"t":"info","m":"CHOICE: Ditch"}
{"ts":m: 43, s: 20, ml: 549,"t":"info","m":"CHOICE: Ditch"}
{"ts":m: 43, s: 20, ml: 566,"t":"info","m":"CHOICE: Ditch"}
{"ts":m: 43, s: 20, ml: 582,"t":"info","m":"CHOICE: Ditch"}
{"ts":m: 43, s: 20, ml: 600,"t":"info","m":"CHOICE: Ditch"}
{"ts":m: 43, s: 20, ml: 615,"t":"info","m":"CHOICE: Ditch"}
{"ts":m: 43, s: 20, ml: 632,"t":"info","m":"CHOICE: Ditch"}
{"ts":m: 43, s: 20, ml: 648,"t":"info","m":"CHOICE: Ditch"}
{"ts":m: 43, s: 20, ml: 665,"t":"info","m":"CHOICE: Ditch"}
{"ts":m: 43, s: 20, ml: 682,"t":"info","m":"CHOICE: Ditch"}
{"ts":m: 43, s: 20, ml: 698,"t":"info","m":"CHOICE: Ditch"}
{"ts":m: 43, s: 20, ml: 715,"t":"info","m":"CHOICE: Ditch"}
{"ts":m: 43, s: 20, ml: 732,"t":"info","m":"CHOICE: Ditch"}
{"ts":m: 43, s: 20, ml: 749,"t":"info","m":"CHOICE: Ditch"}
{"ts":m: 43, s: 20, ml: 765,"t":"info","m":"CHOICE: Ditch"}
{"ts":m: 43, s: 20, ml: 782,"t":"info","m":"CHOICE: Ditch"}
{"ts":m: 43, s: 20, ml: 799,"t":"info","m":"CHOICE: Ditch"}
{"ts":m: 43, s: 20, ml: 816,"t":"info","m":"CHOICE: Ditch"}
{"ts":m: 43, s: 20, ml: 832,"t":"info","m":"CHOICE: Ditch"}
{"ts":m: 43, s: 20, ml: 849,"t":"info","m":"CHOICE: Ditch"}
{"ts":m: 43, s: 20, ml: 865,"t":"info","m":"CHOICE: Ditch"}
{"ts":m: 43, s: 20, ml: 882,"t":"info","m":"CHOICE: Ditch"}
{"ts":m: 43, s: 20, ml: 899,"t":"info","m":"CHOICE: Ditch"}
{"ts":m: 43, s: 20, ml: 915,"t":"info","m":"CHOICE: Ditch"}
{"ts":m: 43, s: 20, ml: 932,"t":"info","m":"CHOICE: Ditch"}
{"ts":m: 43, s: 20, ml: 950,"t":"info","m":"CHOICE: Ditch"}
{"ts":m: 43, s: 20, ml: 965,"t":"info","m":"CHOICE: Ditch"}
{"ts":m: 43, s: 20, ml: 983,"t":"info","m":"CHOICE: Ditch"}
{"ts":m: 43, s: 20, ml: 999,"t":"info","m":"CHOICE: Ditch"}
{"ts":m: 43, s: 21, ml: 15,"t":"info","m":"CHOICE: Ditch"}
{"ts":m: 43, s: 21, ml: 32,"t":"info","m":"CHOICE: Ditch"}
{"ts":m: 43, s: 21, ml: 48,"t":"info","m":"CHOICE: Ditch"}
{"ts":m: 43, s: 21, ml: 66,"t":"info","m":"CHOICE: Ditch"}
{"ts":m: 43, s: 21, ml: 82,"t":"info","m":"CHOICE: Ditch"}
{"ts":m: 43, s: 21, ml: 98,"t":"info","m":"CHOICE: Ditch"}
{"ts":m: 43, s: 21, ml: 116,"t":"info","m":"CHOICE: Ditch"}
{"ts":m: 43, s: 21, ml: 132,"t":"info","m":"CHOICE: Ditch"}
{"ts":m: 43, s: 21, ml: 149,"t":"info","m":"CHOICE: Ditch"}
{"ts":m: 43, s: 21, ml: 165,"t":"info","m":"CHOICE: Ditch"}
{"ts":m: 43, s: 21, ml: 182,"t":"info","m":"CHOICE: Ditch"}
{"ts":m: 43, s: 21, ml: 199,"t":"info","m":"CHOICE: Ditch"}
{"ts":m: 43, s: 21, ml: 215,"t":"info","m":"CHOICE: Ditch"}
{"ts":m: 43, s: 21, ml: 232,"t":"info","m":"CHOICE: Ditch"}
{"ts":m: 43, s: 21, ml: 249,"t":"info","m":"CHOICE: Ditch"}
{"ts":m: 43, s: 21, ml: 265,"t":"info","m":"CHOICE: Ditch"}
{"ts":m: 43, s: 21, ml: 282,"t":"info","m":"CHOICE: Ditch"}
{"ts":m: 43, s: 21, ml: 299,"t":"info","m":"CHOICE: Ditch"}
{"ts":m: 43, s: 21, ml: 315,"t":"info","m":"CHOICE: Ditch"}
{"ts":m: 43, s: 21, ml: 332,"t":"info","m":"CHOICE: Ditch"}
{"ts":m: 43, s: 21, ml: 349,"t":"info","m":"CHOICE: Ditch"}
{"ts":m: 43, s: 21, ml: 366,"t":"info","m":"CHOICE: Ditch"}
{"ts":m: 43, s: 21, ml: 382,"t":"info","m":"CHOICE: Ditch"}
{"ts":m: 43, s: 21, ml: 398,"t":"info","m":"CHOICE: Ditch"}
{"ts":m: 43, s: 21, ml: 415,"t":"info","m":"CHOICE: Ditch"}
{"ts":m: 43, s: 21, ml: 433,"t":"info","m":"CHOICE: Ditch"}
{"ts":m: 43, s: 21, ml: 448,"t":"info","m":"CHOICE: Ditch"}
{"ts":m: 43, s: 21, ml: 465,"t":"info","m":"CHOICE: Ditch"}
{"ts":m: 43, s: 21, ml: 482,"t":"info","m":"CHOICE: Ditch"}
{"ts":m: 43, s: 21, ml: 498,"t":"info","m":"CHOICE: Ditch"}
{"ts":m: 43, s: 21, ml: 517,"t":"info","m":"CHOICE: Ditch"}
{"ts":m: 43, s: 21, ml: 532,"t":"info","m":"CHOICE: Ditch"}
{"ts":m: 43, s: 21, ml: 548,"t":"info","m":"CHOICE: Ditch"}
{"ts":m: 43, s: 21, ml: 566,"t":"info","m":"CHOICE: Ditch"}
{"ts":m: 43, s: 21, ml: 582,"t":"info","m":"CHOICE: Ditch"}
{"ts":m: 43, s: 21, ml: 598,"t":"info","m":"CHOICE: Ditch"}
{"ts":m: 43, s: 21, ml: 615,"t":"info","m":"CHOICE: Ditch"}
{"ts":m: 43, s: 21, ml: 632,"t":"info","m":"CHOICE: Ditch"}
{"ts":m: 43, s: 21, ml: 649,"t":"info","m":"CHOICE: Ditch"}
{"ts":m: 44, s: 32, ml: 285,"t":"info","m":"CHOICE: Killed At Ditch"}
{"ts":m: 44, s: 48, ml: 772,"t":"info","m":"End Time"}
{"ts":m: 45, s: 22, ml: 403,"t":"info","m":"*[Un]lock"}
{"ts":m: 45, s: 27, ml: 320,"t":"info","m":"CHOICE 2: Unlock"}
{"ts":m: 45, s: 58, ml: 438,"t":"info","m":"CHOICE 3: Bed"}
{"ts":m: 47, s: 8, ml: 108,"t":"info","m":"CHOICE: Ditch"}
{"ts":m: 47, s: 8, ml: 124,"t":"info","m":"CHOICE: Ditch"}
{"ts":m: 47, s: 8, ml: 140,"t":"info","m":"CHOICE: Ditch"}
{"ts":m: 47, s: 8, ml: 157,"t":"info","m":"CHOICE: Ditch"}
{"ts":m: 47, s: 8, ml: 173,"t":"info","m":"CHOICE: Ditch"}
{"ts":m: 47, s: 8, ml: 190,"t":"info","m":"CHOICE: Ditch"}
{"ts":m: 47, s: 8, ml: 208,"t":"info","m":"CHOICE: Ditch"}
{"ts":m: 47, s: 8, ml: 224,"t":"info","m":"CHOICE: Ditch"}
{"ts":m: 47, s: 8, ml: 241,"t":"info","m":"CHOICE: Ditch"}
{"ts":m: 47, s: 8, ml: 258,"t":"info","m":"CHOICE: Ditch"}
{"ts":m: 47, s: 8, ml: 274,"t":"info","m":"CHOICE: Ditch"}
{"ts":m: 47, s: 8, ml: 291,"t":"info","m":"CHOICE: Ditch"}
{"ts":m: 47, s: 8, ml: 308,"t":"info","m":"CHOICE: Ditch"}
{"ts":m: 47, s: 8, ml: 324,"t":"info","m":"CHOICE: Ditch"}
{"ts":m: 47, s: 8, ml: 341,"t":"info","m":"CHOICE: Ditch"}
{"ts":m: 47, s: 8, ml: 358,"t":"info","m":"CHOICE: Ditch"}
{"ts":m: 47, s: 8, ml: 374,"t":"info","m":"CHOICE: Ditch"}
{"ts":m: 47, s: 8, ml: 390,"t":"info","m":"CHOICE: Ditch"}
{"ts":m: 47, s: 8, ml: 408,"t":"info","m":"CHOICE: Ditch"}
{"ts":m: 47, s: 8, ml: 424,"t":"info","m":"CHOICE: Ditch"}
{"ts":m: 47, s: 8, ml: 441,"t":"info","m":"CHOICE: Ditch"}
{"ts":m: 47, s: 8, ml: 458,"t":"info","m":"CHOICE: Ditch"}
{"ts":m: 47, s: 8, ml: 474,"t":"info","m":"CHOICE: Ditch"}
{"ts":m: 47, s: 8, ml: 490,"t":"info","m":"CHOICE: Ditch"}
{"ts":m: 47, s: 8, ml: 507,"t":"info","m":"CHOICE: Ditch"}
{"ts":m: 47, s: 8, ml: 526,"t":"info","m":"CHOICE: Ditch"}
{"ts":m: 47, s: 8, ml: 541,"t":"info","m":"CHOICE: Ditch"}
{"ts":m: 47, s: 8, ml: 558,"t":"info","m":"CHOICE: Ditch"}
{"ts":m: 47, s: 8, ml: 575,"t":"info","m":"CHOICE: Ditch"}
{"ts":m: 47, s: 8, ml: 591,"t":"info","m":"CHOICE: Ditch"}
{"ts":m: 47, s: 8, ml: 608,"t":"info","m":"CHOICE: Ditch"}
{"ts":m: 47, s: 8, ml: 624,"t":"info","m":"CHOICE: Ditch"}
{"ts":m: 47, s: 8, ml: 641,"t":"info","m":"CHOICE: Ditch"}
{"ts":m: 47, s: 8, ml: 658,"t":"info","m":"CHOICE: Ditch"}
{"ts":m: 47, s: 8, ml: 674,"t":"info","m":"CHOICE: Ditch"}
{"ts":m: 47, s: 8, ml: 691,"t":"info","m":"CHOICE: Ditch"}
{"ts":m: 47, s: 8, ml: 707,"t":"info","m":"CHOICE: Ditch"}
{"ts":m: 47, s: 8, ml: 724,"t":"info","m":"CHOICE: Ditch"}
{"ts":m: 47, s: 8, ml: 741,"t":"info","m":"CHOICE: Ditch"}
{"ts":m: 47, s: 8, ml: 758,"t":"info","m":"CHOICE: Ditch"}
{"ts":m: 47, s: 8, ml: 774,"t":"info","m":"CHOICE: Ditch"}
{"ts":m: 47, s: 8, ml: 791,"t":"info","m":"CHOICE: Ditch"}
{"ts":m: 47, s: 8, ml: 808,"t":"info","m":"CHOICE: Ditch"}
{"ts":m: 47, s: 8, ml: 823,"t":"info","m":"CHOICE: Ditch"}
{"ts":m: 47, s: 8, ml: 841,"t":"info","m":"CHOICE: Ditch"}
{"ts":m: 47, s: 8, ml: 858,"t":"info","m":"CHOICE: Ditch"}
{"ts":m: 47, s: 8, ml: 874,"t":"info","m":"CHOICE: Ditch"}
{"ts":m: 47, s: 8, ml: 891,"t":"info","m":"CHOICE: Ditch"}
{"ts":m: 47, s: 8, ml: 907,"t":"info","m":"CHOICE: Ditch"}
{"ts":m: 47, s: 8, ml: 924,"t":"info","m":"CHOICE: Ditch"}
{"ts":m: 47, s: 8, ml: 941,"t":"info","m":"CHOICE: Ditch"}
{"ts":m: 47, s: 8, ml: 958,"t":"info","m":"CHOICE: Ditch"}
{"ts":m: 47, s: 8, ml: 974,"t":"info","m":"CHOICE: Ditch"}
{"ts":m: 47, s: 8, ml: 991,"t":"info","m":"CHOICE: Ditch"}
{"ts":m: 47, s: 9, ml: 8,"t":"info","m":"CHOICE: Ditch"}
{"ts":m: 47, s: 9, ml: 24,"t":"info","m":"CHOICE: Ditch"}
{"ts":m: 47, s: 9, ml: 40,"t":"info","m":"CHOICE: Ditch"}
{"ts":m: 47, s: 9, ml: 57,"t":"info","m":"CHOICE: Ditch"}
{"ts":m: 47, s: 9, ml: 74,"t":"info","m":"CHOICE: Ditch"}
{"ts":m: 47, s: 9, ml: 91,"t":"info","m":"CHOICE: Ditch"}
{"ts":m: 47, s: 9, ml: 108,"t":"info","m":"CHOICE: Ditch"}
{"ts":m: 47, s: 9, ml: 124,"t":"info","m":"CHOICE: Ditch"}
{"ts":m: 47, s: 9, ml: 141,"t":"info","m":"CHOICE: Ditch"}
{"ts":m: 47, s: 9, ml: 158,"t":"info","m":"CHOICE: Ditch"}
{"ts":m: 47, s: 9, ml: 174,"t":"info","m":"CHOICE: Ditch"}
{"ts":m: 47, s: 9, ml: 191,"t":"info","m":"CHOICE: Ditch"}
{"ts":m: 47, s: 9, ml: 207,"t":"info","m":"CHOICE: Ditch"}
{"ts":m: 47, s: 9, ml: 224,"t":"info","m":"CHOICE: Ditch"}
{"ts":m: 47, s: 9, ml: 241,"t":"info","m":"CHOICE: Ditch"}
{"ts":m: 47, s: 9, ml: 257,"t":"info","m":"CHOICE: Ditch"}
{"ts":m: 47, s: 9, ml: 274,"t":"info","m":"CHOICE: Ditch"}
{"ts":m: 47, s: 9, ml: 290,"t":"info","m":"CHOICE: Ditch"}
{"ts":m: 47, s: 9, ml: 308,"t":"info","m":"CHOICE: Ditch"}
{"ts":m: 47, s: 9, ml: 323,"t":"info","m":"CHOICE: Ditch"}
{"ts":m: 47, s: 9, ml: 341,"t":"info","m":"CHOICE: Ditch"}
{"ts":m: 47, s: 9, ml: 357,"t":"info","m":"CHOICE: Ditch"}
{"ts":m: 47, s: 9, ml: 374,"t":"info","m":"CHOICE: Ditch"}
{"ts":m: 47, s: 9, ml: 391,"t":"info","m":"CHOICE: Ditch"}
{"ts":m: 47, s: 9, ml: 407,"t":"info","m":"CHOICE: Ditch"}
{"ts":m: 47, s: 9, ml: 424,"t":"info","m":"CHOICE: Ditch"}
{"ts":m: 47, s: 9, ml: 440,"t":"info","m":"CHOICE: Ditch"}
{"ts":m: 47, s: 9, ml: 458,"t":"info","m":"CHOICE: Ditch"}
{"ts":m: 47, s: 9, ml: 474,"t":"info","m":"CHOICE: Ditch"}
{"ts":m: 47, s: 9, ml: 492,"t":"info","m":"CHOICE: Ditch"}
{"ts":m: 47, s: 9, ml: 508,"t":"info","m":"CHOICE: Ditch"}
{"ts":m: 47, s: 9, ml: 524,"t":"info","m":"CHOICE: Ditch"}
{"ts":m: 47, s: 9, ml: 541,"t":"info","m":"CHOICE: Ditch"}
{"ts":m: 47, s: 9, ml: 557,"t":"info","m":"CHOICE: Ditch"}
{"ts":m: 47, s: 9, ml: 574,"t":"info","m":"CHOICE: Ditch"}
{"ts":m: 47, s: 9, ml: 591,"t":"info","m":"CHOICE: Ditch"}
{"ts":m: 47, s: 9, ml: 608,"t":"info","m":"CHOICE: Ditch"}
{"ts":m: 47, s: 9, ml: 625,"t":"info","m":"CHOICE: Ditch"}
{"ts":m: 47, s: 9, ml: 641,"t":"info","m":"CHOICE: Ditch"}
{"ts":m: 47, s: 9, ml: 658,"t":"info","m":"CHOICE: Ditch"}
{"ts":m: 47, s: 9, ml: 674,"t":"info","m":"CHOICE: Ditch"}
{"ts":m: 47, s: 9, ml: 691,"t":"info","m":"CHOICE: Ditch"}
{"ts":m: 47, s: 9, ml: 709,"t":"info","m":"CHOICE: Ditch"}
{"ts":m: 47, s: 9, ml: 724,"t":"info","m":"CHOICE: Ditch"}
{"ts":m: 47, s: 9, ml: 741,"t":"info","m":"CHOICE: Ditch"}
{"ts":m: 47, s: 9, ml: 758,"t":"info","m":"CHOICE: Ditch"}
{"ts":m: 47, s: 9, ml: 774,"t":"info","m":"CHOICE: Ditch"}
{"ts":m: 47, s: 9, ml: 791,"t":"info","m":"CHOICE: Ditch"}
{"ts":m: 47, s: 9, ml: 808,"t":"info","m":"CHOICE: Ditch"}
{"ts":m: 47, s: 9, ml: 824,"t":"info","m":"CHOICE: Ditch"}
{"ts":m: 47, s: 9, ml: 841,"t":"info","m":"CHOICE: Ditch"}
{"ts":m: 47, s: 9, ml: 858,"t":"info","m":"CHOICE: Ditch"}
{"ts":m: 47, s: 9, ml: 874,"t":"info","m":"CHOICE: Ditch"}
{"ts":m: 47, s: 9, ml: 891,"t":"info","m":"CHOICE: Ditch"}
{"ts":m: 47, s: 9, ml: 907,"t":"info","m":"CHOICE: Ditch"}
{"ts":m: 47, s: 9, ml: 924,"t":"info","m":"CHOICE: Ditch"}
{"ts":m: 47, s: 9, ml: 941,"t":"info","m":"CHOICE: Ditch"}
{"ts":m: 47, s: 9, ml: 958,"t":"info","m":"CHOICE: Ditch"}
{"ts":m: 47, s: 9, ml: 974,"t":"info","m":"CHOICE: Ditch"}
{"ts":m: 47, s: 9, ml: 991,"t":"info","m":"CHOICE: Ditch"}
{"ts":m: 47, s: 10, ml: 8,"t":"info","m":"CHOICE: Ditch"}
{"ts":m: 47, s: 10, ml: 24,"t":"info","m":"CHOICE: Ditch"}
{"ts":m: 47, s: 10, ml: 42,"t":"info","m":"CHOICE: Ditch"}
{"ts":m: 47, s: 10, ml: 58,"t":"info","m":"CHOICE: Ditch"}
{"ts":m: 47, s: 10, ml: 74,"t":"info","m":"CHOICE: Ditch"}
{"ts":m: 47, s: 10, ml: 91,"t":"info","m":"CHOICE: Ditch"}
{"ts":m: 47, s: 10, ml: 108,"t":"info","m":"CHOICE: Ditch"}
{"ts":m: 47, s: 10, ml: 124,"t":"info","m":"CHOICE: Ditch"}
{"ts":m: 47, s: 10, ml: 141,"t":"info","m":"CHOICE: Ditch"}
{"ts":m: 48, s: 13, ml: 510,"t":"info","m":"CHOICE: Killed At Ditch"}
{"ts":m: 48, s: 27, ml: 521,"t":"info","m":"End Time"}
{"ts":m: 48, s: 59, ml: 80,"t":"info","m":"*[Un]lock"}
{"ts":m: 49, s: 3, ml: 680,"t":"info","m":"CHOICE 2: Unlock"}
{"ts":m: 49, s: 9, ml: 630,"t":"info","m":"CHOICE 3: Bed"}
{"ts":m: 50, s: 20, ml: 532,"t":"info","m":"CHOICE: Ditch"}
{"ts":m: 50, s: 20, ml: 549,"t":"info","m":"CHOICE: Ditch"}
{"ts":m: 50, s: 20, ml: 566,"t":"info","m":"CHOICE: Ditch"}
{"ts":m: 50, s: 20, ml: 582,"t":"info","m":"CHOICE: Ditch"}
{"ts":m: 50, s: 20, ml: 599,"t":"info","m":"CHOICE: Ditch"}
{"ts":m: 50, s: 20, ml: 615,"t":"info","m":"CHOICE: Ditch"}
{"ts":m: 50, s: 20, ml: 632,"t":"info","m":"CHOICE: Ditch"}
{"ts":m: 50, s: 20, ml: 648,"t":"info","m":"CHOICE: Ditch"}
{"ts":m: 50, s: 20, ml: 666,"t":"info","m":"CHOICE: Ditch"}
{"ts":m: 50, s: 20, ml: 682,"t":"info","m":"CHOICE: Ditch"}
{"ts":m: 50, s: 20, ml: 699,"t":"info","m":"CHOICE: Ditch"}
{"ts":m: 50, s: 20, ml: 715,"t":"info","m":"CHOICE: Ditch"}
{"ts":m: 50, s: 20, ml: 732,"t":"info","m":"CHOICE: Ditch"}
{"ts":m: 50, s: 20, ml: 749,"t":"info","m":"CHOICE: Ditch"}
{"ts":m: 50, s: 20, ml: 766,"t":"info","m":"CHOICE: Ditch"}
{"ts":m: 50, s: 20, ml: 783,"t":"info","m":"CHOICE: Ditch"}
{"ts":m: 50, s: 20, ml: 799,"t":"info","m":"CHOICE: Ditch"}
{"ts":m: 50, s: 20, ml: 815,"t":"info","m":"CHOICE: Ditch"}
{"ts":m: 50, s: 20, ml: 832,"t":"info","m":"CHOICE: Ditch"}
{"ts":m: 50, s: 20, ml: 849,"t":"info","m":"CHOICE: Ditch"}
{"ts":m: 50, s: 20, ml: 865,"t":"info","m":"CHOICE: Ditch"}
{"ts":m: 50, s: 20, ml: 882,"t":"info","m":"CHOICE: Ditch"}
{"ts":m: 50, s: 20, ml: 899,"t":"info","m":"CHOICE: Ditch"}
{"ts":m: 50, s: 20, ml: 915,"t":"info","m":"CHOICE: Ditch"}
{"ts":m: 50, s: 20, ml: 932,"t":"info","m":"CHOICE: Ditch"}
{"ts":m: 50, s: 20, ml: 949,"t":"info","m":"CHOICE: Ditch"}
{"ts":m: 50, s: 20, ml: 966,"t":"info","m":"CHOICE: Ditch"}
{"ts":m: 50, s: 20, ml: 983,"t":"info","m":"CHOICE: Ditch"}
{"ts":m: 50, s: 20, ml: 999,"t":"info","m":"CHOICE: Ditch"}
{"ts":m: 50, s: 21, ml: 16,"t":"info","m":"CHOICE: Ditch"}
{"ts":m: 50, s: 21, ml: 32,"t":"info","m":"CHOICE: Ditch"}
{"ts":m: 50, s: 21, ml: 49,"t":"info","m":"CHOICE: Ditch"}
{"ts":m: 50, s: 21, ml: 66,"t":"info","m":"CHOICE: Ditch"}
{"ts":m: 50, s: 21, ml: 82,"t":"info","m":"CHOICE: Ditch"}
{"ts":m: 50, s: 21, ml: 99,"t":"info","m":"CHOICE: Ditch"}
{"ts":m: 50, s: 21, ml: 115,"t":"info","m":"CHOICE: Ditch"}
{"ts":m: 50, s: 21, ml: 132,"t":"info","m":"CHOICE: Ditch"}
{"ts":m: 50, s: 21, ml: 148,"t":"info","m":"CHOICE: Ditch"}
{"ts":m: 50, s: 21, ml: 166,"t":"info","m":"CHOICE: Ditch"}
{"ts":m: 50, s: 21, ml: 181,"t":"info","m":"CHOICE: Ditch"}
{"ts":m: 50, s: 21, ml: 198,"t":"info","m":"CHOICE: Ditch"}
{"ts":m: 50, s: 21, ml: 215,"t":"info","m":"CHOICE: Ditch"}
{"ts":m: 50, s: 21, ml: 232,"t":"info","m":"CHOICE: Ditch"}
{"ts":m: 50, s: 21, ml: 249,"t":"info","m":"CHOICE: Ditch"}
{"ts":m: 50, s: 21, ml: 265,"t":"info","m":"CHOICE: Ditch"}
{"ts":m: 50, s: 21, ml: 282,"t":"info","m":"CHOICE: Ditch"}
{"ts":m: 50, s: 21, ml: 298,"t":"info","m":"CHOICE: Ditch"}
{"ts":m: 50, s: 21, ml: 316,"t":"info","m":"CHOICE: Ditch"}
{"ts":m: 50, s: 21, ml: 332,"t":"info","m":"CHOICE: Ditch"}
{"ts":m: 50, s: 21, ml: 348,"t":"info","m":"CHOICE: Ditch"}
{"ts":m: 50, s: 21, ml: 366,"t":"info","m":"CHOICE: Ditch"}
{"ts":m: 50, s: 21, ml: 382,"t":"info","m":"CHOICE: Ditch"}
{"ts":m: 50, s: 21, ml: 398,"t":"info","m":"CHOICE: Ditch"}
{"ts":m: 50, s: 21, ml: 415,"t":"info","m":"CHOICE: Ditch"}
{"ts":m: 50, s: 21, ml: 432,"t":"info","m":"CHOICE: Ditch"}
{"ts":m: 50, s: 21, ml: 448,"t":"info","m":"CHOICE: Ditch"}
{"ts":m: 50, s: 21, ml: 466,"t":"info","m":"CHOICE: Ditch"}
{"ts":m: 50, s: 21, ml: 482,"t":"info","m":"CHOICE: Ditch"}
{"ts":m: 50, s: 21, ml: 498,"t":"info","m":"CHOICE: Ditch"}
{"ts":m: 50, s: 21, ml: 515,"t":"info","m":"CHOICE: Ditch"}
{"ts":m: 50, s: 21, ml: 532,"t":"info","m":"CHOICE: Ditch"}
{"ts":m: 50, s: 21, ml: 549,"t":"info","m":"CHOICE: Ditch"}
{"ts":m: 50, s: 21, ml: 565,"t":"info","m":"CHOICE: Ditch"}
{"ts":m: 50, s: 21, ml: 582,"t":"info","m":"CHOICE: Ditch"}
{"ts":m: 50, s: 21, ml: 599,"t":"info","m":"CHOICE: Ditch"}
{"ts":m: 50, s: 21, ml: 615,"t":"info","m":"CHOICE: Ditch"}
{"ts":m: 50, s: 21, ml: 632,"t":"info","m":"CHOICE: Ditch"}
{"ts":m: 50, s: 21, ml: 648,"t":"info","m":"CHOICE: Ditch"}
{"ts":m: 50, s: 21, ml: 665,"t":"info","m":"CHOICE: Ditch"}
{"ts":m: 50, s: 21, ml: 682,"t":"info","m":"CHOICE: Ditch"}
{"ts":m: 50, s: 21, ml: 699,"t":"info","m":"CHOICE: Ditch"}
{"ts":m: 50, s: 21, ml: 715,"t":"info","m":"CHOICE: Ditch"}
{"ts":m: 50, s: 21, ml: 732,"t":"info","m":"CHOICE: Ditch"}
{"ts":m: 50, s: 21, ml: 748,"t":"info","m":"CHOICE: Ditch"}
{"ts":m: 50, s: 21, ml: 765,"t":"info","m":"CHOICE: Ditch"}
{"ts":m: 50, s: 21, ml: 781,"t":"info","m":"CHOICE: Ditch"}
{"ts":m: 50, s: 21, ml: 798,"t":"info","m":"CHOICE: Ditch"}
{"ts":m: 50, s: 21, ml: 815,"t":"info","m":"CHOICE: Ditch"}
{"ts":m: 50, s: 21, ml: 832,"t":"info","m":"CHOICE: Ditch"}
{"ts":m: 50, s: 21, ml: 849,"t":"info","m":"CHOICE: Ditch"}
{"ts":m: 50, s: 21, ml: 865,"t":"info","m":"CHOICE: Ditch"}
{"ts":m: 50, s: 21, ml: 882,"t":"info","m":"CHOICE: Ditch"}
{"ts":m: 50, s: 21, ml: 899,"t":"info","m":"CHOICE: Ditch"}
{"ts":m: 50, s: 21, ml: 915,"t":"info","m":"CHOICE: Ditch"}
{"ts":m: 50, s: 21, ml: 932,"t":"info","m":"CHOICE: Ditch"}
{"ts":m: 50, s: 21, ml: 948,"t":"info","m":"CHOICE: Ditch"}
{"ts":m: 50, s: 21, ml: 965,"t":"info","m":"CHOICE: Ditch"}
{"ts":m: 50, s: 21, ml: 983,"t":"info","m":"CHOICE: Ditch"}
{"ts":m: 50, s: 21, ml: 998,"t":"info","m":"CHOICE: Ditch"}
{"ts":m: 50, s: 22, ml: 16,"t":"info","m":"CHOICE: Ditch"}
{"ts":m: 50, s: 22, ml: 33,"t":"info","m":"CHOICE: Ditch"}
{"ts":m: 50, s: 22, ml: 49,"t":"info","m":"CHOICE: Ditch"}
{"ts":m: 50, s: 22, ml: 65,"t":"info","m":"CHOICE: Ditch"}
{"ts":m: 50, s: 22, ml: 82,"t":"info","m":"CHOICE: Ditch"}
{"ts":m: 50, s: 22, ml: 99,"t":"info","m":"CHOICE: Ditch"}
{"ts":m: 50, s: 22, ml: 116,"t":"info","m":"CHOICE: Ditch"}
{"ts":m: 50, s: 22, ml: 132,"t":"info","m":"CHOICE: Ditch"}
{"ts":m: 50, s: 22, ml: 148,"t":"info","m":"CHOICE: Ditch"}
{"ts":m: 50, s: 22, ml: 165,"t":"info","m":"CHOICE: Ditch"}
{"ts":m: 50, s: 22, ml: 182,"t":"info","m":"CHOICE: Ditch"}
{"ts":m: 50, s: 22, ml: 199,"t":"info","m":"CHOICE: Ditch"}
{"ts":m: 50, s: 22, ml: 215,"t":"info","m":"CHOICE: Ditch"}
{"ts":m: 50, s: 22, ml: 232,"t":"info","m":"CHOICE: Ditch"}
{"ts":m: 50, s: 22, ml: 249,"t":"info","m":"CHOICE: Ditch"}
{"ts":m: 50, s: 22, ml: 265,"t":"info","m":"CHOICE: Ditch"}
{"ts":m: 50, s: 22, ml: 282,"t":"info","m":"CHOICE: Ditch"}
{"ts":m: 50, s: 22, ml: 299,"t":"info","m":"CHOICE: Ditch"}
{"ts":m: 50, s: 22, ml: 316,"t":"info","m":"CHOICE: Ditch"}
{"ts":m: 50, s: 22, ml: 332,"t":"info","m":"CHOICE: Ditch"}
{"ts":m: 50, s: 22, ml: 349,"t":"info","m":"CHOICE: Ditch"}
{"ts":m: 50, s: 22, ml: 365,"t":"info","m":"CHOICE: Ditch"}
{"ts":m: 50, s: 22, ml: 382,"t":"info","m":"CHOICE: Ditch"}
{"ts":m: 50, s: 22, ml: 399,"t":"info","m":"CHOICE: Ditch"}
{"ts":m: 50, s: 22, ml: 416,"t":"info","m":"CHOICE: Ditch"}
{"ts":m: 50, s: 22, ml: 432,"t":"info","m":"CHOICE: Ditch"}
{"ts":m: 50, s: 22, ml: 449,"t":"info","m":"CHOICE: Ditch"}
{"ts":m: 50, s: 22, ml: 465,"t":"info","m":"CHOICE: Ditch"}
{"ts":m: 50, s: 22, ml: 482,"t":"info","m":"CHOICE: Ditch"}
{"ts":m: 50, s: 22, ml: 499,"t":"info","m":"CHOICE: Ditch"}
{"ts":m: 50, s: 22, ml: 515,"t":"info","m":"CHOICE: Ditch"}
{"ts":m: 50, s: 22, ml: 532,"t":"info","m":"CHOICE: Ditch"}
{"ts":m: 50, s: 22, ml: 549,"t":"info","m":"CHOICE: Ditch"}
{"ts":m: 50, s: 22, ml: 566,"t":"info","m":"CHOICE: Ditch"}
{"ts":m: 50, s: 38, ml: 32,"t":"info","m":"CHOICE: Leave Ditch"}
{"ts":m: 53, s: 32, ml: 305,"t":"info","m":"Stopped"}
