{"ts":m: 36, s: 32, ml: 645,"t":"info","m":"Started"}
{"ts":m: 36, s: 32, ml: 663,"t":"info","m":"Start Time"}
{"ts":m: 39, s: 20, ml: 594,"t":"info","m":"CHOICE 2: Guard Stairs (Lock)"}
{"ts":m: 39, s: 21, ml: 628,"t":"info","m":"End Act 0"}
{"ts":m: 41, s: 51, ml: 280,"t":"info","m":"End Act 1"}
{"ts":m: 41, s: 51, ml: 280,"t":"info","m":"CHOICE 1: Drown"}
{"ts":m: 41, s: 51, ml: 280,"t":"info","m":"End Act 1"}
{"ts":m: 41, s: 51, ml: 280,"t":"info","m":"CHOICE 1: Drown"}
{"ts":m: 41, s: 56, ml: 448,"t":"info","m":"End Time"}
{"ts":m: 42, s: 38, ml: 120,"t":"info","m":"*[Un]lock"}
{"ts":m: 42, s: 56, ml: 137,"t":"info","m":"CHOICE 2: Unlock"}
{"ts":m: 43, s: 56, ml: 204,"t":"info","m":"CHOICE 3: Prisoner Stairs"}
{"ts":m: 47, s: 59, ml: 942,"t":"info","m":"CHOICE: Prisoner Bomb"}
{"ts":m: 48, s: 30, ml: 960,"t":"info","m":"CHOICE: Execution"}
{"ts":m: 48, s: 30, ml: 976,"t":"info","m":"CHOICE: Execution"}
{"ts":m: 48, s: 30, ml: 993,"t":"info","m":"CHOICE: Execution"}
{"ts":m: 48, s: 31, ml: 10,"t":"info","m":"CHOICE: Execution"}
{"ts":m: 48, s: 31, ml: 27,"t":"info","m":"CHOICE: Execution"}
{"ts":m: 48, s: 31, ml: 43,"t":"info","m":"CHOICE: Execution"}
{"ts":m: 48, s: 31, ml: 60,"t":"info","m":"CHOICE: Execution"}
{"ts":m: 48, s: 31, ml: 77,"t":"info","m":"CHOICE: Execution"}
{"ts":m: 48, s: 31, ml: 92,"t":"info","m":"CHOICE: Execution"}
{"ts":m: 48, s: 31, ml: 110,"t":"info","m":"CHOICE: Execution"}
{"ts":m: 48, s: 31, ml: 127,"t":"info","m":"CHOICE: Execution"}
{"ts":m: 48, s: 31, ml: 143,"t":"info","m":"CHOICE: Execution"}
{"ts":m: 48, s: 31, ml: 160,"t":"info","m":"CHOICE: Execution"}
{"ts":m: 48, s: 31, ml: 177,"t":"info","m":"CHOICE: Execution"}
{"ts":m: 48, s: 31, ml: 193,"t":"info","m":"CHOICE: Execution"}
{"ts":m: 48, s: 31, ml: 210,"t":"info","m":"CHOICE: Execution"}
{"ts":m: 48, s: 31, ml: 227,"t":"info","m":"CHOICE: Execution"}
{"ts":m: 48, s: 31, ml: 243,"t":"info","m":"CHOICE: Execution"}
{"ts":m: 48, s: 31, ml: 259,"t":"info","m":"CHOICE: Execution"}
{"ts":m: 48, s: 31, ml: 277,"t":"info","m":"CHOICE: Execution"}
{"ts":m: 48, s: 31, ml: 293,"t":"info","m":"CHOICE: Execution"}
{"ts":m: 48, s: 31, ml: 310,"t":"info","m":"CHOICE: Execution"}
{"ts":m: 48, s: 31, ml: 327,"t":"info","m":"CHOICE: Execution"}
{"ts":m: 48, s: 31, ml: 343,"t":"info","m":"CHOICE: Execution"}
{"ts":m: 48, s: 31, ml: 359,"t":"info","m":"CHOICE: Execution"}
{"ts":m: 48, s: 31, ml: 376,"t":"info","m":"CHOICE: Execution"}
{"ts":m: 48, s: 31, ml: 393,"t":"info","m":"CHOICE: Execution"}
{"ts":m: 48, s: 31, ml: 410,"t":"info","m":"CHOICE: Execution"}
{"ts":m: 48, s: 31, ml: 427,"t":"info","m":"CHOICE: Execution"}
{"ts":m: 48, s: 31, ml: 443,"t":"info","m":"CHOICE: Execution"}
{"ts":m: 48, s: 31, ml: 460,"t":"info","m":"CHOICE: Execution"}
{"ts":m: 48, s: 31, ml: 477,"t":"info","m":"CHOICE: Execution"}
{"ts":m: 48, s: 31, ml: 493,"t":"info","m":"CHOICE: Execution"}
{"ts":m: 48, s: 31, ml: 510,"t":"info","m":"CHOICE: Execution"}
{"ts":m: 48, s: 31, ml: 527,"t":"info","m":"CHOICE: Execution"}
{"ts":m: 48, s: 31, ml: 543,"t":"info","m":"CHOICE: Execution"}
{"ts":m: 48, s: 31, ml: 560,"t":"info","m":"CHOICE: Execution"}
{"ts":m: 48, s: 31, ml: 576,"t":"info","m":"CHOICE: Execution"}
{"ts":m: 48, s: 31, ml: 594,"t":"info","m":"CHOICE: Execution"}
{"ts":m: 48, s: 31, ml: 610,"t":"info","m":"CHOICE: Execution"}
{"ts":m: 48, s: 31, ml: 626,"t":"info","m":"CHOICE: Execution"}
{"ts":m: 48, s: 31, ml: 643,"t":"info","m":"CHOICE: Execution"}
{"ts":m: 48, s: 31, ml: 660,"t":"info","m":"CHOICE: Execution"}
{"ts":m: 48, s: 31, ml: 677,"t":"info","m":"CHOICE: Execution"}
{"ts":m: 48, s: 31, ml: 693,"t":"info","m":"CHOICE: Execution"}
{"ts":m: 48, s: 31, ml: 710,"t":"info","m":"CHOICE: Execution"}
{"ts":m: 48, s: 31, ml: 727,"t":"info","m":"CHOICE: Execution"}
{"ts":m: 48, s: 31, ml: 743,"t":"info","m":"CHOICE: Execution"}
{"ts":m: 48, s: 31, ml: 760,"t":"info","m":"CHOICE: Execution"}
{"ts":m: 48, s: 31, ml: 777,"t":"info","m":"CHOICE: Execution"}
{"ts":m: 48, s: 31, ml: 793,"t":"info","m":"CHOICE: Execution"}
{"ts":m: 48, s: 31, ml: 810,"t":"info","m":"CHOICE: Execution"}
{"ts":m: 48, s: 31, ml: 827,"t":"info","m":"CHOICE: Execution"}
{"ts":m: 48, s: 31, ml: 843,"t":"info","m":"CHOICE: Execution"}
{"ts":m: 48, s: 31, ml: 859,"t":"info","m":"CHOICE: Execution"}
{"ts":m: 48, s: 31, ml: 877,"t":"info","m":"CHOICE: Execution"}
{"ts":m: 48, s: 31, ml: 893,"t":"info","m":"CHOICE: Execution"}
{"ts":m: 48, s: 31, ml: 910,"t":"info","m":"CHOICE: Execution"}
{"ts":m: 48, s: 31, ml: 926,"t":"info","m":"CHOICE: Execution"}
{"ts":m: 48, s: 31, ml: 943,"t":"info","m":"CHOICE: Execution"}
{"ts":m: 48, s: 31, ml: 959,"t":"info","m":"CHOICE: Execution"}
{"ts":m: 48, s: 31, ml: 976,"t":"info","m":"CHOICE: Execution"}
{"ts":m: 48, s: 31, ml: 992,"t":"info","m":"CHOICE: Execution"}
{"ts":m: 48, s: 32, ml: 10,"t":"info","m":"CHOICE: Execution"}
{"ts":m: 48, s: 32, ml: 26,"t":"info","m":"CHOICE: Execution"}
{"ts":m: 48, s: 32, ml: 43,"t":"info","m":"CHOICE: Execution"}
{"ts":m: 48, s: 32, ml: 59,"t":"info","m":"CHOICE: Execution"}
{"ts":m: 48, s: 32, ml: 76,"t":"info","m":"CHOICE: Execution"}
{"ts":m: 48, s: 32, ml: 93,"t":"info","m":"CHOICE: Execution"}
{"ts":m: 48, s: 32, ml: 109,"t":"info","m":"CHOICE: Execution"}
{"ts":m: 48, s: 32, ml: 126,"t":"info","m":"CHOICE: Execution"}
{"ts":m: 48, s: 32, ml: 143,"t":"info","m":"CHOICE: Execution"}
{"ts":m: 48, s: 32, ml: 159,"t":"info","m":"CHOICE: Execution"}
{"ts":m: 48, s: 32, ml: 176,"t":"info","m":"CHOICE: Execution"}
{"ts":m: 48, s: 32, ml: 193,"t":"info","m":"CHOICE: Execution"}
{"ts":m: 48, s: 32, ml: 210,"t":"info","m":"CHOICE: Execution"}
{"ts":m: 48, s: 32, ml: 226,"t":"info","m":"CHOICE: Execution"}
{"ts":m: 48, s: 32, ml: 243,"t":"info","m":"CHOICE: Execution"}
{"ts":m: 48, s: 32, ml: 259,"t":"info","m":"CHOICE: Execution"}
{"ts":m: 48, s: 32, ml: 277,"t":"info","m":"CHOICE: Execution"}
{"ts":m: 48, s: 32, ml: 293,"t":"info","m":"CHOICE: Execution"}
{"ts":m: 48, s: 32, ml: 309,"t":"info","m":"CHOICE: Execution"}
{"ts":m: 48, s: 32, ml: 326,"t":"info","m":"CHOICE: Execution"}
{"ts":m: 48, s: 32, ml: 342,"t":"info","m":"CHOICE: Execution"}
{"ts":m: 48, s: 32, ml: 359,"t":"info","m":"CHOICE: Execution"}
{"ts":m: 48, s: 32, ml: 376,"t":"info","m":"CHOICE: Execution"}
{"ts":m: 48, s: 32, ml: 393,"t":"info","m":"CHOICE: Execution"}
{"ts":m: 48, s: 32, ml: 409,"t":"info","m":"CHOICE: Execution"}
{"ts":m: 48, s: 32, ml: 426,"t":"info","m":"CHOICE: Execution"}
{"ts":m: 48, s: 32, ml: 443,"t":"info","m":"CHOICE: Execution"}
{"ts":m: 48, s: 32, ml: 459,"t":"info","m":"CHOICE: Execution"}
{"ts":m: 48, s: 32, ml: 476,"t":"info","m":"CHOICE: Execution"}
{"ts":m: 48, s: 32, ml: 492,"t":"info","m":"CHOICE: Execution"}
{"ts":m: 48, s: 32, ml: 509,"t":"info","m":"CHOICE: Execution"}
{"ts":m: 48, s: 32, ml: 526,"t":"info","m":"CHOICE: Execution"}
{"ts":m: 48, s: 32, ml: 542,"t":"info","m":"CHOICE: Execution"}
{"ts":m: 48, s: 32, ml: 559,"t":"info","m":"CHOICE: Execution"}
{"ts":m: 48, s: 32, ml: 576,"t":"info","m":"CHOICE: Execution"}
{"ts":m: 48, s: 32, ml: 593,"t":"info","m":"CHOICE: Execution"}
{"ts":m: 48, s: 32, ml: 609,"t":"info","m":"CHOICE: Execution"}
{"ts":m: 48, s: 32, ml: 626,"t":"info","m":"CHOICE: Execution"}
{"ts":m: 48, s: 32, ml: 642,"t":"info","m":"CHOICE: Execution"}
{"ts":m: 48, s: 32, ml: 659,"t":"info","m":"CHOICE: Execution"}
{"ts":m: 48, s: 32, ml: 676,"t":"info","m":"CHOICE: Execution"}
{"ts":m: 48, s: 32, ml: 692,"t":"info","m":"CHOICE: Execution"}
{"ts":m: 48, s: 32, ml: 709,"t":"info","m":"CHOICE: Execution"}
{"ts":m: 48, s: 32, ml: 726,"t":"info","m":"CHOICE: Execution"}
{"ts":m: 48, s: 32, ml: 743,"t":"info","m":"CHOICE: Execution"}
{"ts":m: 48, s: 32, ml: 759,"t":"info","m":"CHOICE: Execution"}
{"ts":m: 48, s: 32, ml: 776,"t":"info","m":"CHOICE: Execution"}
{"ts":m: 48, s: 32, ml: 792,"t":"info","m":"CHOICE: Execution"}
{"ts":m: 48, s: 32, ml: 809,"t":"info","m":"CHOICE: Execution"}
{"ts":m: 48, s: 32, ml: 826,"t":"info","m":"CHOICE: Execution"}
{"ts":m: 48, s: 32, ml: 843,"t":"info","m":"CHOICE: Execution"}
{"ts":m: 48, s: 32, ml: 859,"t":"info","m":"CHOICE: Execution"}
{"ts":m: 48, s: 32, ml: 876,"t":"info","m":"CHOICE: Execution"}
{"ts":m: 48, s: 32, ml: 892,"t":"info","m":"CHOICE: Execution"}
{"ts":m: 48, s: 32, ml: 909,"t":"info","m":"CHOICE: Execution"}
{"ts":m: 48, s: 32, ml: 927,"t":"info","m":"CHOICE: Execution"}
{"ts":m: 48, s: 32, ml: 943,"t":"info","m":"CHOICE: Execution"}
{"ts":m: 48, s: 32, ml: 959,"t":"info","m":"CHOICE: Execution"}
{"ts":m: 48, s: 32, ml: 976,"t":"info","m":"CHOICE: Execution"}
{"ts":m: 51, s: 24, ml: 846,"t":"info","m":"*[Un]lock"}
{"ts":m: 51, s: 43, ml: 830,"t":"info","m":"CHOICE 2: Unlock"}
{"ts":m: 51, s: 51, ml: 13,"t":"info","m":"CHOICE 3: Bed"}
{"ts":m: 53, s: 1, ml: 481,"t":"info","m":"CHOICE: Ditch"}
{"ts":m: 53, s: 1, ml: 498,"t":"info","m":"CHOICE: Ditch"}
{"ts":m: 53, s: 1, ml: 514,"t":"info","m":"CHOICE: Ditch"}
{"ts":m: 53, s: 1, ml: 531,"t":"info","m":"CHOICE: Ditch"}
{"ts":m: 53, s: 1, ml: 548,"t":"info","m":"CHOICE: Ditch"}
{"ts":m: 53, s: 1, ml: 564,"t":"info","m":"CHOICE: Ditch"}
{"ts":m: 53, s: 1, ml: 581,"t":"info","m":"CHOICE: Ditch"}
{"ts":m: 53, s: 1, ml: 598,"t":"info","m":"CHOICE: Ditch"}
{"ts":m: 53, s: 1, ml: 614,"t":"info","m":"CHOICE: Ditch"}
{"ts":m: 53, s: 1, ml: 631,"t":"info","m":"CHOICE: Ditch"}
{"ts":m: 53, s: 1, ml: 648,"t":"info","m":"CHOICE: Ditch"}
{"ts":m: 53, s: 1, ml: 664,"t":"info","m":"CHOICE: Ditch"}
{"ts":m: 53, s: 1, ml: 681,"t":"info","m":"CHOICE: Ditch"}
{"ts":m: 53, s: 1, ml: 698,"t":"info","m":"CHOICE: Ditch"}
{"ts":m: 53, s: 1, ml: 714,"t":"info","m":"CHOICE: Ditch"}
{"ts":m: 53, s: 1, ml: 731,"t":"info","m":"CHOICE: Ditch"}
{"ts":m: 53, s: 1, ml: 748,"t":"info","m":"CHOICE: Ditch"}
{"ts":m: 53, s: 1, ml: 764,"t":"info","m":"CHOICE: Ditch"}
{"ts":m: 53, s: 1, ml: 781,"t":"info","m":"CHOICE: Ditch"}
{"ts":m: 53, s: 1, ml: 797,"t":"info","m":"CHOICE: Ditch"}
{"ts":m: 53, s: 1, ml: 814,"t":"info","m":"CHOICE: Ditch"}
{"ts":m: 53, s: 1, ml: 831,"t":"info","m":"CHOICE: Ditch"}
{"ts":m: 53, s: 1, ml: 848,"t":"info","m":"CHOICE: Ditch"}
{"ts":m: 53, s: 1, ml: 864,"t":"info","m":"CHOICE: Ditch"}
{"ts":m: 53, s: 1, ml: 881,"t":"info","m":"CHOICE: Ditch"}
{"ts":m: 53, s: 1, ml: 897,"t":"info","m":"CHOICE: Ditch"}
{"ts":m: 53, s: 1, ml: 914,"t":"info","m":"CHOICE: Ditch"}
{"ts":m: 53, s: 1, ml: 931,"t":"info","m":"CHOICE: Ditch"}
{"ts":m: 53, s: 1, ml: 948,"t":"info","m":"CHOICE: Ditch"}
{"ts":m: 53, s: 1, ml: 964,"t":"info","m":"CHOICE: Ditch"}
{"ts":m: 53, s: 1, ml: 981,"t":"info","m":"CHOICE: Ditch"}
{"ts":m: 53, s: 1, ml: 998,"t":"info","m":"CHOICE: Ditch"}
{"ts":m: 53, s: 2, ml: 14,"t":"info","m":"CHOICE: Ditch"}
{"ts":m: 53, s: 2, ml: 31,"t":"info","m":"CHOICE: Ditch"}
{"ts":m: 53, s: 2, ml: 48,"t":"info","m":"CHOICE: Ditch"}
{"ts":m: 53, s: 2, ml: 64,"t":"info","m":"CHOICE: Ditch"}
{"ts":m: 53, s: 2, ml: 81,"t":"info","m":"CHOICE: Ditch"}
{"ts":m: 53, s: 2, ml: 98,"t":"info","m":"CHOICE: Ditch"}
{"ts":m: 53, s: 2, ml: 114,"t":"info","m":"CHOICE: Ditch"}
{"ts":m: 53, s: 2, ml: 131,"t":"info","m":"CHOICE: Ditch"}
{"ts":m: 53, s: 2, ml: 148,"t":"info","m":"CHOICE: Ditch"}
{"ts":m: 53, s: 2, ml: 164,"t":"info","m":"CHOICE: Ditch"}
{"ts":m: 53, s: 2, ml: 181,"t":"info","m":"CHOICE: Ditch"}
{"ts":m: 53, s: 2, ml: 198,"t":"info","m":"CHOICE: Ditch"}
{"ts":m: 53, s: 2, ml: 214,"t":"info","m":"CHOICE: Ditch"}
{"ts":m: 53, s: 2, ml: 231,"t":"info","m":"CHOICE: Ditch"}
{"ts":m: 53, s: 2, ml: 248,"t":"info","m":"CHOICE: Ditch"}
{"ts":m: 53, s: 2, ml: 264,"t":"info","m":"CHOICE: Ditch"}
{"ts":m: 53, s: 2, ml: 281,"t":"info","m":"CHOICE: Ditch"}
{"ts":m: 53, s: 2, ml: 298,"t":"info","m":"CHOICE: Ditch"}
{"ts":m: 53, s: 2, ml: 314,"t":"info","m":"CHOICE: Ditch"}
{"ts":m: 53, s: 2, ml: 331,"t":"info","m":"CHOICE: Ditch"}
{"ts":m: 53, s: 2, ml: 348,"t":"info","m":"CHOICE: Ditch"}
{"ts":m: 53, s: 2, ml: 364,"t":"info","m":"CHOICE: Ditch"}
{"ts":m: 53, s: 2, ml: 381,"t":"info","m":"CHOICE: Ditch"}
{"ts":m: 53, s: 2, ml: 398,"t":"info","m":"CHOICE: Ditch"}
{"ts":m: 53, s: 2, ml: 414,"t":"info","m":"CHOICE: Ditch"}
{"ts":m: 53, s: 2, ml: 431,"t":"info","m":"CHOICE: Ditch"}
{"ts":m: 53, s: 2, ml: 448,"t":"info","m":"CHOICE: Ditch"}
{"ts":m: 53, s: 2, ml: 464,"t":"info","m":"CHOICE: Ditch"}
{"ts":m: 53, s: 2, ml: 481,"t":"info","m":"CHOICE: Ditch"}
{"ts":m: 53, s: 2, ml: 498,"t":"info","m":"CHOICE: Ditch"}
{"ts":m: 53, s: 2, ml: 514,"t":"info","m":"CHOICE: Ditch"}
{"ts":m: 53, s: 2, ml: 531,"t":"info","m":"CHOICE: Ditch"}
{"ts":m: 53, s: 2, ml: 547,"t":"info","m":"CHOICE: Ditch"}
{"ts":m: 53, s: 2, ml: 564,"t":"info","m":"CHOICE: Ditch"}
{"ts":m: 53, s: 2, ml: 581,"t":"info","m":"CHOICE: Ditch"}
{"ts":m: 53, s: 2, ml: 597,"t":"info","m":"CHOICE: Ditch"}
{"ts":m: 53, s: 2, ml: 614,"t":"info","m":"CHOICE: Ditch"}
{"ts":m: 53, s: 2, ml: 631,"t":"info","m":"CHOICE: Ditch"}
{"ts":m: 53, s: 2, ml: 648,"t":"info","m":"CHOICE: Ditch"}
{"ts":m: 53, s: 2, ml: 664,"t":"info","m":"CHOICE: Ditch"}
{"ts":m: 53, s: 2, ml: 681,"t":"info","m":"CHOICE: Ditch"}
{"ts":m: 53, s: 2, ml: 698,"t":"info","m":"CHOICE: Ditch"}
{"ts":m: 53, s: 2, ml: 714,"t":"info","m":"CHOICE: Ditch"}
{"ts":m: 53, s: 2, ml: 731,"t":"info","m":"CHOICE: Ditch"}
{"ts":m: 53, s: 2, ml: 748,"t":"info","m":"CHOICE: Ditch"}
{"ts":m: 53, s: 2, ml: 764,"t":"info","m":"CHOICE: Ditch"}
{"ts":m: 53, s: 2, ml: 781,"t":"info","m":"CHOICE: Ditch"}
{"ts":m: 53, s: 2, ml: 798,"t":"info","m":"CHOICE: Ditch"}
{"ts":m: 53, s: 2, ml: 814,"t":"info","m":"CHOICE: Ditch"}
{"ts":m: 53, s: 2, ml: 831,"t":"info","m":"CHOICE: Ditch"}
{"ts":m: 53, s: 2, ml: 848,"t":"info","m":"CHOICE: Ditch"}
{"ts":m: 53, s: 2, ml: 864,"t":"info","m":"CHOICE: Ditch"}
{"ts":m: 53, s: 2, ml: 881,"t":"info","m":"CHOICE: Ditch"}
{"ts":m: 53, s: 2, ml: 898,"t":"info","m":"CHOICE: Ditch"}
{"ts":m: 53, s: 2, ml: 914,"t":"info","m":"CHOICE: Ditch"}
{"ts":m: 53, s: 2, ml: 931,"t":"info","m":"CHOICE: Ditch"}
{"ts":m: 53, s: 2, ml: 948,"t":"info","m":"CHOICE: Ditch"}
{"ts":m: 53, s: 2, ml: 964,"t":"info","m":"CHOICE: Ditch"}
{"ts":m: 53, s: 2, ml: 981,"t":"info","m":"CHOICE: Ditch"}
{"ts":m: 53, s: 2, ml: 998,"t":"info","m":"CHOICE: Ditch"}
{"ts":m: 53, s: 3, ml: 14,"t":"info","m":"CHOICE: Ditch"}
{"ts":m: 53, s: 3, ml: 31,"t":"info","m":"CHOICE: Ditch"}
{"ts":m: 53, s: 3, ml: 48,"t":"info","m":"CHOICE: Ditch"}
{"ts":m: 53, s: 3, ml: 64,"t":"info","m":"CHOICE: Ditch"}
{"ts":m: 53, s: 3, ml: 81,"t":"info","m":"CHOICE: Ditch"}
{"ts":m: 53, s: 3, ml: 98,"t":"info","m":"CHOICE: Ditch"}
{"ts":m: 53, s: 3, ml: 114,"t":"info","m":"CHOICE: Ditch"}
{"ts":m: 53, s: 3, ml: 131,"t":"info","m":"CHOICE: Ditch"}
{"ts":m: 53, s: 3, ml: 148,"t":"info","m":"CHOICE: Ditch"}
{"ts":m: 53, s: 3, ml: 164,"t":"info","m":"CHOICE: Ditch"}
{"ts":m: 53, s: 3, ml: 181,"t":"info","m":"CHOICE: Ditch"}
{"ts":m: 53, s: 3, ml: 198,"t":"info","m":"CHOICE: Ditch"}
{"ts":m: 53, s: 3, ml: 214,"t":"info","m":"CHOICE: Ditch"}
{"ts":m: 53, s: 3, ml: 231,"t":"info","m":"CHOICE: Ditch"}
{"ts":m: 53, s: 3, ml: 248,"t":"info","m":"CHOICE: Ditch"}
{"ts":m: 53, s: 3, ml: 264,"t":"info","m":"CHOICE: Ditch"}
{"ts":m: 53, s: 3, ml: 281,"t":"info","m":"CHOICE: Ditch"}
{"ts":m: 53, s: 3, ml: 298,"t":"info","m":"CHOICE: Ditch"}
{"ts":m: 53, s: 3, ml: 314,"t":"info","m":"CHOICE: Ditch"}
{"ts":m: 53, s: 3, ml: 331,"t":"info","m":"CHOICE: Ditch"}
{"ts":m: 53, s: 3, ml: 348,"t":"info","m":"CHOICE: Ditch"}
{"ts":m: 53, s: 3, ml: 365,"t":"info","m":"CHOICE: Ditch"}
{"ts":m: 53, s: 3, ml: 381,"t":"info","m":"CHOICE: Ditch"}
{"ts":m: 53, s: 3, ml: 398,"t":"info","m":"CHOICE: Ditch"}
{"ts":m: 53, s: 3, ml: 415,"t":"info","m":"CHOICE: Ditch"}
{"ts":m: 53, s: 3, ml: 431,"t":"info","m":"CHOICE: Ditch"}
{"ts":m: 53, s: 3, ml: 448,"t":"info","m":"CHOICE: Ditch"}
{"ts":m: 53, s: 3, ml: 464,"t":"info","m":"CHOICE: Ditch"}
{"ts":m: 53, s: 3, ml: 481,"t":"info","m":"CHOICE: Ditch"}
{"ts":m: 53, s: 3, ml: 498,"t":"info","m":"CHOICE: Ditch"}
{"ts":m: 54, s: 5, ml: 132,"t":"info","m":"CHOICE: Leave Ditch"}
{"ts":m: 55, s: 35, ml: 201,"t":"info","m":"CHOICE: Run Alone"}
{"ts":m: 56, s: 9, ml: 334,"t":"info","m":"End Time"}
{"ts":m: 58, s: 22, ml: 586,"t":"info","m":"Stopped"}
