{"ts":m: 0, s: 18, ml: 88,"t":"info","m":"Started"}
{"ts":m: 0, s: 18, ml: 97,"t":"info","m":"Start Time"}
{"ts":m: 2, s: 6, ml: 472,"t":"info","m":"CHOICE 2: Guard Stairs (Lock)"}
{"ts":m: 2, s: 7, ml: 488,"t":"info","m":"End Act 0"}
{"ts":m: 4, s: 12, ml: 626,"t":"info","m":"End Act 1"}
{"ts":m: 4, s: 12, ml: 626,"t":"info","m":"CHOICE 1: Leave"}
{"ts":m: 4, s: 12, ml: 626,"t":"info","m":"End Act 1"}
{"ts":m: 4, s: 12, ml: 626,"t":"info","m":"CHOICE 1: Leave"}
{"ts":m: 4, s: 14, ml: 209,"t":"info","m":"End Act 1"}
{"ts":m: 4, s: 14, ml: 209,"t":"info","m":"CHOICE 1: Leave"}
{"ts":m: 4, s: 14, ml: 209,"t":"info","m":"End Act 1"}
{"ts":m: 4, s: 14, ml: 209,"t":"info","m":"CHOICE 1: Leave"}
{"ts":m: 4, s: 15, ml: 286,"t":"info","m":"End Time"}
{"ts":m: 4, s: 51, ml: 994,"t":"info","m":"*[Un]lock"}
{"ts":m: 4, s: 54, ml: 927,"t":"info","m":"*Lock"}
{"ts":m: 4, s: 57, ml: 911,"t":"info","m":"*[Un]lock"}
{"ts":m: 5, s: 5, ml: 863,"t":"info","m":"*Lock"}
{"ts":m: 5, s: 8, ml: 178,"t":"info","m":"*[Un]lock"}
{"ts":m: 5, s: 26, ml: 429,"t":"info","m":"CHOICE 2: Unlock"}
{"ts":m: 6, s: 13, ml: 314,"t":"info","m":"CHOICE 3: Prisoner Stairs"}
{"ts":m: 6, s: 16, ml: 564,"t":"info","m":"CHOICE 3: Prisoner Stairs"}
{"ts":m: 10, s: 2, ml: 656,"t":"info","m":"CHOICE: Prisoner Bomb"}
{"ts":m: 10, s: 5, ml: 439,"t":"info","m":"CHOICE: Prisoner Bomb"}
{"ts":m: 10, s: 31, ml: 541,"t":"info","m":"CHOICE: Execution"}
{"ts":m: 10, s: 31, ml: 557,"t":"info","m":"CHOICE: Execution"}
{"ts":m: 10, s: 31, ml: 574,"t":"info","m":"CHOICE: Execution"}
{"ts":m: 10, s: 31, ml: 591,"t":"info","m":"CHOICE: Execution"}
{"ts":m: 10, s: 31, ml: 607,"t":"info","m":"CHOICE: Execution"}
{"ts":m: 10, s: 31, ml: 624,"t":"info","m":"CHOICE: Execution"}
{"ts":m: 10, s: 31, ml: 641,"t":"info","m":"CHOICE: Execution"}
{"ts":m: 10, s: 31, ml: 657,"t":"info","m":"CHOICE: Execution"}
{"ts":m: 10, s: 31, ml: 674,"t":"info","m":"CHOICE: Execution"}
{"ts":m: 10, s: 31, ml: 691,"t":"info","m":"CHOICE: Execution"}
{"ts":m: 10, s: 31, ml: 706,"t":"info","m":"CHOICE: Execution"}
{"ts":m: 10, s: 31, ml: 724,"t":"info","m":"CHOICE: Execution"}
{"ts":m: 10, s: 31, ml: 740,"t":"info","m":"CHOICE: Execution"}
{"ts":m: 10, s: 31, ml: 756,"t":"info","m":"CHOICE: Execution"}
{"ts":m: 10, s: 31, ml: 773,"t":"info","m":"CHOICE: Execution"}
{"ts":m: 10, s: 31, ml: 789,"t":"info","m":"CHOICE: Execution"}
{"ts":m: 10, s: 31, ml: 807,"t":"info","m":"CHOICE: Execution"}
{"ts":m: 10, s: 31, ml: 824,"t":"info","m":"CHOICE: Execution"}
{"ts":m: 10, s: 31, ml: 841,"t":"info","m":"CHOICE: Execution"}
{"ts":m: 10, s: 31, ml: 857,"t":"info","m":"CHOICE: Execution"}
{"ts":m: 10, s: 31, ml: 874,"t":"info","m":"CHOICE: Execution"}
{"ts":m: 10, s: 31, ml: 891,"t":"info","m":"CHOICE: Execution"}
{"ts":m: 10, s: 31, ml: 907,"t":"info","m":"CHOICE: Execution"}
{"ts":m: 10, s: 31, ml: 924,"t":"info","m":"CHOICE: Execution"}
{"ts":m: 10, s: 31, ml: 941,"t":"info","m":"CHOICE: Execution"}
{"ts":m: 10, s: 31, ml: 957,"t":"info","m":"CHOICE: Execution"}
{"ts":m: 10, s: 31, ml: 974,"t":"info","m":"CHOICE: Execution"}
{"ts":m: 10, s: 31, ml: 991,"t":"info","m":"CHOICE: Execution"}
{"ts":m: 10, s: 32, ml: 7,"t":"info","m":"CHOICE: Execution"}
{"ts":m: 10, s: 32, ml: 24,"t":"info","m":"CHOICE: Execution"}
{"ts":m: 10, s: 32, ml: 41,"t":"info","m":"CHOICE: Execution"}
{"ts":m: 10, s: 32, ml: 58,"t":"info","m":"CHOICE: Execution"}
{"ts":m: 10, s: 32, ml: 73,"t":"info","m":"CHOICE: Execution"}
{"ts":m: 10, s: 32, ml: 91,"t":"info","m":"CHOICE: Execution"}
{"ts":m: 10, s: 32, ml: 106,"t":"info","m":"CHOICE: Execution"}
{"ts":m: 10, s: 32, ml: 124,"t":"info","m":"CHOICE: Execution"}
{"ts":m: 10, s: 32, ml: 141,"t":"info","m":"CHOICE: Execution"}
{"ts":m: 10, s: 32, ml: 157,"t":"info","m":"CHOICE: Execution"}
{"ts":m: 10, s: 32, ml: 174,"t":"info","m":"CHOICE: Execution"}
{"ts":m: 10, s: 32, ml: 191,"t":"info","m":"CHOICE: Execution"}
{"ts":m: 10, s: 32, ml: 207,"t":"info","m":"CHOICE: Execution"}
{"ts":m: 10, s: 32, ml: 224,"t":"info","m":"CHOICE: Execution"}
{"ts":m: 10, s: 32, ml: 241,"t":"info","m":"CHOICE: Execution"}
{"ts":m: 10, s: 32, ml: 257,"t":"info","m":"CHOICE: Execution"}
{"ts":m: 10, s: 32, ml: 274,"t":"info","m":"CHOICE: Execution"}
{"ts":m: 10, s: 32, ml: 290,"t":"info","m":"CHOICE: Execution"}
{"ts":m: 10, s: 32, ml: 307,"t":"info","m":"CHOICE: Execution"}
{"ts":m: 10, s: 32, ml: 324,"t":"info","m":"CHOICE: Execution"}
{"ts":m: 10, s: 32, ml: 341,"t":"info","m":"CHOICE: Execution"}
{"ts":m: 10, s: 32, ml: 357,"t":"info","m":"CHOICE: Execution"}
{"ts":m: 10, s: 32, ml: 374,"t":"info","m":"CHOICE: Execution"}
{"ts":m: 10, s: 32, ml: 389,"t":"info","m":"CHOICE: Execution"}
{"ts":m: 10, s: 32, ml: 408,"t":"info","m":"CHOICE: Execution"}
{"ts":m: 10, s: 32, ml: 424,"t":"info","m":"CHOICE: Execution"}
{"ts":m: 10, s: 32, ml: 441,"t":"info","m":"CHOICE: Execution"}
{"ts":m: 10, s: 32, ml: 457,"t":"info","m":"CHOICE: Execution"}
{"ts":m: 10, s: 32, ml: 473,"t":"info","m":"CHOICE: Execution"}
{"ts":m: 10, s: 32, ml: 491,"t":"info","m":"CHOICE: Execution"}
{"ts":m: 10, s: 32, ml: 506,"t":"info","m":"CHOICE: Execution"}
{"ts":m: 10, s: 32, ml: 525,"t":"info","m":"CHOICE: Execution"}
{"ts":m: 10, s: 32, ml: 541,"t":"info","m":"CHOICE: Execution"}
{"ts":m: 10, s: 32, ml: 557,"t":"info","m":"CHOICE: Execution"}
{"ts":m: 10, s: 32, ml: 573,"t":"info","m":"CHOICE: Execution"}
{"ts":m: 10, s: 32, ml: 591,"t":"info","m":"CHOICE: Execution"}
{"ts":m: 10, s: 32, ml: 607,"t":"info","m":"CHOICE: Execution"}
{"ts":m: 10, s: 32, ml: 624,"t":"info","m":"CHOICE: Execution"}
{"ts":m: 10, s: 32, ml: 641,"t":"info","m":"CHOICE: Execution"}
{"ts":m: 10, s: 32, ml: 656,"t":"info","m":"CHOICE: Execution"}
{"ts":m: 10, s: 32, ml: 674,"t":"info","m":"CHOICE: Execution"}
{"ts":m: 10, s: 32, ml: 689,"t":"info","m":"CHOICE: Execution"}
{"ts":m: 10, s: 32, ml: 707,"t":"info","m":"CHOICE: Execution"}
{"ts":m: 10, s: 32, ml: 724,"t":"info","m":"CHOICE: Execution"}
{"ts":m: 10, s: 32, ml: 740,"t":"info","m":"CHOICE: Execution"}
{"ts":m: 10, s: 32, ml: 756,"t":"info","m":"CHOICE: Execution"}
{"ts":m: 10, s: 32, ml: 773,"t":"info","m":"CHOICE: Execution"}
{"ts":m: 10, s: 32, ml: 790,"t":"info","m":"CHOICE: Execution"}
{"ts":m: 10, s: 32, ml: 807,"t":"info","m":"CHOICE: Execution"}
{"ts":m: 10, s: 32, ml: 824,"t":"info","m":"CHOICE: Execution"}
{"ts":m: 10, s: 32, ml: 840,"t":"info","m":"CHOICE: Execution"}
{"ts":m: 10, s: 32, ml: 857,"t":"info","m":"CHOICE: Execution"}
{"ts":m: 10, s: 32, ml: 874,"t":"info","m":"CHOICE: Execution"}
{"ts":m: 10, s: 32, ml: 890,"t":"info","m":"CHOICE: Execution"}
{"ts":m: 10, s: 32, ml: 907,"t":"info","m":"CHOICE: Execution"}
{"ts":m: 10, s: 32, ml: 923,"t":"info","m":"CHOICE: Execution"}
{"ts":m: 10, s: 32, ml: 941,"t":"info","m":"CHOICE: Execution"}
{"ts":m: 10, s: 32, ml: 957,"t":"info","m":"CHOICE: Execution"}
{"ts":m: 10, s: 32, ml: 973,"t":"info","m":"CHOICE: Execution"}
{"ts":m: 10, s: 32, ml: 991,"t":"info","m":"CHOICE: Execution"}
{"ts":m: 10, s: 33, ml: 7,"t":"info","m":"CHOICE: Execution"}
{"ts":m: 10, s: 33, ml: 24,"t":"info","m":"CHOICE: Execution"}
{"ts":m: 10, s: 33, ml: 39,"t":"info","m":"CHOICE: Execution"}
{"ts":m: 10, s: 33, ml: 61,"t":"info","m":"CHOICE: Execution"}
{"ts":m: 10, s: 33, ml: 73,"t":"info","m":"CHOICE: Execution"}
{"ts":m: 10, s: 33, ml: 91,"t":"info","m":"CHOICE: Execution"}
{"ts":m: 10, s: 33, ml: 106,"t":"info","m":"CHOICE: Execution"}
{"ts":m: 10, s: 33, ml: 124,"t":"info","m":"CHOICE: Execution"}
{"ts":m: 10, s: 33, ml: 140,"t":"info","m":"CHOICE: Execution"}
{"ts":m: 10, s: 33, ml: 157,"t":"info","m":"CHOICE: Execution"}
{"ts":m: 10, s: 33, ml: 175,"t":"info","m":"CHOICE: Execution"}
{"ts":m: 10, s: 33, ml: 192,"t":"info","m":"CHOICE: Execution"}
{"ts":m: 10, s: 33, ml: 207,"t":"info","m":"CHOICE: Execution"}
{"ts":m: 10, s: 33, ml: 223,"t":"info","m":"CHOICE: Execution"}
{"ts":m: 10, s: 33, ml: 240,"t":"info","m":"CHOICE: Execution"}
{"ts":m: 10, s: 33, ml: 258,"t":"info","m":"CHOICE: Execution"}
{"ts":m: 10, s: 33, ml: 274,"t":"info","m":"CHOICE: Execution"}
{"ts":m: 10, s: 33, ml: 291,"t":"info","m":"CHOICE: Execution"}
{"ts":m: 10, s: 33, ml: 307,"t":"info","m":"CHOICE: Execution"}
{"ts":m: 10, s: 33, ml: 323,"t":"info","m":"CHOICE: Execution"}
{"ts":m: 10, s: 33, ml: 340,"t":"info","m":"CHOICE: Execution"}
{"ts":m: 10, s: 33, ml: 356,"t":"info","m":"CHOICE: Execution"}
{"ts":m: 10, s: 33, ml: 373,"t":"info","m":"CHOICE: Execution"}
{"ts":m: 10, s: 33, ml: 391,"t":"info","m":"CHOICE: Execution"}
{"ts":m: 10, s: 33, ml: 406,"t":"info","m":"CHOICE: Execution"}
{"ts":m: 10, s: 33, ml: 423,"t":"info","m":"CHOICE: Execution"}
{"ts":m: 10, s: 33, ml: 440,"t":"info","m":"CHOICE: Execution"}
{"ts":m: 10, s: 33, ml: 457,"t":"info","m":"CHOICE: Execution"}
{"ts":m: 10, s: 33, ml: 474,"t":"info","m":"CHOICE: Execution"}
{"ts":m: 10, s: 33, ml: 491,"t":"info","m":"CHOICE: Execution"}
{"ts":m: 10, s: 33, ml: 507,"t":"info","m":"CHOICE: Execution"}
{"ts":m: 10, s: 33, ml: 525,"t":"info","m":"CHOICE: Execution"}
{"ts":m: 10, s: 33, ml: 540,"t":"info","m":"CHOICE: Execution"}
{"ts":m: 10, s: 33, ml: 557,"t":"info","m":"CHOICE: Execution"}
{"ts":m: 17, s: 39, ml: 954,"t":"info","m":"Stopped"}
